<?xml version="1.0"?>
<!DOCTYPE coverage SYSTEM "http://cobertura.sourceforge.net/xml/coverage-04.dtd">

<coverage line-rate="0.8078330105444372" branch-rate="0.7192771084337349" lines-covered="3754" lines-valid="4647" branches-covered="1194" branches-valid="1660" complexity="1.9844606946983547" version="2.1.1" timestamp="1529465913181">
	<sources>
		<source>--source</source>
		<source>/home/travis/build/jericks/wkg/src/main/java</source>
		<source>/home/travis/build/jericks/wkg/target/generated-sources/antlr4</source>
		<source>/home/travis/build/jericks/wkg/target/generated-sources/annotations</source>
	</sources>
	<packages>
		<package name="org.cugos.wkg" line-rate="0.9038112522686026" branch-rate="0.8157894736842105" complexity="2.593220338983051">
			<classes>
				<class name="org.cugos.wkg.AbstractGeometryCollection" filename="org/cugos/wkg/AbstractGeometryCollection.java" line-rate="1.0" branch-rate="1.0" complexity="1.4">
					<methods>
						<method name="&lt;init&gt;" signature="(Ljava/util/List;Lorg/cugos/wkg/Dimension;Ljava/lang/String;)V" line-rate="1.0" branch-rate="1.0" complexity="0">
							<lines>
								<line number="25" hits="246" branch="false"/>
								<line number="26" hits="246" branch="false"/>
								<line number="27" hits="246" branch="false"/>
							</lines>
						</method>
						<method name="getCoordinates" signature="()Ljava/util/List;" line-rate="1.0" branch-rate="1.0" complexity="0">
							<lines>
								<line number="50" hits="17" branch="false"/>
								<line number="51" hits="17" branch="true" condition-coverage="100% (2/2)">
									<conditions>
										<condition number="0" type="jump" coverage="100%"/>
									</conditions>
								</line>
								<line number="52" hits="30" branch="false"/>
								<line number="53" hits="30" branch="false"/>
								<line number="54" hits="17" branch="false"/>
							</lines>
						</method>
						<method name="getNumberOfCoordinates" signature="()I" line-rate="1.0" branch-rate="1.0" complexity="0">
							<lines>
								<line number="41" hits="18" branch="false"/>
								<line number="42" hits="18" branch="true" condition-coverage="100% (2/2)">
									<conditions>
										<condition number="0" type="jump" coverage="100%"/>
									</conditions>
								</line>
								<line number="43" hits="41" branch="false"/>
								<line number="44" hits="41" branch="false"/>
								<line number="45" hits="18" branch="false"/>
							</lines>
						</method>
						<method name="isEmpty" signature="()Z" line-rate="1.0" branch-rate="1.0" complexity="0">
							<lines>
								<line number="31" hits="181" branch="false"/>
							</lines>
						</method>
						<method name="toString" signature="()Ljava/lang/String;" line-rate="1.0" branch-rate="1.0" complexity="0">
							<lines>
								<line number="36" hits="145" branch="false"/>
							</lines>
						</method>
					</methods>
					<lines>
						<line number="25" hits="246" branch="false"/>
						<line number="26" hits="246" branch="false"/>
						<line number="27" hits="246" branch="false"/>
						<line number="31" hits="181" branch="false"/>
						<line number="36" hits="145" branch="false"/>
						<line number="41" hits="18" branch="false"/>
						<line number="42" hits="18" branch="true" condition-coverage="100% (2/2)">
							<conditions>
								<condition number="0" type="jump" coverage="100%"/>
							</conditions>
						</line>
						<line number="43" hits="41" branch="false"/>
						<line number="44" hits="41" branch="false"/>
						<line number="45" hits="18" branch="false"/>
						<line number="50" hits="17" branch="false"/>
						<line number="51" hits="17" branch="true" condition-coverage="100% (2/2)">
							<conditions>
								<condition number="0" type="jump" coverage="100%"/>
							</conditions>
						</line>
						<line number="52" hits="30" branch="false"/>
						<line number="53" hits="30" branch="false"/>
						<line number="54" hits="17" branch="false"/>
					</lines>
				</class>
				<class name="org.cugos.wkg.CircularString" filename="org/cugos/wkg/CircularString.java" line-rate="1.0" branch-rate="1.0" complexity="1.0">
					<methods>
						<method name="&lt;init&gt;" signature="(Ljava/util/List;Lorg/cugos/wkg/Dimension;)V" line-rate="1.0" branch-rate="1.0" complexity="0">
							<lines>
								<line number="35" hits="5" branch="false"/>
								<line number="36" hits="5" branch="false"/>
							</lines>
						</method>
						<method name="&lt;init&gt;" signature="(Ljava/util/List;Lorg/cugos/wkg/Dimension;Ljava/lang/String;)V" line-rate="1.0" branch-rate="1.0" complexity="0">
							<lines>
								<line number="25" hits="133" branch="false"/>
								<line number="26" hits="133" branch="false"/>
								<line number="27" hits="133" branch="false"/>
							</lines>
						</method>
						<method name="createEmpty" signature="()Lorg/cugos/wkg/CircularString;" line-rate="1.0" branch-rate="1.0" complexity="0">
							<lines>
								<line number="62" hits="2" branch="false"/>
							</lines>
						</method>
						<method name="getCoordinates" signature="()Ljava/util/List;" line-rate="1.0" branch-rate="1.0" complexity="0">
							<lines>
								<line number="44" hits="308" branch="false"/>
							</lines>
						</method>
						<method name="getNumberOfCoordinates" signature="()I" line-rate="1.0" branch-rate="1.0" complexity="0">
							<lines>
								<line number="54" hits="54" branch="false"/>
							</lines>
						</method>
						<method name="isEmpty" signature="()Z" line-rate="1.0" branch-rate="1.0" complexity="0">
							<lines>
								<line number="49" hits="161" branch="false"/>
							</lines>
						</method>
					</methods>
					<lines>
						<line number="25" hits="133" branch="false"/>
						<line number="26" hits="133" branch="false"/>
						<line number="27" hits="133" branch="false"/>
						<line number="35" hits="5" branch="false"/>
						<line number="36" hits="5" branch="false"/>
						<line number="44" hits="308" branch="false"/>
						<line number="49" hits="161" branch="false"/>
						<line number="54" hits="54" branch="false"/>
						<line number="62" hits="2" branch="false"/>
					</lines>
				</class>
				<class name="org.cugos.wkg.CompoundCurve" filename="org/cugos/wkg/CompoundCurve.java" line-rate="1.0" branch-rate="1.0" complexity="1.2857142857142858">
					<methods>
						<method name="&lt;init&gt;" signature="(Ljava/util/List;Lorg/cugos/wkg/Dimension;)V" line-rate="1.0" branch-rate="1.0" complexity="0">
							<lines>
								<line number="24" hits="1" branch="false"/>
								<line number="25" hits="1" branch="false"/>
							</lines>
						</method>
						<method name="&lt;init&gt;" signature="(Ljava/util/List;Lorg/cugos/wkg/Dimension;Ljava/lang/String;)V" line-rate="1.0" branch-rate="1.0" complexity="0">
							<lines>
								<line number="34" hits="31" branch="false"/>
								<line number="35" hits="31" branch="false"/>
								<line number="36" hits="31" branch="false"/>
							</lines>
						</method>
						<method name="createEmpty" signature="()Lorg/cugos/wkg/CompoundCurve;" line-rate="1.0" branch-rate="1.0" complexity="0">
							<lines>
								<line number="74" hits="2" branch="false"/>
							</lines>
						</method>
						<method name="getCoordinates" signature="()Ljava/util/List;" line-rate="1.0" branch-rate="1.0" complexity="0">
							<lines>
								<line number="62" hits="1" branch="false"/>
								<line number="63" hits="1" branch="true" condition-coverage="100% (2/2)">
									<conditions>
										<condition number="0" type="jump" coverage="100%"/>
									</conditions>
								</line>
								<line number="64" hits="2" branch="false"/>
								<line number="65" hits="2" branch="false"/>
								<line number="66" hits="1" branch="false"/>
							</lines>
						</method>
						<method name="getCurves" signature="()Ljava/util/List;" line-rate="1.0" branch-rate="1.0" complexity="0">
							<lines>
								<line number="43" hits="123" branch="false"/>
							</lines>
						</method>
						<method name="getNumberOfCoordinates" signature="()I" line-rate="1.0" branch-rate="1.0" complexity="0">
							<lines>
								<line number="53" hits="2" branch="false"/>
								<line number="54" hits="2" branch="true" condition-coverage="100% (2/2)">
									<conditions>
										<condition number="0" type="jump" coverage="100%"/>
									</conditions>
								</line>
								<line number="55" hits="4" branch="false"/>
								<line number="56" hits="4" branch="false"/>
								<line number="57" hits="2" branch="false"/>
							</lines>
						</method>
						<method name="isEmpty" signature="()Z" line-rate="1.0" branch-rate="1.0" complexity="0">
							<lines>
								<line number="48" hits="14" branch="false"/>
							</lines>
						</method>
					</methods>
					<lines>
						<line number="24" hits="1" branch="false"/>
						<line number="25" hits="1" branch="false"/>
						<line number="34" hits="31" branch="false"/>
						<line number="35" hits="31" branch="false"/>
						<line number="36" hits="31" branch="false"/>
						<line number="43" hits="123" branch="false"/>
						<line number="48" hits="14" branch="false"/>
						<line number="53" hits="2" branch="false"/>
						<line number="54" hits="2" branch="true" condition-coverage="100% (2/2)">
							<conditions>
								<condition number="0" type="jump" coverage="100%"/>
							</conditions>
						</line>
						<line number="55" hits="4" branch="false"/>
						<line number="56" hits="4" branch="false"/>
						<line number="57" hits="2" branch="false"/>
						<line number="62" hits="1" branch="false"/>
						<line number="63" hits="1" branch="true" condition-coverage="100% (2/2)">
							<conditions>
								<condition number="0" type="jump" coverage="100%"/>
							</conditions>
						</line>
						<line number="64" hits="2" branch="false"/>
						<line number="65" hits="2" branch="false"/>
						<line number="66" hits="1" branch="false"/>
						<line number="74" hits="2" branch="false"/>
					</lines>
				</class>
				<class name="org.cugos.wkg.Coordinate" filename="org/cugos/wkg/Coordinate.java" line-rate="1.0" branch-rate="0.8" complexity="2.772727272727273">
					<methods>
						<method name="&lt;init&gt;" signature="(DD)V" line-rate="1.0" branch-rate="1.0" complexity="0">
							<lines>
								<line number="49" hits="23" branch="false"/>
								<line number="50" hits="23" branch="false"/>
							</lines>
						</method>
						<method name="&lt;init&gt;" signature="(DDDD)V" line-rate="1.0" branch-rate="1.0" complexity="0">
							<lines>
								<line number="36" hits="6268" branch="false"/>
								<line number="37" hits="6268" branch="false"/>
								<line number="38" hits="6268" branch="false"/>
								<line number="39" hits="6268" branch="false"/>
								<line number="40" hits="6268" branch="false"/>
								<line number="41" hits="6268" branch="false"/>
							</lines>
						</method>
						<method name="create2D" signature="(DD)Lorg/cugos/wkg/Coordinate;" line-rate="1.0" branch-rate="1.0" complexity="0">
							<lines>
								<line number="67" hits="2538" branch="false"/>
							</lines>
						</method>
						<method name="create2DM" signature="(DDD)Lorg/cugos/wkg/Coordinate;" line-rate="1.0" branch-rate="1.0" complexity="0">
							<lines>
								<line number="89" hits="411" branch="false"/>
							</lines>
						</method>
						<method name="create3D" signature="(DDD)Lorg/cugos/wkg/Coordinate;" line-rate="1.0" branch-rate="1.0" complexity="0">
							<lines>
								<line number="78" hits="435" branch="false"/>
							</lines>
						</method>
						<method name="create3DM" signature="(DDDD)Lorg/cugos/wkg/Coordinate;" line-rate="1.0" branch-rate="1.0" complexity="0">
							<lines>
								<line number="101" hits="560" branch="false"/>
							</lines>
						</method>
						<method name="createEmpty" signature="()Lorg/cugos/wkg/Coordinate;" line-rate="1.0" branch-rate="1.0" complexity="0">
							<lines>
								<line number="57" hits="9" branch="false"/>
							</lines>
						</method>
						<method name="equals" signature="(Ljava/lang/Object;)Z" line-rate="1.0" branch-rate="0.6428571428571429" complexity="0">
							<lines>
								<line number="162" hits="511" branch="true" condition-coverage="50% (1/2)">
									<conditions>
										<condition number="0" type="jump" coverage="50%"/>
									</conditions>
								</line>
								<line number="163" hits="511" branch="true" condition-coverage="50% (2/4)">
									<conditions>
										<condition number="0" type="jump" coverage="50%"/>
										<condition number="1" type="jump" coverage="50%"/>
									</conditions>
								</line>
								<line number="165" hits="511" branch="false"/>
								<line number="167" hits="511" branch="true" condition-coverage="100% (2/2)">
									<conditions>
										<condition number="0" type="jump" coverage="100%"/>
									</conditions>
								</line>
								<line number="168" hits="509" branch="true" condition-coverage="100% (2/2)">
									<conditions>
										<condition number="0" type="jump" coverage="100%"/>
									</conditions>
								</line>
								<line number="169" hits="506" branch="true" condition-coverage="50% (1/2)">
									<conditions>
										<condition number="0" type="jump" coverage="50%"/>
									</conditions>
								</line>
								<line number="170" hits="506" branch="true" condition-coverage="50% (1/2)">
									<conditions>
										<condition number="0" type="jump" coverage="50%"/>
									</conditions>
								</line>
								<line number="172" hits="506" branch="false"/>
							</lines>
						</method>
						<method name="getDimension" signature="()Lorg/cugos/wkg/Dimension;" line-rate="1.0" branch-rate="1.0" complexity="0">
							<lines>
								<line number="141" hits="15621" branch="true" condition-coverage="100% (4/4)">
									<conditions>
										<condition number="0" type="jump" coverage="100%"/>
										<condition number="1" type="jump" coverage="100%"/>
									</conditions>
								</line>
								<line number="142" hits="1812" branch="false"/>
								<line number="143" hits="13809" branch="true" condition-coverage="100% (2/2)">
									<conditions>
										<condition number="0" type="jump" coverage="100%"/>
									</conditions>
								</line>
								<line number="144" hits="1259" branch="false"/>
								<line number="145" hits="12550" branch="true" condition-coverage="100% (2/2)">
									<conditions>
										<condition number="0" type="jump" coverage="100%"/>
									</conditions>
								</line>
								<line number="146" hits="721" branch="false"/>
								<line number="148" hits="11829" branch="false"/>
							</lines>
						</method>
						<method name="getM" signature="()D" line-rate="1.0" branch-rate="1.0" complexity="0">
							<lines>
								<line number="133" hits="3894" branch="false"/>
							</lines>
						</method>
						<method name="getX" signature="()D" line-rate="1.0" branch-rate="1.0" complexity="0">
							<lines>
								<line number="109" hits="9827" branch="false"/>
							</lines>
						</method>
						<method name="getY" signature="()D" line-rate="1.0" branch-rate="1.0" complexity="0">
							<lines>
								<line number="117" hits="9827" branch="false"/>
							</lines>
						</method>
						<method name="getZ" signature="()D" line-rate="1.0" branch-rate="1.0" complexity="0">
							<lines>
								<line number="125" hits="3972" branch="false"/>
							</lines>
						</method>
						<method name="hashCode" signature="()I" line-rate="1.0" branch-rate="1.0" complexity="0">
							<lines>
								<line number="179" hits="26" branch="false"/>
								<line number="180" hits="26" branch="false"/>
								<line number="181" hits="26" branch="false"/>
								<line number="182" hits="26" branch="false"/>
								<line number="183" hits="26" branch="false"/>
								<line number="184" hits="26" branch="false"/>
								<line number="185" hits="26" branch="false"/>
								<line number="186" hits="26" branch="false"/>
								<line number="187" hits="26" branch="false"/>
							</lines>
						</method>
						<method name="isEmpty" signature="()Z" line-rate="1.0" branch-rate="0.75" complexity="0">
							<lines>
								<line number="157" hits="387" branch="true" condition-coverage="75% (3/4)">
									<conditions>
										<condition number="0" type="jump" coverage="100%"/>
										<condition number="1" type="jump" coverage="50%"/>
									</conditions>
								</line>
							</lines>
						</method>
						<method name="toString" signature="()Ljava/lang/String;" line-rate="1.0" branch-rate="1.0" complexity="0">
							<lines>
								<line number="192" hits="10" branch="false"/>
								<line number="193" hits="10" branch="true" condition-coverage="100% (2/2)">
									<conditions>
										<condition number="0" type="jump" coverage="100%"/>
									</conditions>
								</line>
								<line number="194" hits="4" branch="false"/>
								<line number="196" hits="10" branch="true" condition-coverage="100% (2/2)">
									<conditions>
										<condition number="0" type="jump" coverage="100%"/>
									</conditions>
								</line>
								<line number="197" hits="4" branch="false"/>
								<line number="199" hits="10" branch="false"/>
								<line number="200" hits="10" branch="false"/>
							</lines>
						</method>
					</methods>
					<lines>
						<line number="36" hits="6268" branch="false"/>
						<line number="37" hits="6268" branch="false"/>
						<line number="38" hits="6268" branch="false"/>
						<line number="39" hits="6268" branch="false"/>
						<line number="40" hits="6268" branch="false"/>
						<line number="41" hits="6268" branch="false"/>
						<line number="49" hits="23" branch="false"/>
						<line number="50" hits="23" branch="false"/>
						<line number="57" hits="9" branch="false"/>
						<line number="67" hits="2538" branch="false"/>
						<line number="78" hits="435" branch="false"/>
						<line number="89" hits="411" branch="false"/>
						<line number="101" hits="560" branch="false"/>
						<line number="109" hits="9827" branch="false"/>
						<line number="117" hits="9827" branch="false"/>
						<line number="125" hits="3972" branch="false"/>
						<line number="133" hits="3894" branch="false"/>
						<line number="141" hits="15621" branch="true" condition-coverage="100% (4/4)">
							<conditions>
								<condition number="0" type="jump" coverage="100%"/>
								<condition number="1" type="jump" coverage="100%"/>
							</conditions>
						</line>
						<line number="142" hits="1812" branch="false"/>
						<line number="143" hits="13809" branch="true" condition-coverage="100% (2/2)">
							<conditions>
								<condition number="0" type="jump" coverage="100%"/>
							</conditions>
						</line>
						<line number="144" hits="1259" branch="false"/>
						<line number="145" hits="12550" branch="true" condition-coverage="100% (2/2)">
							<conditions>
								<condition number="0" type="jump" coverage="100%"/>
							</conditions>
						</line>
						<line number="146" hits="721" branch="false"/>
						<line number="148" hits="11829" branch="false"/>
						<line number="157" hits="387" branch="true" condition-coverage="75% (3/4)">
							<conditions>
								<condition number="0" type="jump" coverage="100%"/>
								<condition number="1" type="jump" coverage="50%"/>
							</conditions>
						</line>
						<line number="162" hits="511" branch="true" condition-coverage="50% (1/2)">
							<conditions>
								<condition number="0" type="jump" coverage="50%"/>
							</conditions>
						</line>
						<line number="163" hits="511" branch="true" condition-coverage="50% (2/4)">
							<conditions>
								<condition number="0" type="jump" coverage="50%"/>
								<condition number="1" type="jump" coverage="50%"/>
							</conditions>
						</line>
						<line number="165" hits="511" branch="false"/>
						<line number="167" hits="511" branch="true" condition-coverage="100% (2/2)">
							<conditions>
								<condition number="0" type="jump" coverage="100%"/>
							</conditions>
						</line>
						<line number="168" hits="509" branch="true" condition-coverage="100% (2/2)">
							<conditions>
								<condition number="0" type="jump" coverage="100%"/>
							</conditions>
						</line>
						<line number="169" hits="506" branch="true" condition-coverage="50% (1/2)">
							<conditions>
								<condition number="0" type="jump" coverage="50%"/>
							</conditions>
						</line>
						<line number="170" hits="506" branch="true" condition-coverage="50% (1/2)">
							<conditions>
								<condition number="0" type="jump" coverage="50%"/>
							</conditions>
						</line>
						<line number="172" hits="506" branch="false"/>
						<line number="179" hits="26" branch="false"/>
						<line number="180" hits="26" branch="false"/>
						<line number="181" hits="26" branch="false"/>
						<line number="182" hits="26" branch="false"/>
						<line number="183" hits="26" branch="false"/>
						<line number="184" hits="26" branch="false"/>
						<line number="185" hits="26" branch="false"/>
						<line number="186" hits="26" branch="false"/>
						<line number="187" hits="26" branch="false"/>
						<line number="192" hits="10" branch="false"/>
						<line number="193" hits="10" branch="true" condition-coverage="100% (2/2)">
							<conditions>
								<condition number="0" type="jump" coverage="100%"/>
							</conditions>
						</line>
						<line number="194" hits="4" branch="false"/>
						<line number="196" hits="10" branch="true" condition-coverage="100% (2/2)">
							<conditions>
								<condition number="0" type="jump" coverage="100%"/>
							</conditions>
						</line>
						<line number="197" hits="4" branch="false"/>
						<line number="199" hits="10" branch="false"/>
						<line number="200" hits="10" branch="false"/>
					</lines>
				</class>
				<class name="org.cugos.wkg.Coordinate$Builder" filename="org/cugos/wkg/Coordinate.java" line-rate="1.0" branch-rate="0.75" complexity="2.772727272727273">
					<methods>
						<method name="&lt;init&gt;" signature="()V" line-rate="1.0" branch-rate="1.0" complexity="0">
							<lines>
								<line number="206" hits="1" branch="false"/>
								<line number="208" hits="1" branch="false"/>
								<line number="210" hits="1" branch="false"/>
								<line number="212" hits="1" branch="false"/>
								<line number="214" hits="1" branch="false"/>
							</lines>
						</method>
						<method name="build" signature="()Lorg/cugos/wkg/Coordinate;" line-rate="1.0" branch-rate="0.75" complexity="0">
							<lines>
								<line number="239" hits="5" branch="true" condition-coverage="87% (7/8)">
									<conditions>
										<condition number="0" type="jump" coverage="100%"/>
										<condition number="1" type="jump" coverage="50%"/>
										<condition number="2" type="jump" coverage="100%"/>
										<condition number="3" type="jump" coverage="100%"/>
									</conditions>
								</line>
								<line number="240" hits="1" branch="false"/>
								<line number="243" hits="4" branch="true" condition-coverage="75% (6/8)">
									<conditions>
										<condition number="0" type="jump" coverage="100%"/>
										<condition number="1" type="jump" coverage="50%"/>
										<condition number="2" type="jump" coverage="100%"/>
										<condition number="3" type="jump" coverage="50%"/>
									</conditions>
								</line>
								<line number="244" hits="1" branch="false"/>
								<line number="247" hits="3" branch="true" condition-coverage="75% (6/8)">
									<conditions>
										<condition number="0" type="jump" coverage="100%"/>
										<condition number="1" type="jump" coverage="50%"/>
										<condition number="2" type="jump" coverage="50%"/>
										<condition number="3" type="jump" coverage="100%"/>
									</conditions>
								</line>
								<line number="248" hits="1" branch="false"/>
								<line number="251" hits="2" branch="true" condition-coverage="62% (5/8)">
									<conditions>
										<condition number="0" type="jump" coverage="100%"/>
										<condition number="1" type="jump" coverage="50%"/>
										<condition number="2" type="jump" coverage="50%"/>
										<condition number="3" type="jump" coverage="50%"/>
									</conditions>
								</line>
								<line number="252" hits="1" branch="false"/>
								<line number="256" hits="1" branch="false"/>
								<line number="258" hits="5" branch="false"/>
								<line number="259" hits="5" branch="false"/>
							</lines>
						</method>
						<method name="reset" signature="()V" line-rate="1.0" branch-rate="1.0" complexity="0">
							<lines>
								<line number="263" hits="5" branch="false"/>
								<line number="264" hits="5" branch="false"/>
								<line number="265" hits="5" branch="false"/>
								<line number="266" hits="5" branch="false"/>
								<line number="267" hits="5" branch="false"/>
							</lines>
						</method>
						<method name="setM" signature="(D)Lorg/cugos/wkg/Coordinate$Builder;" line-rate="1.0" branch-rate="1.0" complexity="0">
							<lines>
								<line number="227" hits="2" branch="false"/>
								<line number="228" hits="2" branch="false"/>
							</lines>
						</method>
						<method name="setX" signature="(D)Lorg/cugos/wkg/Coordinate$Builder;" line-rate="1.0" branch-rate="1.0" complexity="0">
							<lines>
								<line number="217" hits="4" branch="false"/>
								<line number="218" hits="4" branch="false"/>
							</lines>
						</method>
						<method name="setY" signature="(D)Lorg/cugos/wkg/Coordinate$Builder;" line-rate="1.0" branch-rate="1.0" complexity="0">
							<lines>
								<line number="222" hits="4" branch="false"/>
								<line number="223" hits="4" branch="false"/>
							</lines>
						</method>
						<method name="setZ" signature="(D)Lorg/cugos/wkg/Coordinate$Builder;" line-rate="1.0" branch-rate="1.0" complexity="0">
							<lines>
								<line number="232" hits="2" branch="false"/>
								<line number="233" hits="2" branch="false"/>
							</lines>
						</method>
					</methods>
					<lines>
						<line number="206" hits="1" branch="false"/>
						<line number="208" hits="1" branch="false"/>
						<line number="210" hits="1" branch="false"/>
						<line number="212" hits="1" branch="false"/>
						<line number="214" hits="1" branch="false"/>
						<line number="217" hits="4" branch="false"/>
						<line number="218" hits="4" branch="false"/>
						<line number="222" hits="4" branch="false"/>
						<line number="223" hits="4" branch="false"/>
						<line number="227" hits="2" branch="false"/>
						<line number="228" hits="2" branch="false"/>
						<line number="232" hits="2" branch="false"/>
						<line number="233" hits="2" branch="false"/>
						<line number="239" hits="5" branch="true" condition-coverage="87% (7/8)">
							<conditions>
								<condition number="0" type="jump" coverage="100%"/>
								<condition number="1" type="jump" coverage="50%"/>
								<condition number="2" type="jump" coverage="100%"/>
								<condition number="3" type="jump" coverage="100%"/>
							</conditions>
						</line>
						<line number="240" hits="1" branch="false"/>
						<line number="243" hits="4" branch="true" condition-coverage="75% (6/8)">
							<conditions>
								<condition number="0" type="jump" coverage="100%"/>
								<condition number="1" type="jump" coverage="50%"/>
								<condition number="2" type="jump" coverage="100%"/>
								<condition number="3" type="jump" coverage="50%"/>
							</conditions>
						</line>
						<line number="244" hits="1" branch="false"/>
						<line number="247" hits="3" branch="true" condition-coverage="75% (6/8)">
							<conditions>
								<condition number="0" type="jump" coverage="100%"/>
								<condition number="1" type="jump" coverage="50%"/>
								<condition number="2" type="jump" coverage="50%"/>
								<condition number="3" type="jump" coverage="100%"/>
							</conditions>
						</line>
						<line number="248" hits="1" branch="false"/>
						<line number="251" hits="2" branch="true" condition-coverage="62% (5/8)">
							<conditions>
								<condition number="0" type="jump" coverage="100%"/>
								<condition number="1" type="jump" coverage="50%"/>
								<condition number="2" type="jump" coverage="50%"/>
								<condition number="3" type="jump" coverage="50%"/>
							</conditions>
						</line>
						<line number="252" hits="1" branch="false"/>
						<line number="256" hits="1" branch="false"/>
						<line number="258" hits="5" branch="false"/>
						<line number="259" hits="5" branch="false"/>
						<line number="263" hits="5" branch="false"/>
						<line number="264" hits="5" branch="false"/>
						<line number="265" hits="5" branch="false"/>
						<line number="266" hits="5" branch="false"/>
						<line number="267" hits="5" branch="false"/>
					</lines>
				</class>
				<class name="org.cugos.wkg.Curve" filename="org/cugos/wkg/Curve.java" line-rate="1.0" branch-rate="1.0" complexity="1.0">
					<methods>
						<method name="&lt;init&gt;" signature="(Lorg/cugos/wkg/Dimension;Ljava/lang/String;)V" line-rate="1.0" branch-rate="1.0" complexity="0">
							<lines>
								<line number="15" hits="904" branch="false"/>
								<line number="16" hits="904" branch="false"/>
							</lines>
						</method>
					</methods>
					<lines>
						<line number="15" hits="904" branch="false"/>
						<line number="16" hits="904" branch="false"/>
					</lines>
				</class>
				<class name="org.cugos.wkg.CurvePolygon" filename="org/cugos/wkg/CurvePolygon.java" line-rate="1.0" branch-rate="0.8333333333333334" complexity="1.25">
					<methods>
						<method name="&lt;init&gt;" signature="(Lorg/cugos/wkg/Curve;Ljava/util/List;Lorg/cugos/wkg/Dimension;)V" line-rate="1.0" branch-rate="1.0" complexity="0">
							<lines>
								<line number="43" hits="2" branch="false"/>
								<line number="44" hits="2" branch="false"/>
							</lines>
						</method>
						<method name="&lt;init&gt;" signature="(Lorg/cugos/wkg/Curve;Ljava/util/List;Lorg/cugos/wkg/Dimension;Ljava/lang/String;)V" line-rate="1.0" branch-rate="1.0" complexity="0">
							<lines>
								<line number="31" hits="62" branch="false"/>
								<line number="32" hits="62" branch="false"/>
								<line number="33" hits="62" branch="false"/>
								<line number="34" hits="62" branch="false"/>
							</lines>
						</method>
						<method name="createEmpty" signature="()Lorg/cugos/wkg/CurvePolygon;" line-rate="1.0" branch-rate="1.0" complexity="0">
							<lines>
								<line number="91" hits="2" branch="false"/>
							</lines>
						</method>
						<method name="getCoordinates" signature="()Ljava/util/List;" line-rate="1.0" branch-rate="1.0" complexity="0">
							<lines>
								<line number="78" hits="1" branch="false"/>
								<line number="79" hits="1" branch="false"/>
								<line number="80" hits="1" branch="true" condition-coverage="100% (2/2)">
									<conditions>
										<condition number="0" type="jump" coverage="100%"/>
									</conditions>
								</line>
								<line number="81" hits="1" branch="false"/>
								<line number="82" hits="1" branch="false"/>
								<line number="83" hits="1" branch="false"/>
							</lines>
						</method>
						<method name="getInnerCurves" signature="()Ljava/util/List;" line-rate="1.0" branch-rate="1.0" complexity="0">
							<lines>
								<line number="59" hits="157" branch="false"/>
							</lines>
						</method>
						<method name="getNumberOfCoordinates" signature="()I" line-rate="1.0" branch-rate="1.0" complexity="0">
							<lines>
								<line number="69" hits="3" branch="false"/>
								<line number="70" hits="3" branch="true" condition-coverage="100% (2/2)">
									<conditions>
										<condition number="0" type="jump" coverage="100%"/>
									</conditions>
								</line>
								<line number="71" hits="3" branch="false"/>
								<line number="72" hits="3" branch="false"/>
								<line number="73" hits="3" branch="false"/>
							</lines>
						</method>
						<method name="getOuterCurve" signature="()Lorg/cugos/wkg/Curve;" line-rate="1.0" branch-rate="1.0" complexity="0">
							<lines>
								<line number="51" hits="252" branch="false"/>
							</lines>
						</method>
						<method name="isEmpty" signature="()Z" line-rate="1.0" branch-rate="0.5" complexity="0">
							<lines>
								<line number="64" hits="46" branch="true" condition-coverage="50% (1/2)">
									<conditions>
										<condition number="0" type="jump" coverage="50%"/>
									</conditions>
								</line>
							</lines>
						</method>
					</methods>
					<lines>
						<line number="31" hits="62" branch="false"/>
						<line number="32" hits="62" branch="false"/>
						<line number="33" hits="62" branch="false"/>
						<line number="34" hits="62" branch="false"/>
						<line number="43" hits="2" branch="false"/>
						<line number="44" hits="2" branch="false"/>
						<line number="51" hits="252" branch="false"/>
						<line number="59" hits="157" branch="false"/>
						<line number="64" hits="46" branch="true" condition-coverage="50% (1/2)">
							<conditions>
								<condition number="0" type="jump" coverage="50%"/>
							</conditions>
						</line>
						<line number="69" hits="3" branch="false"/>
						<line number="70" hits="3" branch="true" condition-coverage="100% (2/2)">
							<conditions>
								<condition number="0" type="jump" coverage="100%"/>
							</conditions>
						</line>
						<line number="71" hits="3" branch="false"/>
						<line number="72" hits="3" branch="false"/>
						<line number="73" hits="3" branch="false"/>
						<line number="78" hits="1" branch="false"/>
						<line number="79" hits="1" branch="false"/>
						<line number="80" hits="1" branch="true" condition-coverage="100% (2/2)">
							<conditions>
								<condition number="0" type="jump" coverage="100%"/>
							</conditions>
						</line>
						<line number="81" hits="1" branch="false"/>
						<line number="82" hits="1" branch="false"/>
						<line number="83" hits="1" branch="false"/>
						<line number="91" hits="2" branch="false"/>
					</lines>
				</class>
				<class name="org.cugos.wkg.Dimension" filename="org/cugos/wkg/Dimension.java" line-rate="1.0" branch-rate="1.0" complexity="0.0">
					<methods>
						<method name="&lt;clinit&gt;" signature="()V" line-rate="1.0" branch-rate="1.0" complexity="0">
							<lines>
								<line number="7" hits="5" branch="false"/>
								<line number="8" hits="1" branch="false"/>
								<line number="9" hits="1" branch="false"/>
								<line number="10" hits="1" branch="false"/>
								<line number="11" hits="1" branch="false"/>
							</lines>
						</method>
						<method name="&lt;init&gt;" signature="(Ljava/lang/String;I)V" line-rate="1.0" branch-rate="1.0" complexity="0">
							<lines>
							</lines>
						</method>
						<method name="valueOf" signature="(Ljava/lang/String;)Lorg/cugos/wkg/Dimension;" line-rate="1.0" branch-rate="1.0" complexity="0">
							<lines>
							</lines>
						</method>
						<method name="values" signature="()[Lorg/cugos/wkg/Dimension;" line-rate="1.0" branch-rate="1.0" complexity="0">
							<lines>
							</lines>
						</method>
					</methods>
					<lines>
						<line number="7" hits="5" branch="false"/>
						<line number="8" hits="1" branch="false"/>
						<line number="9" hits="1" branch="false"/>
						<line number="10" hits="1" branch="false"/>
						<line number="11" hits="1" branch="false"/>
					</lines>
				</class>
				<class name="org.cugos.wkg.Envelope" filename="org/cugos/wkg/Envelope.java" line-rate="1.0" branch-rate="0.6666666666666666" complexity="2.0">
					<methods>
						<method name="&lt;init&gt;" signature="(Lorg/cugos/wkg/Coordinate;Lorg/cugos/wkg/Coordinate;)V" line-rate="1.0" branch-rate="1.0" complexity="0">
							<lines>
								<line number="27" hits="71" branch="false"/>
								<line number="28" hits="71" branch="false"/>
								<line number="29" hits="71" branch="false"/>
								<line number="30" hits="71" branch="false"/>
							</lines>
						</method>
						<method name="create2D" signature="(DDDD)Lorg/cugos/wkg/Envelope;" line-rate="1.0" branch-rate="1.0" complexity="0">
							<lines>
								<line number="48" hits="5" branch="false"/>
							</lines>
						</method>
						<method name="create2DM" signature="(DDDDDD)Lorg/cugos/wkg/Envelope;" line-rate="1.0" branch-rate="1.0" complexity="0">
							<lines>
								<line number="74" hits="1" branch="false"/>
							</lines>
						</method>
						<method name="create3D" signature="(DDDDDD)Lorg/cugos/wkg/Envelope;" line-rate="1.0" branch-rate="1.0" complexity="0">
							<lines>
								<line number="61" hits="1" branch="false"/>
							</lines>
						</method>
						<method name="create3DM" signature="(DDDDDDDD)Lorg/cugos/wkg/Envelope;" line-rate="1.0" branch-rate="1.0" complexity="0">
							<lines>
								<line number="89" hits="63" branch="false"/>
							</lines>
						</method>
						<method name="createEmpty" signature="()Lorg/cugos/wkg/Envelope;" line-rate="1.0" branch-rate="1.0" complexity="0">
							<lines>
								<line number="37" hits="1" branch="false"/>
							</lines>
						</method>
						<method name="equals" signature="(Ljava/lang/Object;)Z" line-rate="1.0" branch-rate="0.4375" complexity="0">
							<lines>
								<line number="220" hits="4" branch="true" condition-coverage="50% (1/2)">
									<conditions>
										<condition number="0" type="jump" coverage="50%"/>
									</conditions>
								</line>
								<line number="221" hits="4" branch="true" condition-coverage="50% (2/4)">
									<conditions>
										<condition number="0" type="jump" coverage="50%"/>
										<condition number="1" type="jump" coverage="50%"/>
									</conditions>
								</line>
								<line number="223" hits="4" branch="false"/>
								<line number="225" hits="4" branch="true" condition-coverage="50% (3/6)">
									<conditions>
										<condition number="0" type="jump" coverage="50%"/>
										<condition number="1" type="jump" coverage="100%"/>
										<condition number="2" type="jump" coverage="0%"/>
									</conditions>
								</line>
								<line number="226" hits="2" branch="true" condition-coverage="25% (1/4)">
									<conditions>
										<condition number="0" type="jump" coverage="50%"/>
										<condition number="1" type="jump" coverage="0%"/>
									</conditions>
								</line>
							</lines>
						</method>
						<method name="getDimension" signature="()Lorg/cugos/wkg/Dimension;" line-rate="1.0" branch-rate="1.0" complexity="0">
							<lines>
								<line number="161" hits="5" branch="true" condition-coverage="100% (2/2)">
									<conditions>
										<condition number="0" type="jump" coverage="100%"/>
									</conditions>
								</line>
								<line number="162" hits="4" branch="false"/>
								<line number="164" hits="1" branch="false"/>
							</lines>
						</method>
						<method name="getMaxM" signature="()D" line-rate="1.0" branch-rate="1.0" complexity="0">
							<lines>
								<line number="153" hits="9" branch="false"/>
							</lines>
						</method>
						<method name="getMaxX" signature="()D" line-rate="1.0" branch-rate="1.0" complexity="0">
							<lines>
								<line number="113" hits="39" branch="false"/>
							</lines>
						</method>
						<method name="getMaxY" signature="()D" line-rate="1.0" branch-rate="1.0" complexity="0">
							<lines>
								<line number="121" hits="39" branch="false"/>
							</lines>
						</method>
						<method name="getMaxZ" signature="()D" line-rate="1.0" branch-rate="1.0" complexity="0">
							<lines>
								<line number="137" hits="9" branch="false"/>
							</lines>
						</method>
						<method name="getMinM" signature="()D" line-rate="1.0" branch-rate="1.0" complexity="0">
							<lines>
								<line number="145" hits="9" branch="false"/>
							</lines>
						</method>
						<method name="getMinX" signature="()D" line-rate="1.0" branch-rate="1.0" complexity="0">
							<lines>
								<line number="97" hits="39" branch="false"/>
							</lines>
						</method>
						<method name="getMinY" signature="()D" line-rate="1.0" branch-rate="1.0" complexity="0">
							<lines>
								<line number="105" hits="39" branch="false"/>
							</lines>
						</method>
						<method name="getMinZ" signature="()D" line-rate="1.0" branch-rate="1.0" complexity="0">
							<lines>
								<line number="129" hits="9" branch="false"/>
							</lines>
						</method>
						<method name="hashCode" signature="()I" line-rate="1.0" branch-rate="0.5" complexity="0">
							<lines>
								<line number="231" hits="6" branch="true" condition-coverage="50% (1/2)">
									<conditions>
										<condition number="0" type="jump" coverage="50%"/>
									</conditions>
								</line>
								<line number="232" hits="6" branch="true" condition-coverage="50% (1/2)">
									<conditions>
										<condition number="0" type="jump" coverage="50%"/>
									</conditions>
								</line>
								<line number="233" hits="6" branch="false"/>
							</lines>
						</method>
						<method name="isEmpty" signature="()Z" line-rate="1.0" branch-rate="0.75" complexity="0">
							<lines>
								<line number="173" hits="7" branch="true" condition-coverage="75% (3/4)">
									<conditions>
										<condition number="0" type="jump" coverage="100%"/>
										<condition number="1" type="jump" coverage="50%"/>
									</conditions>
								</line>
							</lines>
						</method>
						<method name="toGeometry" signature="()Lorg/cugos/wkg/Geometry;" line-rate="1.0" branch-rate="1.0" complexity="0">
							<lines>
								<line number="181" hits="2" branch="true" condition-coverage="100% (2/2)">
									<conditions>
										<condition number="0" type="jump" coverage="100%"/>
									</conditions>
								</line>
								<line number="182" hits="1" branch="false"/>
								<line number="184" hits="1" branch="false"/>
								<line number="185" hits="1" branch="false"/>
								<line number="186" hits="1" branch="false"/>
								<line number="187" hits="1" branch="false"/>
								<line number="188" hits="1" branch="false"/>
								<line number="189" hits="1" branch="false"/>
								<line number="190" hits="1" branch="false"/>
							</lines>
						</method>
						<method name="toString" signature="()Ljava/lang/String;" line-rate="1.0" branch-rate="1.0" complexity="0">
							<lines>
								<line number="196" hits="5" branch="false"/>
								<line number="197" hits="5" branch="false"/>
								<line number="198" hits="5" branch="false"/>
								<line number="199" hits="5" branch="true" condition-coverage="100% (2/2)">
									<conditions>
										<condition number="0" type="jump" coverage="100%"/>
									</conditions>
								</line>
								<line number="200" hits="2" branch="false"/>
								<line number="202" hits="5" branch="true" condition-coverage="100% (2/2)">
									<conditions>
										<condition number="0" type="jump" coverage="100%"/>
									</conditions>
								</line>
								<line number="203" hits="2" branch="false"/>
								<line number="205" hits="5" branch="false"/>
								<line number="206" hits="5" branch="false"/>
								<line number="207" hits="5" branch="true" condition-coverage="100% (2/2)">
									<conditions>
										<condition number="0" type="jump" coverage="100%"/>
									</conditions>
								</line>
								<line number="209" hits="2" branch="false"/>
								<line number="211" hits="5" branch="true" condition-coverage="100% (2/2)">
									<conditions>
										<condition number="0" type="jump" coverage="100%"/>
									</conditions>
								</line>
								<line number="212" hits="2" branch="false"/>
								<line number="214" hits="5" branch="false"/>
								<line number="215" hits="5" branch="false"/>
							</lines>
						</method>
					</methods>
					<lines>
						<line number="27" hits="71" branch="false"/>
						<line number="28" hits="71" branch="false"/>
						<line number="29" hits="71" branch="false"/>
						<line number="30" hits="71" branch="false"/>
						<line number="37" hits="1" branch="false"/>
						<line number="48" hits="5" branch="false"/>
						<line number="61" hits="1" branch="false"/>
						<line number="74" hits="1" branch="false"/>
						<line number="89" hits="63" branch="false"/>
						<line number="97" hits="39" branch="false"/>
						<line number="105" hits="39" branch="false"/>
						<line number="113" hits="39" branch="false"/>
						<line number="121" hits="39" branch="false"/>
						<line number="129" hits="9" branch="false"/>
						<line number="137" hits="9" branch="false"/>
						<line number="145" hits="9" branch="false"/>
						<line number="153" hits="9" branch="false"/>
						<line number="161" hits="5" branch="true" condition-coverage="100% (2/2)">
							<conditions>
								<condition number="0" type="jump" coverage="100%"/>
							</conditions>
						</line>
						<line number="162" hits="4" branch="false"/>
						<line number="164" hits="1" branch="false"/>
						<line number="173" hits="7" branch="true" condition-coverage="75% (3/4)">
							<conditions>
								<condition number="0" type="jump" coverage="100%"/>
								<condition number="1" type="jump" coverage="50%"/>
							</conditions>
						</line>
						<line number="181" hits="2" branch="true" condition-coverage="100% (2/2)">
							<conditions>
								<condition number="0" type="jump" coverage="100%"/>
							</conditions>
						</line>
						<line number="182" hits="1" branch="false"/>
						<line number="184" hits="1" branch="false"/>
						<line number="185" hits="1" branch="false"/>
						<line number="186" hits="1" branch="false"/>
						<line number="187" hits="1" branch="false"/>
						<line number="188" hits="1" branch="false"/>
						<line number="189" hits="1" branch="false"/>
						<line number="190" hits="1" branch="false"/>
						<line number="196" hits="5" branch="false"/>
						<line number="197" hits="5" branch="false"/>
						<line number="198" hits="5" branch="false"/>
						<line number="199" hits="5" branch="true" condition-coverage="100% (2/2)">
							<conditions>
								<condition number="0" type="jump" coverage="100%"/>
							</conditions>
						</line>
						<line number="200" hits="2" branch="false"/>
						<line number="202" hits="5" branch="true" condition-coverage="100% (2/2)">
							<conditions>
								<condition number="0" type="jump" coverage="100%"/>
							</conditions>
						</line>
						<line number="203" hits="2" branch="false"/>
						<line number="205" hits="5" branch="false"/>
						<line number="206" hits="5" branch="false"/>
						<line number="207" hits="5" branch="true" condition-coverage="100% (2/2)">
							<conditions>
								<condition number="0" type="jump" coverage="100%"/>
							</conditions>
						</line>
						<line number="209" hits="2" branch="false"/>
						<line number="211" hits="5" branch="true" condition-coverage="100% (2/2)">
							<conditions>
								<condition number="0" type="jump" coverage="100%"/>
							</conditions>
						</line>
						<line number="212" hits="2" branch="false"/>
						<line number="214" hits="5" branch="false"/>
						<line number="215" hits="5" branch="false"/>
						<line number="220" hits="4" branch="true" condition-coverage="50% (1/2)">
							<conditions>
								<condition number="0" type="jump" coverage="50%"/>
							</conditions>
						</line>
						<line number="221" hits="4" branch="true" condition-coverage="50% (2/4)">
							<conditions>
								<condition number="0" type="jump" coverage="50%"/>
								<condition number="1" type="jump" coverage="50%"/>
							</conditions>
						</line>
						<line number="223" hits="4" branch="false"/>
						<line number="225" hits="4" branch="true" condition-coverage="50% (3/6)">
							<conditions>
								<condition number="0" type="jump" coverage="50%"/>
								<condition number="1" type="jump" coverage="100%"/>
								<condition number="2" type="jump" coverage="0%"/>
							</conditions>
						</line>
						<line number="226" hits="2" branch="true" condition-coverage="25% (1/4)">
							<conditions>
								<condition number="0" type="jump" coverage="50%"/>
								<condition number="1" type="jump" coverage="0%"/>
							</conditions>
						</line>
						<line number="231" hits="6" branch="true" condition-coverage="50% (1/2)">
							<conditions>
								<condition number="0" type="jump" coverage="50%"/>
							</conditions>
						</line>
						<line number="232" hits="6" branch="true" condition-coverage="50% (1/2)">
							<conditions>
								<condition number="0" type="jump" coverage="50%"/>
							</conditions>
						</line>
						<line number="233" hits="6" branch="false"/>
					</lines>
				</class>
				<class name="org.cugos.wkg.GeoJSONReader" filename="org/cugos/wkg/GeoJSONReader.java" line-rate="0.34146341463414637" branch-rate="0.21052631578947367" complexity="2.903225806451613">
					<methods>
						<method name="&lt;init&gt;" signature="()V" line-rate="1.0" branch-rate="1.0" complexity="0">
							<lines>
								<line number="19" hits="22" branch="false"/>
								<line number="304" hits="22" branch="false"/>
							</lines>
						</method>
						<method name="getCoordinate" signature="(Lorg/cugos/wkg/GeoJSONReader$JSONArray;)Lorg/cugos/wkg/Coordinate;" line-rate="0.0" branch-rate="0.0" complexity="0">
							<lines>
								<line number="151" hits="0" branch="true" condition-coverage="0% (0/2)">
									<conditions>
										<condition number="0" type="jump" coverage="0%"/>
									</conditions>
								</line>
								<line number="152" hits="0" branch="false"/>
								<line number="153" hits="0" branch="true" condition-coverage="0% (0/2)">
									<conditions>
										<condition number="0" type="jump" coverage="0%"/>
									</conditions>
								</line>
								<line number="154" hits="0" branch="false"/>
								<line number="156" hits="0" branch="false"/>
							</lines>
						</method>
						<method name="getCoordinateSets" signature="(Lorg/cugos/wkg/GeoJSONReader$JSONArray;)Ljava/util/List;" line-rate="0.0" branch-rate="0.0" complexity="0">
							<lines>
								<line number="194" hits="0" branch="false"/>
								<line number="195" hits="0" branch="true" condition-coverage="0% (0/2)">
									<conditions>
										<condition number="0" type="jump" coverage="0%"/>
									</conditions>
								</line>
								<line number="196" hits="0" branch="true" condition-coverage="0% (0/2)">
									<conditions>
										<condition number="0" type="jump" coverage="0%"/>
									</conditions>
								</line>
								<line number="197" hits="0" branch="false"/>
								<line number="199" hits="0" branch="false"/>
								<line number="200" hits="0" branch="false"/>
							</lines>
						</method>
						<method name="getCoordinates" signature="(Lorg/cugos/wkg/GeoJSONReader$JSONArray;)Ljava/util/List;" line-rate="0.0" branch-rate="0.0" complexity="0">
							<lines>
								<line number="173" hits="0" branch="false"/>
								<line number="174" hits="0" branch="true" condition-coverage="0% (0/2)">
									<conditions>
										<condition number="0" type="jump" coverage="0%"/>
									</conditions>
								</line>
								<line number="175" hits="0" branch="true" condition-coverage="0% (0/2)">
									<conditions>
										<condition number="0" type="jump" coverage="0%"/>
									</conditions>
								</line>
								<line number="176" hits="0" branch="false"/>
								<line number="178" hits="0" branch="false"/>
								<line number="179" hits="0" branch="false"/>
							</lines>
						</method>
						<method name="getDouble" signature="(Ljava/lang/Object;)Ljava/lang/Double;" line-rate="0.0" branch-rate="0.0" complexity="0">
							<lines>
								<line number="161" hits="0" branch="true" condition-coverage="0% (0/2)">
									<conditions>
										<condition number="0" type="jump" coverage="0%"/>
									</conditions>
								</line>
								<line number="162" hits="0" branch="false"/>
								<line number="163" hits="0" branch="true" condition-coverage="0% (0/2)">
									<conditions>
										<condition number="0" type="jump" coverage="0%"/>
									</conditions>
								</line>
								<line number="164" hits="0" branch="false"/>
								<line number="165" hits="0" branch="true" condition-coverage="0% (0/2)">
									<conditions>
										<condition number="0" type="jump" coverage="0%"/>
									</conditions>
								</line>
								<line number="166" hits="0" branch="false"/>
								<line number="168" hits="0" branch="false"/>
							</lines>
						</method>
						<method name="getLinearRing" signature="(Ljava/util/List;)Lorg/cugos/wkg/LinearRing;" line-rate="0.0" branch-rate="0.0" complexity="0">
							<lines>
								<line number="147" hits="0" branch="true" condition-coverage="0% (0/2)">
									<conditions>
										<condition number="0" type="jump" coverage="0%"/>
									</conditions>
								</line>
							</lines>
						</method>
						<method name="getName" signature="()Ljava/lang/String;" line-rate="1.0" branch-rate="1.0" complexity="0">
							<lines>
								<line number="53" hits="7" branch="false"/>
							</lines>
						</method>
						<method name="getPoints" signature="(Lorg/cugos/wkg/GeoJSONReader$JSONArray;)Ljava/util/List;" line-rate="0.0" branch-rate="0.0" complexity="0">
							<lines>
								<line number="183" hits="0" branch="false"/>
								<line number="184" hits="0" branch="true" condition-coverage="0% (0/2)">
									<conditions>
										<condition number="0" type="jump" coverage="0%"/>
									</conditions>
								</line>
								<line number="185" hits="0" branch="true" condition-coverage="0% (0/2)">
									<conditions>
										<condition number="0" type="jump" coverage="0%"/>
									</conditions>
								</line>
								<line number="186" hits="0" branch="false"/>
								<line number="187" hits="0" branch="false"/>
								<line number="189" hits="0" branch="false"/>
								<line number="190" hits="0" branch="false"/>
							</lines>
						</method>
						<method name="parse" signature="(Ljava/lang/String;)Lorg/cugos/wkg/GeoJSONReader$JSON;" line-rate="0.0" branch-rate="1.0" complexity="0">
							<lines>
								<line number="205" hits="0" branch="false"/>
								<line number="206" hits="0" branch="false"/>
								<line number="207" hits="0" branch="false"/>
								<line number="214" hits="0" branch="false"/>
								<line number="216" hits="0" branch="false"/>
								<line number="282" hits="0" branch="false"/>
								<line number="284" hits="0" branch="false"/>
							</lines>
						</method>
						<method name="read" signature="(Ljava/lang/Object;)Lorg/cugos/wkg/Geometry;" line-rate="1.0" branch-rate="1.0" complexity="0">
							<lines>
								<line number="14" hits="22" branch="false"/>
							</lines>
						</method>
						<method name="read" signature="(Ljava/lang/String;)Lorg/cugos/wkg/Geometry;" line-rate="1.0" branch-rate="0.8" complexity="0">
							<lines>
								<line number="28" hits="15" branch="false"/>
								<line number="29" hits="15" branch="false"/>
								<line number="30" hits="15" branch="true" condition-coverage="50% (1/2)">
									<conditions>
										<condition number="0" type="jump" coverage="50%"/>
									</conditions>
								</line>
								<line number="31" hits="15" branch="false"/>
								<line number="32" hits="15" branch="false"/>
								<line number="33" hits="15" branch="true" condition-coverage="100% (2/2)">
									<conditions>
										<condition number="0" type="jump" coverage="100%"/>
									</conditions>
								</line>
								<line number="34" hits="1" branch="false"/>
								<line number="35" hits="14" branch="true" condition-coverage="100% (2/2)">
									<conditions>
										<condition number="0" type="jump" coverage="100%"/>
									</conditions>
								</line>
								<line number="36" hits="1" branch="false"/>
								<line number="37" hits="1" branch="false"/>
								<line number="38" hits="1" branch="true" condition-coverage="100% (2/2)">
									<conditions>
										<condition number="0" type="jump" coverage="100%"/>
									</conditions>
								</line>
								<line number="39" hits="1" branch="false"/>
								<line number="40" hits="1" branch="false"/>
								<line number="41" hits="1" branch="false"/>
								<line number="42" hits="1" branch="false"/>
								<line number="43" hits="1" branch="true" condition-coverage="50% (1/2)">
									<conditions>
										<condition number="0" type="jump" coverage="50%"/>
									</conditions>
								</line>
								<line number="44" hits="1" branch="false"/>
								<line number="45" hits="13" branch="false"/>
								<line number="48" hits="15" branch="false"/>
							</lines>
						</method>
						<method name="readGeometry" signature="(Lorg/cugos/wkg/GeoJSONReader$JSONObject;)Lorg/cugos/wkg/Geometry;" line-rate="0.0" branch-rate="0.0" complexity="0">
							<lines>
								<line number="124" hits="0" branch="false"/>
								<line number="125" hits="0" branch="false"/>
								<line number="126" hits="0" branch="true" condition-coverage="0% (0/2)">
									<conditions>
										<condition number="0" type="jump" coverage="0%"/>
									</conditions>
								</line>
								<line number="127" hits="0" branch="true" condition-coverage="0% (0/2)">
									<conditions>
										<condition number="0" type="jump" coverage="0%"/>
									</conditions>
								</line>
								<line number="128" hits="0" branch="false"/>
								<line number="129" hits="0" branch="true" condition-coverage="0% (0/2)">
									<conditions>
										<condition number="0" type="jump" coverage="0%"/>
									</conditions>
								</line>
								<line number="130" hits="0" branch="false"/>
								<line number="131" hits="0" branch="true" condition-coverage="0% (0/2)">
									<conditions>
										<condition number="0" type="jump" coverage="0%"/>
									</conditions>
								</line>
								<line number="132" hits="0" branch="false"/>
								<line number="133" hits="0" branch="true" condition-coverage="0% (0/2)">
									<conditions>
										<condition number="0" type="jump" coverage="0%"/>
									</conditions>
								</line>
								<line number="134" hits="0" branch="false"/>
								<line number="135" hits="0" branch="true" condition-coverage="0% (0/2)">
									<conditions>
										<condition number="0" type="jump" coverage="0%"/>
									</conditions>
								</line>
								<line number="136" hits="0" branch="false"/>
								<line number="137" hits="0" branch="true" condition-coverage="0% (0/2)">
									<conditions>
										<condition number="0" type="jump" coverage="0%"/>
									</conditions>
								</line>
								<line number="138" hits="0" branch="false"/>
								<line number="139" hits="0" branch="true" condition-coverage="0% (0/2)">
									<conditions>
										<condition number="0" type="jump" coverage="0%"/>
									</conditions>
								</line>
								<line number="140" hits="0" branch="false"/>
								<line number="143" hits="0" branch="false"/>
							</lines>
						</method>
						<method name="readGeometryCollection" signature="(Lorg/cugos/wkg/GeoJSONReader$JSONObject;)Lorg/cugos/wkg/GeometryCollection;" line-rate="0.0" branch-rate="0.0" complexity="0">
							<lines>
								<line number="115" hits="0" branch="false"/>
								<line number="116" hits="0" branch="false"/>
								<line number="117" hits="0" branch="true" condition-coverage="0% (0/2)">
									<conditions>
										<condition number="0" type="jump" coverage="0%"/>
									</conditions>
								</line>
								<line number="118" hits="0" branch="false"/>
								<line number="119" hits="0" branch="false"/>
								<line number="120" hits="0" branch="true" condition-coverage="0% (0/2)">
									<conditions>
										<condition number="0" type="jump" coverage="0%"/>
									</conditions>
								</line>
							</lines>
						</method>
						<method name="readLineString" signature="(Lorg/cugos/wkg/GeoJSONReader$JSONObject;)Lorg/cugos/wkg/LineString;" line-rate="1.0" branch-rate="1.0" complexity="0">
							<lines>
								<line number="62" hits="3" branch="false"/>
								<line number="63" hits="3" branch="true" condition-coverage="100% (2/2)">
									<conditions>
										<condition number="0" type="jump" coverage="100%"/>
									</conditions>
								</line>
							</lines>
						</method>
						<method name="readMultiLineString" signature="(Lorg/cugos/wkg/GeoJSONReader$JSONObject;)Lorg/cugos/wkg/MultiLineString;" line-rate="0.7142857142857143" branch-rate="0.3333333333333333" complexity="0">
							<lines>
								<line number="86" hits="1" branch="false"/>
								<line number="87" hits="1" branch="false"/>
								<line number="88" hits="1" branch="true" condition-coverage="100% (2/2)">
									<conditions>
										<condition number="0" type="jump" coverage="100%"/>
									</conditions>
								</line>
								<line number="89" hits="2" branch="false"/>
								<line number="90" hits="2" branch="true" condition-coverage="0% (0/2)">
									<conditions>
										<condition number="0" type="jump" coverage="0%"/>
									</conditions>
								</line>
								<line number="91" hits="0" branch="false"/>
								<line number="92" hits="0" branch="true" condition-coverage="0% (0/2)">
									<conditions>
										<condition number="0" type="jump" coverage="0%"/>
									</conditions>
								</line>
							</lines>
						</method>
						<method name="readMultiPoint" signature="(Lorg/cugos/wkg/GeoJSONReader$JSONObject;)Lorg/cugos/wkg/MultiPoint;" line-rate="1.0" branch-rate="0.5" complexity="0">
							<lines>
								<line number="81" hits="1" branch="false"/>
								<line number="82" hits="1" branch="true" condition-coverage="50% (1/2)">
									<conditions>
										<condition number="0" type="jump" coverage="50%"/>
									</conditions>
								</line>
							</lines>
						</method>
						<method name="readMultiPolygon" signature="(Lorg/cugos/wkg/GeoJSONReader$JSONObject;)Lorg/cugos/wkg/MultiPolygon;" line-rate="0.0" branch-rate="0.0" complexity="0">
							<lines>
								<line number="96" hits="0" branch="false"/>
								<line number="97" hits="0" branch="false"/>
								<line number="98" hits="0" branch="true" condition-coverage="0% (0/2)">
									<conditions>
										<condition number="0" type="jump" coverage="0%"/>
									</conditions>
								</line>
								<line number="99" hits="0" branch="false"/>
								<line number="100" hits="0" branch="true" condition-coverage="0% (0/2)">
									<conditions>
										<condition number="0" type="jump" coverage="0%"/>
									</conditions>
								</line>
								<line number="101" hits="0" branch="false"/>
								<line number="102" hits="0" branch="false"/>
								<line number="103" hits="0" branch="true" condition-coverage="0% (0/2)">
									<conditions>
										<condition number="0" type="jump" coverage="0%"/>
									</conditions>
								</line>
								<line number="104" hits="0" branch="false"/>
								<line number="105" hits="0" branch="false"/>
								<line number="106" hits="0" branch="false"/>
								<line number="107" hits="0" branch="false"/>
								<line number="108" hits="0" branch="false"/>
								<line number="110" hits="0" branch="false"/>
								<line number="111" hits="0" branch="true" condition-coverage="0% (0/2)">
									<conditions>
										<condition number="0" type="jump" coverage="0%"/>
									</conditions>
								</line>
							</lines>
						</method>
						<method name="readPoint" signature="(Lorg/cugos/wkg/GeoJSONReader$JSONObject;)Lorg/cugos/wkg/Point;" line-rate="1.0" branch-rate="1.0" complexity="0">
							<lines>
								<line number="57" hits="7" branch="false"/>
								<line number="58" hits="7" branch="false"/>
							</lines>
						</method>
						<method name="readPolygon" signature="(Lorg/cugos/wkg/GeoJSONReader$JSONObject;)Lorg/cugos/wkg/Polygon;" line-rate="0.8888888888888888" branch-rate="0.75" complexity="0">
							<lines>
								<line number="67" hits="2" branch="false"/>
								<line number="68" hits="2" branch="true" condition-coverage="50% (1/2)">
									<conditions>
										<condition number="0" type="jump" coverage="50%"/>
									</conditions>
								</line>
								<line number="69" hits="2" branch="false"/>
								<line number="70" hits="2" branch="false"/>
								<line number="71" hits="2" branch="true" condition-coverage="100% (2/2)">
									<conditions>
										<condition number="0" type="jump" coverage="100%"/>
									</conditions>
								</line>
								<line number="72" hits="1" branch="false"/>
								<line number="73" hits="1" branch="false"/>
								<line number="74" hits="2" branch="false"/>
								<line number="76" hits="0" branch="false"/>
							</lines>
						</method>
					</methods>
					<lines>
						<line number="14" hits="22" branch="false"/>
						<line number="19" hits="22" branch="false"/>
						<line number="28" hits="15" branch="false"/>
						<line number="29" hits="15" branch="false"/>
						<line number="30" hits="15" branch="true" condition-coverage="50% (1/2)">
							<conditions>
								<condition number="0" type="jump" coverage="50%"/>
							</conditions>
						</line>
						<line number="31" hits="15" branch="false"/>
						<line number="32" hits="15" branch="false"/>
						<line number="33" hits="15" branch="true" condition-coverage="100% (2/2)">
							<conditions>
								<condition number="0" type="jump" coverage="100%"/>
							</conditions>
						</line>
						<line number="34" hits="1" branch="false"/>
						<line number="35" hits="14" branch="true" condition-coverage="100% (2/2)">
							<conditions>
								<condition number="0" type="jump" coverage="100%"/>
							</conditions>
						</line>
						<line number="36" hits="1" branch="false"/>
						<line number="37" hits="1" branch="false"/>
						<line number="38" hits="1" branch="true" condition-coverage="100% (2/2)">
							<conditions>
								<condition number="0" type="jump" coverage="100%"/>
							</conditions>
						</line>
						<line number="39" hits="1" branch="false"/>
						<line number="40" hits="1" branch="false"/>
						<line number="41" hits="1" branch="false"/>
						<line number="42" hits="1" branch="false"/>
						<line number="43" hits="1" branch="true" condition-coverage="50% (1/2)">
							<conditions>
								<condition number="0" type="jump" coverage="50%"/>
							</conditions>
						</line>
						<line number="44" hits="1" branch="false"/>
						<line number="45" hits="13" branch="false"/>
						<line number="48" hits="15" branch="false"/>
						<line number="53" hits="7" branch="false"/>
						<line number="57" hits="7" branch="false"/>
						<line number="58" hits="7" branch="false"/>
						<line number="62" hits="3" branch="false"/>
						<line number="63" hits="3" branch="true" condition-coverage="100% (2/2)">
							<conditions>
								<condition number="0" type="jump" coverage="100%"/>
							</conditions>
						</line>
						<line number="67" hits="2" branch="false"/>
						<line number="68" hits="2" branch="true" condition-coverage="50% (1/2)">
							<conditions>
								<condition number="0" type="jump" coverage="50%"/>
							</conditions>
						</line>
						<line number="69" hits="2" branch="false"/>
						<line number="70" hits="2" branch="false"/>
						<line number="71" hits="2" branch="true" condition-coverage="100% (2/2)">
							<conditions>
								<condition number="0" type="jump" coverage="100%"/>
							</conditions>
						</line>
						<line number="72" hits="1" branch="false"/>
						<line number="73" hits="1" branch="false"/>
						<line number="74" hits="2" branch="false"/>
						<line number="76" hits="0" branch="false"/>
						<line number="81" hits="1" branch="false"/>
						<line number="82" hits="1" branch="true" condition-coverage="50% (1/2)">
							<conditions>
								<condition number="0" type="jump" coverage="50%"/>
							</conditions>
						</line>
						<line number="86" hits="1" branch="false"/>
						<line number="87" hits="1" branch="false"/>
						<line number="88" hits="1" branch="true" condition-coverage="100% (2/2)">
							<conditions>
								<condition number="0" type="jump" coverage="100%"/>
							</conditions>
						</line>
						<line number="89" hits="2" branch="false"/>
						<line number="90" hits="2" branch="true" condition-coverage="0% (0/2)">
							<conditions>
								<condition number="0" type="jump" coverage="0%"/>
							</conditions>
						</line>
						<line number="91" hits="0" branch="false"/>
						<line number="92" hits="0" branch="true" condition-coverage="0% (0/2)">
							<conditions>
								<condition number="0" type="jump" coverage="0%"/>
							</conditions>
						</line>
						<line number="96" hits="0" branch="false"/>
						<line number="97" hits="0" branch="false"/>
						<line number="98" hits="0" branch="true" condition-coverage="0% (0/2)">
							<conditions>
								<condition number="0" type="jump" coverage="0%"/>
							</conditions>
						</line>
						<line number="99" hits="0" branch="false"/>
						<line number="100" hits="0" branch="true" condition-coverage="0% (0/2)">
							<conditions>
								<condition number="0" type="jump" coverage="0%"/>
							</conditions>
						</line>
						<line number="101" hits="0" branch="false"/>
						<line number="102" hits="0" branch="false"/>
						<line number="103" hits="0" branch="true" condition-coverage="0% (0/2)">
							<conditions>
								<condition number="0" type="jump" coverage="0%"/>
							</conditions>
						</line>
						<line number="104" hits="0" branch="false"/>
						<line number="105" hits="0" branch="false"/>
						<line number="106" hits="0" branch="false"/>
						<line number="107" hits="0" branch="false"/>
						<line number="108" hits="0" branch="false"/>
						<line number="110" hits="0" branch="false"/>
						<line number="111" hits="0" branch="true" condition-coverage="0% (0/2)">
							<conditions>
								<condition number="0" type="jump" coverage="0%"/>
							</conditions>
						</line>
						<line number="115" hits="0" branch="false"/>
						<line number="116" hits="0" branch="false"/>
						<line number="117" hits="0" branch="true" condition-coverage="0% (0/2)">
							<conditions>
								<condition number="0" type="jump" coverage="0%"/>
							</conditions>
						</line>
						<line number="118" hits="0" branch="false"/>
						<line number="119" hits="0" branch="false"/>
						<line number="120" hits="0" branch="true" condition-coverage="0% (0/2)">
							<conditions>
								<condition number="0" type="jump" coverage="0%"/>
							</conditions>
						</line>
						<line number="124" hits="0" branch="false"/>
						<line number="125" hits="0" branch="false"/>
						<line number="126" hits="0" branch="true" condition-coverage="0% (0/2)">
							<conditions>
								<condition number="0" type="jump" coverage="0%"/>
							</conditions>
						</line>
						<line number="127" hits="0" branch="true" condition-coverage="0% (0/2)">
							<conditions>
								<condition number="0" type="jump" coverage="0%"/>
							</conditions>
						</line>
						<line number="128" hits="0" branch="false"/>
						<line number="129" hits="0" branch="true" condition-coverage="0% (0/2)">
							<conditions>
								<condition number="0" type="jump" coverage="0%"/>
							</conditions>
						</line>
						<line number="130" hits="0" branch="false"/>
						<line number="131" hits="0" branch="true" condition-coverage="0% (0/2)">
							<conditions>
								<condition number="0" type="jump" coverage="0%"/>
							</conditions>
						</line>
						<line number="132" hits="0" branch="false"/>
						<line number="133" hits="0" branch="true" condition-coverage="0% (0/2)">
							<conditions>
								<condition number="0" type="jump" coverage="0%"/>
							</conditions>
						</line>
						<line number="134" hits="0" branch="false"/>
						<line number="135" hits="0" branch="true" condition-coverage="0% (0/2)">
							<conditions>
								<condition number="0" type="jump" coverage="0%"/>
							</conditions>
						</line>
						<line number="136" hits="0" branch="false"/>
						<line number="137" hits="0" branch="true" condition-coverage="0% (0/2)">
							<conditions>
								<condition number="0" type="jump" coverage="0%"/>
							</conditions>
						</line>
						<line number="138" hits="0" branch="false"/>
						<line number="139" hits="0" branch="true" condition-coverage="0% (0/2)">
							<conditions>
								<condition number="0" type="jump" coverage="0%"/>
							</conditions>
						</line>
						<line number="140" hits="0" branch="false"/>
						<line number="143" hits="0" branch="false"/>
						<line number="147" hits="0" branch="true" condition-coverage="0% (0/2)">
							<conditions>
								<condition number="0" type="jump" coverage="0%"/>
							</conditions>
						</line>
						<line number="151" hits="0" branch="true" condition-coverage="0% (0/2)">
							<conditions>
								<condition number="0" type="jump" coverage="0%"/>
							</conditions>
						</line>
						<line number="152" hits="0" branch="false"/>
						<line number="153" hits="0" branch="true" condition-coverage="0% (0/2)">
							<conditions>
								<condition number="0" type="jump" coverage="0%"/>
							</conditions>
						</line>
						<line number="154" hits="0" branch="false"/>
						<line number="156" hits="0" branch="false"/>
						<line number="161" hits="0" branch="true" condition-coverage="0% (0/2)">
							<conditions>
								<condition number="0" type="jump" coverage="0%"/>
							</conditions>
						</line>
						<line number="162" hits="0" branch="false"/>
						<line number="163" hits="0" branch="true" condition-coverage="0% (0/2)">
							<conditions>
								<condition number="0" type="jump" coverage="0%"/>
							</conditions>
						</line>
						<line number="164" hits="0" branch="false"/>
						<line number="165" hits="0" branch="true" condition-coverage="0% (0/2)">
							<conditions>
								<condition number="0" type="jump" coverage="0%"/>
							</conditions>
						</line>
						<line number="166" hits="0" branch="false"/>
						<line number="168" hits="0" branch="false"/>
						<line number="173" hits="0" branch="false"/>
						<line number="174" hits="0" branch="true" condition-coverage="0% (0/2)">
							<conditions>
								<condition number="0" type="jump" coverage="0%"/>
							</conditions>
						</line>
						<line number="175" hits="0" branch="true" condition-coverage="0% (0/2)">
							<conditions>
								<condition number="0" type="jump" coverage="0%"/>
							</conditions>
						</line>
						<line number="176" hits="0" branch="false"/>
						<line number="178" hits="0" branch="false"/>
						<line number="179" hits="0" branch="false"/>
						<line number="183" hits="0" branch="false"/>
						<line number="184" hits="0" branch="true" condition-coverage="0% (0/2)">
							<conditions>
								<condition number="0" type="jump" coverage="0%"/>
							</conditions>
						</line>
						<line number="185" hits="0" branch="true" condition-coverage="0% (0/2)">
							<conditions>
								<condition number="0" type="jump" coverage="0%"/>
							</conditions>
						</line>
						<line number="186" hits="0" branch="false"/>
						<line number="187" hits="0" branch="false"/>
						<line number="189" hits="0" branch="false"/>
						<line number="190" hits="0" branch="false"/>
						<line number="194" hits="0" branch="false"/>
						<line number="195" hits="0" branch="true" condition-coverage="0% (0/2)">
							<conditions>
								<condition number="0" type="jump" coverage="0%"/>
							</conditions>
						</line>
						<line number="196" hits="0" branch="true" condition-coverage="0% (0/2)">
							<conditions>
								<condition number="0" type="jump" coverage="0%"/>
							</conditions>
						</line>
						<line number="197" hits="0" branch="false"/>
						<line number="199" hits="0" branch="false"/>
						<line number="200" hits="0" branch="false"/>
						<line number="205" hits="0" branch="false"/>
						<line number="206" hits="0" branch="false"/>
						<line number="207" hits="0" branch="false"/>
						<line number="214" hits="0" branch="false"/>
						<line number="216" hits="0" branch="false"/>
						<line number="282" hits="0" branch="false"/>
						<line number="284" hits="0" branch="false"/>
						<line number="304" hits="22" branch="false"/>
					</lines>
				</class>
				<class name="org.cugos.wkg.GeoJSONReader$1" filename="org/cugos/wkg/GeoJSONReader.java" line-rate="0.5" branch-rate="1.0" complexity="2.903225806451613">
					<methods>
						<method name="&lt;init&gt;" signature="(Lorg/cugos/wkg/GeoJSONReader;)V" line-rate="1.0" branch-rate="1.0" complexity="0">
							<lines>
								<line number="207" hits="15" branch="false"/>
							</lines>
						</method>
						<method name="syntaxError" signature="(Lorg/antlr/v4/runtime/Recognizer;Ljava/lang/Object;IILjava/lang/String;Lorg/antlr/v4/runtime/RecognitionException;)V" line-rate="0.0" branch-rate="1.0" complexity="0">
							<lines>
								<line number="210" hits="0" branch="false"/>
							</lines>
						</method>
					</methods>
					<lines>
						<line number="207" hits="15" branch="false"/>
						<line number="210" hits="0" branch="false"/>
					</lines>
				</class>
				<class name="org.cugos.wkg.GeoJSONReader$2" filename="org/cugos/wkg/GeoJSONReader.java" line-rate="0.9411764705882353" branch-rate="0.875" complexity="2.903225806451613">
					<methods>
						<method name="&lt;init&gt;" signature="(Lorg/cugos/wkg/GeoJSONReader;Ljava/util/Stack;)V" line-rate="1.0" branch-rate="1.0" complexity="0">
							<lines>
								<line number="216" hits="15" branch="false"/>
							</lines>
						</method>
						<method name="enterArray" signature="(Lorg/cugos/wkg/internal/JSONParser$ArrayContext;)V" line-rate="1.0" branch-rate="1.0" complexity="0">
							<lines>
								<line number="232" hits="84" branch="false"/>
								<line number="233" hits="84" branch="false"/>
							</lines>
						</method>
						<method name="enterObj" signature="(Lorg/cugos/wkg/internal/JSONParser$ObjContext;)V" line-rate="1.0" branch-rate="1.0" complexity="0">
							<lines>
								<line number="220" hits="22" branch="false"/>
								<line number="221" hits="22" branch="false"/>
							</lines>
						</method>
						<method name="exitArray" signature="(Lorg/cugos/wkg/internal/JSONParser$ArrayContext;)V" line-rate="1.0" branch-rate="1.0" complexity="0">
							<lines>
								<line number="237" hits="84" branch="false"/>
								<line number="238" hits="84" branch="true" condition-coverage="100% (2/2)">
									<conditions>
										<condition number="0" type="jump" coverage="100%"/>
									</conditions>
								</line>
								<line number="239" hits="186" branch="false"/>
								<line number="240" hits="186" branch="true" condition-coverage="100% (2/2)">
									<conditions>
										<condition number="0" type="jump" coverage="100%"/>
									</conditions>
								</line>
								<line number="241" hits="69" branch="false"/>
								<line number="243" hits="117" branch="false"/>
								<line number="245" hits="186" branch="false"/>
								<line number="246" hits="84" branch="false"/>
								<line number="247" hits="84" branch="false"/>
								<line number="248" hits="84" branch="false"/>
							</lines>
						</method>
						<method name="exitPair" signature="(Lorg/cugos/wkg/internal/JSONParser$PairContext;)V" line-rate="1.0" branch-rate="1.0" complexity="0">
							<lines>
[...]
					<methods>
						<method name="&lt;init&gt;" signature="(Lorg/antlr/v4/runtime/ParserRuleContext;I)V" line-rate="1.0" branch-rate="1.0" complexity="0">
							<lines>
								<line number="3654" hits="92" branch="false"/>
								<line number="3655" hits="92" branch="false"/>
							</lines>
						</method>
						<method name="Number" signature="()Lorg/antlr/v4/runtime/tree/TerminalNode;" line-rate="1.0" branch-rate="1.0" complexity="0">
							<lines>
								<line number="3652" hits="92" branch="false"/>
							</lines>
						</method>
						<method name="accept" signature="(Lorg/antlr/v4/runtime/tree/ParseTreeVisitor;)Ljava/lang/Object;" line-rate="0.0" branch-rate="0.0" complexity="0">
							<lines>
								<line number="3667" hits="0" branch="true" condition-coverage="0% (0/2)">
									<conditions>
										<condition number="0" type="jump" coverage="0%"/>
									</conditions>
								</line>
								<line number="3668" hits="0" branch="false"/>
							</lines>
						</method>
						<method name="enterRule" signature="(Lorg/antlr/v4/runtime/tree/ParseTreeListener;)V" line-rate="1.0" branch-rate="0.5" complexity="0">
							<lines>
								<line number="3659" hits="92" branch="true" condition-coverage="50% (1/2)">
									<conditions>
										<condition number="0" type="jump" coverage="50%"/>
									</conditions>
								</line>
								<line number="3660" hits="92" branch="false"/>
							</lines>
						</method>
						<method name="exitRule" signature="(Lorg/antlr/v4/runtime/tree/ParseTreeListener;)V" line-rate="1.0" branch-rate="0.5" complexity="0">
							<lines>
								<line number="3663" hits="92" branch="true" condition-coverage="50% (1/2)">
									<conditions>
										<condition number="0" type="jump" coverage="50%"/>
									</conditions>
								</line>
								<line number="3664" hits="92" branch="false"/>
							</lines>
						</method>
						<method name="getRuleIndex" signature="()I" line-rate="0.0" branch-rate="1.0" complexity="0">
							<lines>
								<line number="3656" hits="0" branch="false"/>
							</lines>
						</method>
					</methods>
					<lines>
						<line number="3652" hits="92" branch="false"/>
						<line number="3654" hits="92" branch="false"/>
						<line number="3655" hits="92" branch="false"/>
						<line number="3656" hits="0" branch="false"/>
						<line number="3659" hits="92" branch="true" condition-coverage="50% (1/2)">
							<conditions>
								<condition number="0" type="jump" coverage="50%"/>
							</conditions>
						</line>
						<line number="3660" hits="92" branch="false"/>
						<line number="3663" hits="92" branch="true" condition-coverage="50% (1/2)">
							<conditions>
								<condition number="0" type="jump" coverage="50%"/>
							</conditions>
						</line>
						<line number="3664" hits="92" branch="false"/>
						<line number="3667" hits="0" branch="true" condition-coverage="0% (0/2)">
							<conditions>
								<condition number="0" type="jump" coverage="0%"/>
							</conditions>
						</line>
						<line number="3668" hits="0" branch="false"/>
					</lines>
				</class>
				<class name="org.cugos.wkg.internal.WKTParser$TinContext" filename="org/cugos/wkg/internal/WKTParser.java" line-rate="0.5" branch-rate="0.3333333333333333" complexity="2.035422343324251">
					<methods>
						<method name="&lt;init&gt;" signature="(Lorg/antlr/v4/runtime/ParserRuleContext;I)V" line-rate="1.0" branch-rate="1.0" complexity="0">
							<lines>
								<line number="1117" hits="18" branch="false"/>
								<line number="1118" hits="18" branch="false"/>
							</lines>
						</method>
						<method name="WhiteSpace" signature="()Ljava/util/List;" line-rate="0.0" branch-rate="1.0" complexity="0">
							<lines>
								<line number="1109" hits="0" branch="false"/>
							</lines>
						</method>
						<method name="WhiteSpace" signature="(I)Lorg/antlr/v4/runtime/tree/TerminalNode;" line-rate="0.0" branch-rate="1.0" complexity="0">
							<lines>
								<line number="1111" hits="0" branch="false"/>
							</lines>
						</method>
						<method name="accept" signature="(Lorg/antlr/v4/runtime/tree/ParseTreeVisitor;)Ljava/lang/Object;" line-rate="0.0" branch-rate="0.0" complexity="0">
							<lines>
								<line number="1130" hits="0" branch="true" condition-coverage="0% (0/2)">
									<conditions>
										<condition number="0" type="jump" coverage="0%"/>
									</conditions>
								</line>
								<line number="1131" hits="0" branch="false"/>
							</lines>
						</method>
						<method name="coordinatesetsset" signature="()Lorg/cugos/wkg/internal/WKTParser$CoordinatesetssetContext;" line-rate="1.0" branch-rate="1.0" complexity="0">
							<lines>
								<line number="1114" hits="52" branch="false"/>
							</lines>
						</method>
						<method name="dimension" signature="()Lorg/cugos/wkg/internal/WKTParser$DimensionContext;" line-rate="0.0" branch-rate="1.0" complexity="0">
							<lines>
								<line number="1107" hits="0" branch="false"/>
							</lines>
						</method>
						<method name="enterRule" signature="(Lorg/antlr/v4/runtime/tree/ParseTreeListener;)V" line-rate="1.0" branch-rate="0.5" complexity="0">
							<lines>
								<line number="1122" hits="18" branch="true" condition-coverage="50% (1/2)">
									<conditions>
										<condition number="0" type="jump" coverage="50%"/>
									</conditions>
								</line>
								<line number="1123" hits="18" branch="false"/>
							</lines>
						</method>
						<method name="exitRule" signature="(Lorg/antlr/v4/runtime/tree/ParseTreeListener;)V" line-rate="1.0" branch-rate="0.5" complexity="0">
							<lines>
								<line number="1126" hits="18" branch="true" condition-coverage="50% (1/2)">
									<conditions>
										<condition number="0" type="jump" coverage="50%"/>
									</conditions>
								</line>
								<line number="1127" hits="18" branch="false"/>
							</lines>
						</method>
						<method name="getRuleIndex" signature="()I" line-rate="0.0" branch-rate="1.0" complexity="0">
							<lines>
								<line number="1119" hits="0" branch="false"/>
							</lines>
						</method>
						<method name="srid" signature="()Lorg/cugos/wkg/internal/WKTParser$SridContext;" line-rate="0.0" branch-rate="1.0" complexity="0">
							<lines>
								<line number="1104" hits="0" branch="false"/>
							</lines>
						</method>
					</methods>
					<lines>
						<line number="1104" hits="0" branch="false"/>
						<line number="1107" hits="0" branch="false"/>
						<line number="1109" hits="0" branch="false"/>
						<line number="1111" hits="0" branch="false"/>
						<line number="1114" hits="52" branch="false"/>
						<line number="1117" hits="18" branch="false"/>
						<line number="1118" hits="18" branch="false"/>
						<line number="1119" hits="0" branch="false"/>
						<line number="1122" hits="18" branch="true" condition-coverage="50% (1/2)">
							<conditions>
								<condition number="0" type="jump" coverage="50%"/>
							</conditions>
						</line>
						<line number="1123" hits="18" branch="false"/>
						<line number="1126" hits="18" branch="true" condition-coverage="50% (1/2)">
							<conditions>
								<condition number="0" type="jump" coverage="50%"/>
							</conditions>
						</line>
						<line number="1127" hits="18" branch="false"/>
						<line number="1130" hits="0" branch="true" condition-coverage="0% (0/2)">
							<conditions>
								<condition number="0" type="jump" coverage="0%"/>
							</conditions>
						</line>
						<line number="1131" hits="0" branch="false"/>
					</lines>
				</class>
				<class name="org.cugos.wkg.internal.WKTParser$TriangleContext" filename="org/cugos/wkg/internal/WKTParser.java" line-rate="0.5" branch-rate="0.3333333333333333" complexity="2.035422343324251">
					<methods>
						<method name="&lt;init&gt;" signature="(Lorg/antlr/v4/runtime/ParserRuleContext;I)V" line-rate="1.0" branch-rate="1.0" complexity="0">
							<lines>
								<line number="652" hits="19" branch="false"/>
								<line number="653" hits="19" branch="false"/>
							</lines>
						</method>
						<method name="WhiteSpace" signature="()Ljava/util/List;" line-rate="0.0" branch-rate="1.0" complexity="0">
							<lines>
								<line number="644" hits="0" branch="false"/>
							</lines>
						</method>
						<method name="WhiteSpace" signature="(I)Lorg/antlr/v4/runtime/tree/TerminalNode;" line-rate="0.0" branch-rate="1.0" complexity="0">
							<lines>
								<line number="646" hits="0" branch="false"/>
							</lines>
						</method>
						<method name="accept" signature="(Lorg/antlr/v4/runtime/tree/ParseTreeVisitor;)Ljava/lang/Object;" line-rate="0.0" branch-rate="0.0" complexity="0">
							<lines>
								<line number="665" hits="0" branch="true" condition-coverage="0% (0/2)">
									<conditions>
										<condition number="0" type="jump" coverage="0%"/>
									</conditions>
								</line>
								<line number="666" hits="0" branch="false"/>
							</lines>
						</method>
						<method name="coordinatesets" signature="()Lorg/cugos/wkg/internal/WKTParser$CoordinatesetsContext;" line-rate="1.0" branch-rate="1.0" complexity="0">
							<lines>
								<line number="649" hits="55" branch="false"/>
							</lines>
						</method>
						<method name="dimension" signature="()Lorg/cugos/wkg/internal/WKTParser$DimensionContext;" line-rate="0.0" branch-rate="1.0" complexity="0">
							<lines>
								<line number="642" hits="0" branch="false"/>
							</lines>
						</method>
						<method name="enterRule" signature="(Lorg/antlr/v4/runtime/tree/ParseTreeListener;)V" line-rate="1.0" branch-rate="0.5" complexity="0">
							<lines>
								<line number="657" hits="19" branch="true" condition-coverage="50% (1/2)">
									<conditions>
										<condition number="0" type="jump" coverage="50%"/>
									</conditions>
								</line>
								<line number="658" hits="19" branch="false"/>
							</lines>
						</method>
						<method name="exitRule" signature="(Lorg/antlr/v4/runtime/tree/ParseTreeListener;)V" line-rate="1.0" branch-rate="0.5" complexity="0">
							<lines>
								<line number="661" hits="19" branch="true" condition-coverage="50% (1/2)">
									<conditions>
										<condition number="0" type="jump" coverage="50%"/>
									</conditions>
								</line>
								<line number="662" hits="19" branch="false"/>
							</lines>
						</method>
						<method name="getRuleIndex" signature="()I" line-rate="0.0" branch-rate="1.0" complexity="0">
							<lines>
								<line number="654" hits="0" branch="false"/>
							</lines>
						</method>
						<method name="srid" signature="()Lorg/cugos/wkg/internal/WKTParser$SridContext;" line-rate="0.0" branch-rate="1.0" complexity="0">
							<lines>
								<line number="639" hits="0" branch="false"/>
							</lines>
						</method>
					</methods>
					<lines>
						<line number="639" hits="0" branch="false"/>
						<line number="642" hits="0" branch="false"/>
						<line number="644" hits="0" branch="false"/>
						<line number="646" hits="0" branch="false"/>
						<line number="649" hits="55" branch="false"/>
						<line number="652" hits="19" branch="false"/>
						<line number="653" hits="19" branch="false"/>
						<line number="654" hits="0" branch="false"/>
						<line number="657" hits="19" branch="true" condition-coverage="50% (1/2)">
							<conditions>
								<condition number="0" type="jump" coverage="50%"/>
							</conditions>
						</line>
						<line number="658" hits="19" branch="false"/>
						<line number="661" hits="19" branch="true" condition-coverage="50% (1/2)">
							<conditions>
								<condition number="0" type="jump" coverage="50%"/>
							</conditions>
						</line>
						<line number="662" hits="19" branch="false"/>
						<line number="665" hits="0" branch="true" condition-coverage="0% (0/2)">
							<conditions>
								<condition number="0" type="jump" coverage="0%"/>
							</conditions>
						</line>
						<line number="666" hits="0" branch="false"/>
					</lines>
				</class>
				<class name="org.cugos.wkg.internal.WKTParser$WktContext" filename="org/cugos/wkg/internal/WKTParser.java" line-rate="0.25" branch-rate="0.3333333333333333" complexity="2.035422343324251">
					<methods>
						<method name="&lt;init&gt;" signature="(Lorg/antlr/v4/runtime/ParserRuleContext;I)V" line-rate="1.0" branch-rate="1.0" complexity="0">
							<lines>
								<line number="155" hits="349" branch="false"/>
								<line number="156" hits="349" branch="false"/>
							</lines>
						</method>
						<method name="accept" signature="(Lorg/antlr/v4/runtime/tree/ParseTreeVisitor;)Ljava/lang/Object;" line-rate="0.0" branch-rate="0.0" complexity="0">
							<lines>
								<line number="168" hits="0" branch="true" condition-coverage="0% (0/2)">
									<conditions>
										<condition number="0" type="jump" coverage="0%"/>
									</conditions>
								</line>
								<line number="169" hits="0" branch="false"/>
							</lines>
						</method>
						<method name="circularString" signature="()Lorg/cugos/wkg/internal/WKTParser$CircularStringContext;" line-rate="0.0" branch-rate="1.0" complexity="0">
							<lines>
								<line number="125" hits="0" branch="false"/>
							</lines>
						</method>
						<method name="compoundCurve" signature="()Lorg/cugos/wkg/internal/WKTParser$CompoundCurveContext;" line-rate="0.0" branch-rate="1.0" complexity="0">
							<lines>
								<line number="140" hits="0" branch="false"/>
							</lines>
						</method>
						<method name="curvePolygon" signature="()Lorg/cugos/wkg/internal/WKTParser$CurvePolygonContext;" line-rate="0.0" branch-rate="1.0" complexity="0">
							<lines>
								<line number="143" hits="0" branch="false"/>
							</lines>
						</method>
						<method name="enterRule" signature="(Lorg/antlr/v4/runtime/tree/ParseTreeListener;)V" line-rate="1.0" branch-rate="0.5" complexity="0">
							<lines>
								<line number="160" hits="349" branch="true" condition-coverage="50% (1/2)">
									<conditions>
										<condition number="0" type="jump" coverage="50%"/>
									</conditions>
								</line>
								<line number="161" hits="349" branch="false"/>
							</lines>
						</method>
						<method name="exitRule" signature="(Lorg/antlr/v4/runtime/tree/ParseTreeListener;)V" line-rate="1.0" branch-rate="0.5" complexity="0">
							<lines>
								<line number="164" hits="349" branch="true" condition-coverage="50% (1/2)">
									<conditions>
										<condition number="0" type="jump" coverage="50%"/>
									</conditions>
								</line>
								<line number="165" hits="349" branch="false"/>
							</lines>
						</method>
						<method name="geometryCollection" signature="()Lorg/cugos/wkg/internal/WKTParser$GeometryCollectionContext;" line-rate="0.0" branch-rate="1.0" complexity="0">
							<lines>
								<line number="152" hits="0" branch="false"/>
							</lines>
						</method>
						<method name="getRuleIndex" signature="()I" line-rate="0.0" branch-rate="1.0" complexity="0">
							<lines>
								<line number="157" hits="0" branch="false"/>
							</lines>
						</method>
						<method name="lineString" signature="()Lorg/cugos/wkg/internal/WKTParser$LineStringContext;" line-rate="0.0" branch-rate="1.0" complexity="0">
							<lines>
								<line number="113" hits="0" branch="false"/>
							</lines>
						</method>
						<method name="multiCurve" signature="()Lorg/cugos/wkg/internal/WKTParser$MultiCurveContext;" line-rate="0.0" branch-rate="1.0" complexity="0">
							<lines>
								<line number="146" hits="0" branch="false"/>
							</lines>
						</method>
						<method name="multiLineString" signature="()Lorg/cugos/wkg/internal/WKTParser$MultiLineStringContext;" line-rate="0.0" branch-rate="1.0" complexity="0">
							<lines>
								<line number="122" hits="0" branch="false"/>
							</lines>
						</method>
						<method name="multiPoint" signature="()Lorg/cugos/wkg/internal/WKTParser$MultiPointContext;" line-rate="0.0" branch-rate="1.0" complexity="0">
							<lines>
								<line number="119" hits="0" branch="false"/>
							</lines>
						</method>
						<method name="multiPolygon" signature="()Lorg/cugos/wkg/internal/WKTParser$MultiPolygonContext;" line-rate="0.0" branch-rate="1.0" complexity="0">
							<lines>
								<line number="137" hits="0" branch="false"/>
							</lines>
						</method>
						<method name="multiSurface" signature="()Lorg/cugos/wkg/internal/WKTParser$MultiSurfaceContext;" line-rate="0.0" branch-rate="1.0" complexity="0">
							<lines>
								<line number="149" hits="0" branch="false"/>
							</lines>
						</method>
						<method name="point" signature="()Lorg/cugos/wkg/internal/WKTParser$PointContext;" line-rate="0.0" branch-rate="1.0" complexity="0">
							<lines>
								<line number="110" hits="0" branch="false"/>
							</lines>
						</method>
						<method name="polyHedralSurface" signature="()Lorg/cugos/wkg/internal/WKTParser$PolyHedralSurfaceContext;" line-rate="0.0" branch-rate="1.0" complexity="0">
							<lines>
								<line number="134" hits="0" branch="false"/>
							</lines>
						</method>
						<method name="polygon" signature="()Lorg/cugos/wkg/internal/WKTParser$PolygonContext;" line-rate="0.0" branch-rate="1.0" complexity="0">
							<lines>
								<line number="116" hits="0" branch="false"/>
							</lines>
						</method>
						<method name="tin" signature="()Lorg/cugos/wkg/internal/WKTParser$TinContext;" line-rate="0.0" branch-rate="1.0" complexity="0">
							<lines>
								<line number="131" hits="0" branch="false"/>
							</lines>
						</method>
						<method name="triangle" signature="()Lorg/cugos/wkg/internal/WKTParser$TriangleContext;" line-rate="0.0" branch-rate="1.0" complexity="0">
							<lines>
								<line number="128" hits="0" branch="false"/>
							</lines>
						</method>
					</methods>
					<lines>
						<line number="110" hits="0" branch="false"/>
						<line number="113" hits="0" branch="false"/>
						<line number="116" hits="0" branch="false"/>
						<line number="119" hits="0" branch="false"/>
						<line number="122" hits="0" branch="false"/>
						<line number="125" hits="0" branch="false"/>
						<line number="128" hits="0" branch="false"/>
						<line number="131" hits="0" branch="false"/>
						<line number="134" hits="0" branch="false"/>
						<line number="137" hits="0" branch="false"/>
						<line number="140" hits="0" branch="false"/>
						<line number="143" hits="0" branch="false"/>
						<line number="146" hits="0" branch="false"/>
						<line number="149" hits="0" branch="false"/>
						<line number="152" hits="0" branch="false"/>
						<line number="155" hits="349" branch="false"/>
						<line number="156" hits="349" branch="false"/>
						<line number="157" hits="0" branch="false"/>
						<line number="160" hits="349" branch="true" condition-coverage="50% (1/2)">
							<conditions>
								<condition number="0" type="jump" coverage="50%"/>
							</conditions>
						</line>
						<line number="161" hits="349" branch="false"/>
						<line number="164" hits="349" branch="true" condition-coverage="50% (1/2)">
							<conditions>
								<condition number="0" type="jump" coverage="50%"/>
							</conditions>
						</line>
						<line number="165" hits="349" branch="false"/>
						<line number="168" hits="0" branch="true" condition-coverage="0% (0/2)">
							<conditions>
								<condition number="0" type="jump" coverage="0%"/>
							</conditions>
						</line>
						<line number="169" hits="0" branch="false"/>
					</lines>
				</class>
				<class name="org.cugos.wkg.internal.WKTVisitor" filename="org/cugos/wkg/internal/WKTVisitor.java" line-rate="1.0" branch-rate="1.0" complexity="1.0">
					<methods>
					</methods>
					<lines>
					</lines>
				</class>
			</classes>
		</package>
	</packages>
</coverage>
