<?xml version="1.0" encoding="UTF-8" standalone="yes"?><!DOCTYPE report PUBLIC "-//JACOCO//DTD Report 1.1//EN" "report.dtd"><report name="wkg"><sessioninfo id="fv-az651-369-64a8b5b4" start="1701306863646" dump="1701306865688"/><sessioninfo id="fv-az651-369-bcb061c9" start="1701306872483" dump="1701306874600"/><package name="org/cugos/wkg"><class name="org/cugos/wkg/GeometryCollection" sourcefilename="GeometryCollection.java"><method name="&lt;init&gt;" desc="(Ljava/util/List;Lorg/cugos/wkg/Dimension;)V" line="19"><counter type="INSTRUCTION" missed="0" covered="6"/><counter type="LINE" missed="0" covered="2"/><counter type="COMPLEXITY" missed="0" covered="1"/><counter type="METHOD" missed="0" covered="1"/></method><method name="&lt;init&gt;" desc="(Ljava/util/List;Lorg/cugos/wkg/Dimension;Ljava/lang/String;)V" line="29"><counter type="INSTRUCTION" missed="0" covered="6"/><counter type="LINE" missed="0" covered="2"/><counter type="COMPLEXITY" missed="0" covered="1"/><counter type="METHOD" missed="0" covered="1"/></method><method name="getGeometries" desc="()Ljava/util/List;" line="37"><counter type="INSTRUCTION" missed="0" covered="3"/><counter type="LINE" missed="0" covered="1"/><counter type="COMPLEXITY" missed="0" covered="1"/><counter type="METHOD" missed="0" covered="1"/></method><method name="createEmpty" desc="()Lorg/cugos/wkg/GeometryCollection;" line="45"><counter type="INSTRUCTION" missed="0" covered="9"/><counter type="LINE" missed="0" covered="1"/><counter type="COMPLEXITY" missed="0" covered="1"/><counter type="METHOD" missed="0" covered="1"/></method><counter type="INSTRUCTION" missed="0" covered="24"/><counter type="LINE" missed="0" covered="6"/><counter type="COMPLEXITY" missed="0" covered="4"/><counter type="METHOD" missed="0" covered="4"/><counter type="CLASS" missed="0" covered="1"/></class><class name="org/cugos/wkg/Writers" sourcefilename="Writers.java"><method name="&lt;init&gt;" desc="()V" line="13"><counter type="INSTRUCTION" missed="3" covered="0"/><counter type="LINE" missed="1" covered="0"/><counter type="COMPLEXITY" missed="1" covered="0"/><counter type="METHOD" missed="1" covered="0"/></method><method name="list" desc="()Ljava/util/List;" line="20"><counter type="INSTRUCTION" missed="0" covered="22"/><counter type="BRANCH" missed="0" covered="2"/><counter type="LINE" missed="0" covered="6"/><counter type="COMPLEXITY" missed="0" covered="2"/><counter type="METHOD" missed="0" covered="1"/></method><method name="find" desc="(Ljava/lang/String;)Lorg/cugos/wkg/Writer;" line="35"><counter type="INSTRUCTION" missed="0" covered="22"/><counter type="BRANCH" missed="0" covered="4"/><counter type="LINE" missed="0" covered="6"/><counter type="COMPLEXITY" missed="0" covered="3"/><counter type="METHOD" missed="0" covered="1"/></method><counter type="INSTRUCTION" missed="3" covered="44"/><counter type="BRANCH" missed="0" covered="6"/><counter type="LINE" missed="1" covered="12"/><counter type="COMPLEXITY" missed="1" covered="5"/><counter type="METHOD" missed="1" covered="2"/><counter type="CLASS" missed="0" covered="1"/></class><class name="org/cugos/wkg/GeoJSONReader$1" sourcefilename="GeoJSONReader.java"><method name="&lt;init&gt;" desc="(Lorg/cugos/wkg/GeoJSONReader;)V" line="207"><counter type="INSTRUCTION" missed="0" covered="6"/><counter type="LINE" missed="0" covered="1"/><counter type="COMPLEXITY" missed="0" covered="1"/><counter type="METHOD" missed="0" covered="1"/></method><method name="syntaxError" desc="(Lorg/antlr/v4/runtime/Recognizer;Ljava/lang/Object;IILjava/lang/String;Lorg/antlr/v4/runtime/RecognitionException;)V" line="210"><counter type="INSTRUCTION" missed="8" covered="0"/><counter type="LINE" missed="1" covered="0"/><counter type="COMPLEXITY" missed="1" covered="0"/><counter type="METHOD" missed="1" covered="0"/></method><counter type="INSTRUCTION" missed="8" covered="6"/><counter type="LINE" missed="1" covered="1"/><counter type="COMPLEXITY" missed="1" covered="1"/><counter type="METHOD" missed="1" covered="1"/><counter type="CLASS" missed="0" covered="1"/></class><class name="org/cugos/wkg/GeoJSONReader$2" sourcefilename="GeoJSONReader.java"><method name="&lt;init&gt;" desc="(Lorg/cugos/wkg/GeoJSONReader;Ljava/util/Stack;)V" line="216"><counter type="INSTRUCTION" missed="0" covered="9"/><counter type="LINE" missed="0" covered="1"/><counter type="COMPLEXITY" missed="0" covered="1"/><counter type="METHOD" missed="0" covered="1"/></method><method name="enterObj" desc="(Lorg/cugos/wkg/internal/JSONParser$ObjContext;)V" line="220"><counter type="INSTRUCTION" missed="0" covered="8"/><counter type="LINE" missed="0" covered="2"/><counter type="COMPLEXITY" missed="0" covered="1"/><counter type="METHOD" missed="0" covered="1"/></method><method name="exitPair" desc="(Lorg/cugos/wkg/internal/JSONParser$PairContext;)V" line="225"><counter type="INSTRUCTION" missed="0" covered="21"/><counter type="LINE" missed="0" covered="4"/><counter type="COMPLEXITY" missed="0" covered="1"/><counter type="METHOD" missed="0" covered="1"/></method><method name="enterArray" desc="(Lorg/cugos/wkg/internal/JSONParser$ArrayContext;)V" line="232"><counter type="INSTRUCTION" missed="0" covered="8"/><counter type="LINE" missed="0" covered="2"/><counter type="COMPLEXITY" missed="0" covered="1"/><counter type="METHOD" missed="0" covered="1"/></method><method name="exitArray" desc="(Lorg/cugos/wkg/internal/JSONParser$ArrayContext;)V" line="237"><counter type="INSTRUCTION" missed="0" covered="43"/><counter type="BRANCH" missed="0" covered="4"/><counter type="LINE" missed="0" covered="10"/><counter type="COMPLEXITY" missed="0" covered="3"/><counter type="METHOD" missed="0" covered="1"/></method><method name="removeDoubleQuotes" desc="(Ljava/lang/String;)Ljava/lang/String;" line="251"><counter type="INSTRUCTION" missed="2" covered="7"/><counter type="BRANCH" missed="1" covered="1"/><counter type="LINE" missed="1" covered="2"/><counter type="COMPLEXITY" missed="1" covered="1"/><counter type="METHOD" missed="0" covered="1"/></method><method name="parseNumber" desc="(Ljava/lang/String;)Ljava/lang/Number;" line="259"><counter type="INSTRUCTION" missed="0" covered="12"/><counter type="BRANCH" missed="0" covered="2"/><counter type="LINE" missed="0" covered="3"/><counter type="COMPLEXITY" missed="0" covered="2"/><counter type="METHOD" missed="0" covered="1"/></method><method name="getValueFromValueContent" desc="(Lorg/cugos/wkg/internal/JSONParser$ValueContext;)Ljava/lang/Object;" line="267"><counter type="INSTRUCTION" missed="2" covered="34"/><counter type="BRANCH" missed="1" covered="7"/><counter type="LINE" missed="1" covered="8"/><counter type="COMPLEXITY" missed="1" covered="4"/><counter type="METHOD" missed="0" covered="1"/></method><counter type="INSTRUCTION" missed="4" covered="142"/><counter type="BRANCH" missed="2" covered="14"/><counter type="LINE" missed="2" covered="32"/><counter type="COMPLEXITY" missed="2" covered="14"/><counter type="METHOD" missed="0" covered="8"/><counter type="CLASS" missed="0" covered="1"/></class><class name="org/cugos/wkg/GeoJSONReader$JSON" sourcefilename="GeoJSONReader.java"/><class name="org/cugos/wkg/Point" sourcefilename="Point.java"><method name="&lt;init&gt;" desc="(Lorg/cugos/wkg/Coordinate;Lorg/cugos/wkg/Dimension;)V" line="23"><counter type="INSTRUCTION" missed="0" covered="6"/><counter type="LINE" missed="0" covered="2"/><counter type="COMPLEXITY" missed="0" covered="1"/><counter type="METHOD" missed="0" covered="1"/></method><method name="&lt;init&gt;" desc="(Lorg/cugos/wkg/Coordinate;Lorg/cugos/wkg/Dimension;Ljava/lang/String;)V" line="33"><counter type="INSTRUCTION" missed="0" covered="8"/><counter type="LINE" missed="0" covered="3"/><counter type="COMPLEXITY" missed="0" covered="1"/><counter type="METHOD" missed="0" covered="1"/></method><method name="getCoordinate" desc="()Lorg/cugos/wkg/Coordinate;" line="42"><counter type="INSTRUCTION" missed="0" covered="3"/><counter type="LINE" missed="0" covered="1"/><counter type="COMPLEXITY" missed="0" covered="1"/><counter type="METHOD" missed="0" covered="1"/></method><method name="isEmpty" desc="()Z" line="47"><counter type="INSTRUCTION" missed="0" covered="11"/><counter type="BRANCH" missed="1" covered="3"/><counter type="LINE" missed="0" covered="1"/><counter type="COMPLEXITY" missed="1" covered="2"/><counter type="METHOD" missed="0" covered="1"/></method><method name="getNumberOfCoordinates" desc="()I" line="52"><counter type="INSTRUCTION" missed="0" covered="7"/><counter type="BRANCH" missed="0" covered="2"/><counter type="LINE" missed="0" covered="1"/><counter type="COMPLEXITY" missed="0" covered="2"/><counter type="METHOD" missed="0" covered="1"/></method><method name="getCoordinates" desc="()Ljava/util/List;" line="57"><counter type="INSTRUCTION" missed="0" covered="9"/><counter type="LINE" missed="0" covered="1"/><counter type="COMPLEXITY" missed="0" covered="1"/><counter type="METHOD" missed="0" covered="1"/></method><method name="createEmpty" desc="()Lorg/cugos/wkg/Point;" line="65"><counter type="INSTRUCTION" missed="0" covered="7"/><counter type="LINE" missed="0" covered="1"/><counter type="COMPLEXITY" missed="0" covered="1"/><counter type="METHOD" missed="0" covered="1"/></method><counter type="INSTRUCTION" missed="0" covered="51"/><counter type="BRANCH" missed="1" covered="5"/><counter type="LINE" missed="0" covered="10"/><counter type="COMPLEXITY" missed="1" covered="9"/><counter type="METHOD" missed="0" covered="7"/><counter type="CLASS" missed="0" covered="1"/></class><class name="org/cugos/wkg/Polygon" sourcefilename="Polygon.java"><method name="&lt;init&gt;" desc="(Lorg/cugos/wkg/LinearRing;Ljava/util/List;Lorg/cugos/wkg/Dimension;)V" line="30"><counter type="INSTRUCTION" missed="0" covered="7"/><counter type="LINE" missed="0" covered="2"/><counter type="COMPLEXITY" missed="0" covered="1"/><counter type="METHOD" missed="0" covered="1"/></method><method name="&lt;init&gt;" desc="(Lorg/cugos/wkg/LinearRing;Ljava/util/List;Lorg/cugos/wkg/Dimension;Ljava/lang/String;)V" line="41"><counter type="INSTRUCTION" missed="0" covered="12"/><counter type="LINE" missed="0" covered="4"/><counter type="COMPLEXITY" missed="0" covered="1"/><counter type="METHOD" missed="0" covered="1"/></method><method name="&lt;init&gt;" desc="(Lorg/cugos/wkg/LinearRing;Lorg/cugos/wkg/Dimension;)V" line="52"><counter type="INSTRUCTION" missed="0" covered="8"/><counter type="LINE" missed="0" covered="2"/><counter type="COMPLEXITY" missed="0" covered="1"/><counter type="METHOD" missed="0" covered="1"/></method><method name="&lt;init&gt;" desc="(Lorg/cugos/wkg/LinearRing;Lorg/cugos/wkg/Dimension;Ljava/lang/String;)V" line="62"><counter type="INSTRUCTION" missed="0" covered="9"/><counter type="LINE" missed="0" covered="2"/><counter type="COMPLEXITY" missed="0" covered="1"/><counter type="METHOD" missed="0" covered="1"/></method><method name="getOuterLinearRing" desc="()Lorg/cugos/wkg/LinearRing;" line="70"><counter type="INSTRUCTION" missed="0" covered="3"/><counter type="LINE" missed="0" covered="1"/><counter type="COMPLEXITY" missed="0" covered="1"/><counter type="METHOD" missed="0" covered="1"/></method><method name="getInnerLinearRings" desc="()Ljava/util/List;" line="78"><counter type="INSTRUCTION" missed="0" covered="3"/><counter type="LINE" missed="0" covered="1"/><counter type="COMPLEXITY" missed="0" covered="1"/><counter type="METHOD" missed="0" covered="1"/></method><method name="isEmpty" desc="()Z" line="83"><counter type="INSTRUCTION" missed="2" covered="9"/><counter type="BRANCH" missed="1" covered="1"/><counter type="LINE" missed="0" covered="1"/><counter type="COMPLEXITY" missed="1" covered="1"/><counter type="METHOD" missed="0" covered="1"/></method><method name="getNumberOfCoordinates" desc="()I" line="88"><counter type="INSTRUCTION" missed="0" covered="23"/><counter type="BRANCH" missed="0" covered="2"/><counter type="LINE" missed="0" covered="5"/><counter type="COMPLEXITY" missed="0" covered="2"/><counter type="METHOD" missed="0" covered="1"/></method><method name="getCoordinates" desc="()Ljava/util/List;" line="97"><counter type="INSTRUCTION" missed="0" covered="30"/><counter type="BRANCH" missed="0" covered="2"/><counter type="LINE" missed="0" covered="6"/><counter type="COMPLEXITY" missed="0" covered="2"/><counter type="METHOD" missed="0" covered="1"/></method><method name="createEmpty" desc="()Lorg/cugos/wkg/Polygon;" line="110"><counter type="INSTRUCTION" missed="0" covered="10"/><counter type="LINE" missed="0" covered="1"/><counter type="COMPLEXITY" missed="0" covered="1"/><counter type="METHOD" missed="0" covered="1"/></method><counter type="INSTRUCTION" missed="2" covered="114"/><counter type="BRANCH" missed="1" covered="5"/><counter type="LINE" missed="0" covered="25"/><counter type="COMPLEXITY" missed="1" covered="12"/><counter type="METHOD" missed="0" covered="10"/><counter type="CLASS" missed="0" covered="1"/></class><class name="org/cugos/wkg/Coordinate" sourcefilename="Coordinate.java"><method name="&lt;init&gt;" desc="(DDDD)V" line="36"><counter type="INSTRUCTION" missed="0" covered="15"/><counter type="LINE" missed="0" covered="6"/><counter type="COMPLEXITY" missed="0" covered="1"/><counter type="METHOD" missed="0" covered="1"/></method><method name="&lt;init&gt;" desc="(DD)V" line="49"><counter type="INSTRUCTION" missed="0" covered="7"/><counter type="LINE" missed="0" covered="2"/><counter type="COMPLEXITY" missed="0" covered="1"/><counter type="METHOD" missed="0" covered="1"/></method><method name="createEmpty" desc="()Lorg/cugos/wkg/Coordinate;" line="57"><counter type="INSTRUCTION" missed="0" covered="8"/><counter type="LINE" missed="0" covered="1"/><counter type="COMPLEXITY" missed="0" covered="1"/><counter type="METHOD" missed="0" covered="1"/></method><method name="create2D" desc="(DD)Lorg/cugos/wkg/Coordinate;" line="67"><counter type="INSTRUCTION" missed="0" covered="8"/><counter type="LINE" missed="0" covered="1"/><counter type="COMPLEXITY" missed="0" covered="1"/><counter type="METHOD" missed="0" covered="1"/></method><method name="create3D" desc="(DDD)Lorg/cugos/wkg/Coordinate;" line="78"><counter type="INSTRUCTION" missed="0" covered="8"/><counter type="LINE" missed="0" covered="1"/><counter type="COMPLEXITY" missed="0" covered="1"/><counter type="METHOD" missed="0" covered="1"/></method><method name="create2DM" desc="(DDD)Lorg/cugos/wkg/Coordinate;" line="89"><counter type="INSTRUCTION" missed="0" covered="8"/><counter type="LINE" missed="0" covered="1"/><counter type="COMPLEXITY" missed="0" covered="1"/><counter type="METHOD" missed="0" covered="1"/></method><method name="create3DM" desc="(DDDD)Lorg/cugos/wkg/Coordinate;" line="101"><counter type="INSTRUCTION" missed="0" covered="8"/><counter type="LINE" missed="0" covered="1"/><counter type="COMPLEXITY" missed="0" covered="1"/><counter type="METHOD" missed="0" covered="1"/></method><method name="getX" desc="()D" line="109"><counter type="INSTRUCTION" missed="0" covered="3"/><counter type="LINE" missed="0" covered="1"/><counter type="COMPLEXITY" missed="0" covered="1"/><counter type="METHOD" missed="0" covered="1"/></method><method name="getY" desc="()D" line="117"><counter type="INSTRUCTION" missed="0" covered="3"/><counter type="LINE" missed="0" covered="1"/><counter type="COMPLEXITY" missed="0" covered="1"/><counter type="METHOD" missed="0" covered="1"/></method><method name="getZ" desc="()D" line="125"><counter type="INSTRUCTION" missed="0" covered="3"/><counter type="LINE" missed="0" covered="1"/><counter type="COMPLEXITY" missed="0" covered="1"/><counter type="METHOD" missed="0" covered="1"/></method><method name="getM" desc="()D" line="133"><counter type="INSTRUCTION" missed="0" covered="3"/><counter type="LINE" missed="0" covered="1"/><counter type="COMPLEXITY" missed="0" covered="1"/><counter type="METHOD" missed="0" covered="1"/></method><method name="getDimension" desc="()Lorg/cugos/wkg/Dimension;" line="141"><counter type="INSTRUCTION" missed="0" covered="24"/><counter type="BRANCH" missed="0" covered="8"/><counter type="LINE" missed="0" covered="7"/><counter type="COMPLEXITY" missed="0" covered="5"/><counter type="METHOD" missed="0" covered="1"/></method><method name="isEmpty" desc="()Z" line="157"><counter type="INSTRUCTION" missed="0" covered="12"/><counter type="BRANCH" missed="1" covered="3"/><counter type="LINE" missed="0" covered="1"/><counter type="COMPLEXITY" missed="1" covered="2"/><counter type="METHOD" missed="0" covered="1"/></method><method name="equals" desc="(Ljava/lang/Object;)Z" line="162"><counter type="INSTRUCTION" missed="8" covered="43"/><counter type="BRANCH" missed="5" covered="9"/><counter type="LINE" missed="0" covered="8"/><counter type="COMPLEXITY" missed="5" covered="3"/><counter type="METHOD" missed="0" covered="1"/></method><method name="hashCode" desc="()I" line="179"><counter type="INSTRUCTION" missed="0" covered="58"/><counter type="LINE" missed="0" covered="9"/><counter type="COMPLEXITY" missed="0" covered="1"/><counter type="METHOD" missed="0" covered="1"/></method><method name="toString" desc="()Ljava/lang/String;" line="192"><counter type="INSTRUCTION" missed="0" covered="29"/><counter type="BRANCH" missed="0" covered="4"/><counter type="LINE" missed="0" covered="7"/><counter type="COMPLEXITY" missed="0" covered="3"/><counter type="METHOD" missed="0" covered="1"/></method><counter type="INSTRUCTION" missed="8" covered="240"/><counter type="BRANCH" missed="6" covered="24"/><counter type="LINE" missed="0" covered="49"/><counter type="COMPLEXITY" missed="6" covered="25"/><counter type="METHOD" missed="0" covered="16"/><counter type="CLASS" missed="0" covered="1"/></class><class name="org/cugos/wkg/WKB" sourcefilename="WKB.java"/><class name="org/cugos/wkg/WKTReader$Var" sourcefilename="WKTReader.java"><method name="&lt;init&gt;" desc="()V" line="387"><counter type="INSTRUCTION" missed="0" covered="6"/><counter type="LINE" missed="0" covered="2"/><counter type="COMPLEXITY" missed="0" covered="1"/><counter type="METHOD" missed="0" covered="1"/></method><method name="get" desc="()Ljava/lang/Object;" line="390"><counter type="INSTRUCTION" missed="0" covered="3"/><counter type="LINE" missed="0" covered="1"/><counter type="COMPLEXITY" missed="0" covered="1"/><counter type="METHOD" missed="0" covered="1"/></method><method name="set" desc="(Ljava/lang/Object;)V" line="393"><counter type="INSTRUCTION" missed="0" covered="4"/><counter type="LINE" missed="0" covered="2"/><counter type="COMPLEXITY" missed="0" covered="1"/><counter type="METHOD" missed="0" covered="1"/></method><counter type="INSTRUCTION" missed="0" covered="13"/><counter type="LINE" missed="0" covered="5"/><counter type="COMPLEXITY" missed="0" covered="3"/><counter type="METHOD" missed="0" covered="3"/><counter type="CLASS" missed="0" covered="1"/></class><class name="org/cugos/wkg/GeoPackage" sourcefilename="GeoPackage.java"><method name="&lt;init&gt;" desc="()V" line="7"><counter type="INSTRUCTION" missed="3" covered="0"/><counter type="LINE" missed="1" covered="0"/><counter type="COMPLEXITY" missed="1" covered="0"/><counter type="METHOD" missed="1" covered="0"/></method><counter type="INSTRUCTION" missed="3" covered="0"/><counter type="LINE" missed="1" covered="0"/><counter type="COMPLEXITY" missed="1" covered="0"/><counter type="METHOD" missed="1" covered="0"/><counter type="CLASS" missed="1" covered="0"/></class><class name="org/cugos/wkg/WKTWriter" sourcefilename="WKTWriter.java"><method name="&lt;init&gt;" desc="()V" line="21"><counter type="INSTRUCTION" missed="0" covered="4"/><counter type="LINE" missed="0" covered="2"/><counter type="COMPLEXITY" missed="0" covered="1"/><counter type="METHOD" missed="0" covered="1"/></method><method name="&lt;init&gt;" desc="(Z)V" line="28"><counter type="INSTRUCTION" missed="0" covered="6"/><counter type="LINE" missed="0" covered="3"/><counter type="COMPLEXITY" missed="0" covered="1"/><counter type="METHOD" missed="0" covered="1"/></method><method name="write" desc="(Lorg/cugos/wkg/Geometry;)Ljava/lang/String;" line="39"><counter type="INSTRUCTION" missed="0" covered="6"/><counter type="LINE" missed="0" covered="1"/><counter type="COMPLEXITY" missed="0" covered="1"/><counter type="METHOD" missed="0" covered="1"/></method><method name="getName" desc="()Ljava/lang/String;" line="44"><counter type="INSTRUCTION" missed="0" covered="2"/><counter type="LINE" missed="0" covered="1"/><counter type="COMPLEXITY" missed="0" covered="1"/><counter type="METHOD" missed="0" covered="1"/></method><method name="write" desc="(Lorg/cugos/wkg/Geometry;ZZ)Ljava/lang/String;" line="55"><counter type="INSTRUCTION" missed="15" covered="153"/><counter type="BRANCH" missed="2" covered="30"/><counter type="LINE" missed="2" covered="31"/><counter type="COMPLEXITY" missed="2" covered="15"/><counter type="METHOD" missed="0" covered="1"/></method><method name="write" desc="(Lorg/cugos/wkg/Point;)Ljava/lang/String;" line="94"><counter type="INSTRUCTION" missed="0" covered="6"/><counter type="LINE" missed="0" covered="1"/><counter type="COMPLEXITY" missed="0" covered="1"/><counter type="METHOD" missed="0" covered="1"/></method><method name="write" desc="(Lorg/cugos/wkg/Point;ZZ)Ljava/lang/String;" line="98"><counter type="INSTRUCTION" missed="0" covered="46"/><counter type="BRANCH" missed="0" covered="6"/><counter type="LINE" missed="0" covered="13"/><counter type="COMPLEXITY" missed="0" covered="4"/><counter type="METHOD" missed="0" covered="1"/></method><method name="write" desc="(Lorg/cugos/wkg/LineString;)Ljava/lang/String;" line="118"><counter type="INSTRUCTION" missed="0" covered="6"/><counter type="LINE" missed="0" covered="1"/><counter type="COMPLEXITY" missed="0" covered="1"/><counter type="METHOD" missed="0" covered="1"/></method><method name="write" desc="(Lorg/cugos/wkg/LineString;ZZ)Ljava/lang/String;" line="122"><counter type="INSTRUCTION" missed="0" covered="46"/><counter type="BRANCH" missed="0" covered="6"/><counter type="LINE" missed="0" covered="13"/><counter type="COMPLEXITY" missed="0" covered="4"/><counter type="METHOD" missed="0" covered="1"/></method><method name="write" desc="(Lorg/cugos/wkg/LinearRing;)Ljava/lang/String;" line="142"><counter type="INSTRUCTION" missed="6" covered="0"/><counter type="LINE" missed="1" covered="0"/><counter type="COMPLEXITY" missed="1" covered="0"/><counter type="METHOD" missed="1" covered="0"/></method><method name="write" desc="(Lorg/cugos/wkg/LinearRing;ZZ)Ljava/lang/String;" line="146"><counter type="INSTRUCTION" missed="46" covered="0"/><counter type="BRANCH" missed="6" covered="0"/><counter type="LINE" missed="13" covered="0"/><counter type="COMPLEXITY" missed="4" covered="0"/><counter type="METHOD" missed="1" covered="0"/></method><method name="write" desc="(Lorg/cugos/wkg/MultiPoint;)Ljava/lang/String;" line="166"><counter type="INSTRUCTION" missed="6" covered="0"/><counter type="LINE" missed="1" covered="0"/><counter type="COMPLEXITY" missed="1" covered="0"/><counter type="METHOD" missed="1" covered="0"/></method><method name="write" desc="(Lorg/cugos/wkg/MultiPoint;ZZ)Ljava/lang/String;" line="170"><counter type="INSTRUCTION" missed="0" covered="68"/><counter type="BRANCH" missed="0" covered="8"/><counter type="LINE" missed="0" covered="17"/><counter type="COMPLEXITY" missed="0" covered="5"/><counter type="METHOD" missed="0" covered="1"/></method><method name="write" desc="(Lorg/cugos/wkg/Polygon;)Ljava/lang/String;" line="194"><counter type="INSTRUCTION" missed="0" covered="6"/><counter type="LINE" missed="0" covered="1"/><counter type="COMPLEXITY" missed="0" covered="1"/><counter type="METHOD" missed="0" covered="1"/></method><method name="write" desc="(Lorg/cugos/wkg/Polygon;ZZ)Ljava/lang/String;" line="198"><counter type="INSTRUCTION" missed="0" covered="79"/><counter type="BRANCH" missed="1" covered="9"/><counter type="LINE" missed="0" covered="18"/><counter type="COMPLEXITY" missed="1" covered="5"/><counter type="METHOD" missed="0" covered="1"/></method><method name="write" desc="(Lorg/cugos/wkg/MultiPolygon;)Ljava/lang/String;" line="225"><counter type="INSTRUCTION" missed="6" covered="0"/><counter type="LINE" missed="1" covered="0"/><counter type="COMPLEXITY" missed="1" covered="0"/><counter type="METHOD" missed="1" covered="0"/></method><method name="write" desc="(Lorg/cugos/wkg/MultiPolygon;ZZ)Ljava/lang/String;" line="229"><counter type="INSTRUCTION" missed="0" covered="106"/><counter type="BRANCH" missed="0" covered="12"/><counter type="LINE" missed="0" covered="26"/><counter type="COMPLEXITY" missed="0" covered="7"/><counter type="METHOD" missed="0" covered="1"/></method><method name="write" desc="(Lorg/cugos/wkg/MultiLineString;)Ljava/lang/String;" line="266"><counter type="INSTRUCTION" missed="6" covered="0"/><counter type="LINE" missed="1" covered="0"/><counter type="COMPLEXITY" missed="1" covered="0"/><counter type="METHOD" missed="1" covered="0"/></method><method name="write" desc="(Lorg/cugos/wkg/MultiLineString;ZZ)Ljava/lang/String;" line="270"><counter type="INSTRUCTION" missed="0" covered="76"/><counter type="BRANCH" missed="0" covered="10"/><counter type="LINE" missed="0" covered="20"/><counter type="COMPLEXITY" missed="0" covered="6"/><counter type="METHOD" missed="0" covered="1"/></method><method name="write" desc="(Lorg/cugos/wkg/GeometryCollection;)Ljava/lang/String;" line="299"><counter type="INSTRUCTION" missed="6" covered="0"/><counter type="LINE" missed="1" covered="0"/><counter type="COMPLEXITY" missed="1" covered="0"/><counter type="METHOD" missed="1" covered="0"/></method><method name="write" desc="(Lorg/cugos/wkg/GeometryCollection;ZZ)Ljava/lang/String;" line="303"><counter type="INSTRUCTION" missed="0" covered="71"/><counter type="BRANCH" missed="0" covered="10"/><counter type="LINE" missed="0" covered="18"/><counter type="COMPLEXITY" missed="0" covered="6"/><counter type="METHOD" missed="0" covered="1"/></method><method name="write" desc="(Lorg/cugos/wkg/Triangle;)Ljava/lang/String;" line="330"><counter type="INSTRUCTION" missed="6" covered="0"/><counter type="LINE" missed="1" covered="0"/><counter type="COMPLEXITY" missed="1" covered="0"/><counter type="METHOD" missed="1" covered="0"/></method><method name="write" desc="(Lorg/cugos/wkg/Triangle;ZZ)Ljava/lang/String;" line="334"><counter type="INSTRUCTION" missed="18" covered="58"/><counter type="BRANCH" missed="1" covered="7"/><counter type="LINE" missed="4" covered="14"/><counter type="COMPLEXITY" missed="1" covered="4"/><counter type="METHOD" missed="0" covered="1"/></method><method name="write" desc="(Lorg/cugos/wkg/CircularString;)Ljava/lang/String;" line="361"><counter type="INSTRUCTION" missed="0" covered="6"/><counter type="LINE" missed="0" covered="1"/><counter type="COMPLEXITY" missed="0" covered="1"/><counter type="METHOD" missed="0" covered="1"/></method><method name="write" desc="(Lorg/cugos/wkg/CircularString;ZZ)Ljava/lang/String;" line="365"><counter type="INSTRUCTION" missed="0" covered="46"/><counter type="BRANCH" missed="0" covered="6"/><counter type="LINE" missed="0" covered="13"/><counter type="COMPLEXITY" missed="0" covered="4"/><counter type="METHOD" missed="0" covered="1"/></method><method name="write" desc="(Lorg/cugos/wkg/Tin;)Ljava/lang/String;" line="385"><counter type="INSTRUCTION" missed="6" covered="0"/><counter type="LINE" missed="1" covered="0"/><counter type="COMPLEXITY" missed="1" covered="0"/><counter type="METHOD" missed="1" covered="0"/></method><method name="write" desc="(Lorg/cugos/wkg/Tin;ZZ)Ljava/lang/String;" line="389"><counter type="INSTRUCTION" missed="18" covered="88"/><counter type="BRANCH" missed="1" covered="11"/><counter type="LINE" missed="4" covered="22"/><counter type="COMPLEXITY" missed="1" covered="6"/><counter type="METHOD" missed="0" covered="1"/></method><method name="write" desc="(Lorg/cugos/wkg/CompoundCurve;)Ljava/lang/String;" line="426"><counter type="INSTRUCTION" missed="6" covered="0"/><counter type="LINE" missed="1" covered="0"/><counter type="COMPLEXITY" missed="1" covered="0"/><counter type="METHOD" missed="1" covered="0"/></method><method name="write" desc="(Lorg/cugos/wkg/CompoundCurve;ZZ)Ljava/lang/String;" line="430"><counter type="INSTRUCTION" missed="0" covered="93"/><counter type="BRANCH" missed="1" covered="13"/><counter type="LINE" missed="0" covered="23"/><counter type="COMPLEXITY" missed="1" covered="7"/><counter type="METHOD" missed="0" covered="1"/></method><method name="write" desc="(Lorg/cugos/wkg/CurvePolygon;)Ljava/lang/String;" line="463"><counter type="INSTRUCTION" missed="6" covered="0"/><counter type="LINE" missed="1" covered="0"/><counter type="COMPLEXITY" missed="1" covered="0"/><counter type="METHOD" missed="1" covered="0"/></method><method name="write" desc="(Lorg/cugos/wkg/CurvePolygon;ZZ)Ljava/lang/String;" line="467"><counter type="INSTRUCTION" missed="54" covered="98"/><counter type="BRANCH" missed="10" covered="12"/><counter type="LINE" missed="9" covered="24"/><counter type="COMPLEXITY" missed="7" covered="5"/><counter type="METHOD" missed="0" covered="1"/></method><method name="write" desc="(Lorg/cugos/wkg/MultiCurve;)Ljava/lang/String;" line="511"><counter type="INSTRUCTION" missed="6" covered="0"/><counter type="LINE" missed="1" covered="0"/><counter type="COMPLEXITY" missed="1" covered="0"/><counter type="METHOD" missed="1" covered="0"/></method><method name="write" desc="(Lorg/cugos/wkg/MultiCurve;ZZ)Ljava/lang/String;" line="515"><counter type="INSTRUCTION" missed="12" covered="95"/><counter type="BRANCH" missed="3" covered="13"/><counter type="LINE" missed="2" covered="24"/><counter type="COMPLEXITY" missed="2" covered="7"/><counter type="METHOD" missed="0" covered="1"/></method><method name="write" desc="(Lorg/cugos/wkg/PolyHedralSurface;)Ljava/lang/String;" line="551"><counter type="INSTRUCTION" missed="6" covered="0"/><counter type="LINE" missed="1" covered="0"/><counter type="COMPLEXITY" missed="1" covered="0"/><counter type="METHOD" missed="1" covered="0"/></method><method name="write" desc="(Lorg/cugos/wkg/PolyHedralSurface;ZZ)Ljava/lang/String;" line="555"><counter type="INSTRUCTION" missed="0" covered="106"/><counter type="BRANCH" missed="0" covered="12"/><counter type="LINE" missed="0" covered="26"/><counter type="COMPLEXITY" missed="0" covered="7"/><counter type="METHOD" missed="0" covered="1"/></method><method name="write" desc="(Lorg/cugos/wkg/MultiSurface;)Ljava/lang/String;" line="592"><counter type="INSTRUCTION" missed="6" covered="0"/><counter type="LINE" missed="1" covered="0"/><counter type="COMPLEXITY" missed="1" covered="0"/><counter type="METHOD" missed="1" covered="0"/></method><method name="write" desc="(Lorg/cugos/wkg/MultiSurface;ZZ)Ljava/lang/String;" line="596"><counter type="INSTRUCTION" missed="0" covered="83"/><counter type="BRANCH" missed="1" covered="13"/><counter type="LINE" missed="0" covered="21"/><counter type="COMPLEXITY" missed="1" covered="7"/><counter type="METHOD" missed="0" covered="1"/></method><method name="addCoordinates" desc="(Ljava/util/List;Ljava/lang/StringBuilder;)V" line="627"><counter type="INSTRUCTION" missed="0" covered="6"/><counter type="LINE" missed="0" covered="2"/><counter type="COMPLEXITY" missed="0" covered="1"/><counter type="METHOD" missed="0" covered="1"/></method><method name="addCoordinates" desc="(Ljava/util/List;ZLjava/lang/StringBuilder;)V" line="631"><counter type="INSTRUCTION" missed="8" covered="31"/><counter type="BRANCH" missed="2" covered="6"/><counter type="LINE" missed="2" covered="10"/><counter type="COMPLEXITY" missed="2" covered="3"/><counter type="METHOD" missed="0" covered="1"/></method><method name="addCoordinate" desc="(Lorg/cugos/wkg/Coordinate;Ljava/lang/StringBuilder;)V" line="654"><counter type="INSTRUCTION" missed="0" covered="57"/><counter type="BRANCH" missed="0" covered="6"/><counter type="LINE" missed="0" covered="11"/><counter type="COMPLEXITY" missed="0" covered="4"/><counter type="METHOD" missed="0" covered="1"/></method><method name="addSrid" desc="(Lorg/cugos/wkg/Geometry;Ljava/lang/StringBuilder;)V" line="673"><counter type="INSTRUCTION" missed="0" covered="13"/><counter type="BRANCH" missed="0" covered="2"/><counter type="LINE" missed="0" covered="3"/><counter type="COMPLEXITY" missed="0" covered="2"/><counter type="METHOD" missed="0" covered="1"/></method><method name="addDimension" desc="(Lorg/cugos/wkg/Geometry;Ljava/lang/StringBuilder;)V" line="684"><counter type="INSTRUCTION" missed="0" covered="27"/><counter type="BRANCH" missed="0" covered="6"/><counter type="LINE" missed="0" covered="7"/><counter type="COMPLEXITY" missed="0" covered="4"/><counter type="METHOD" missed="0" covered="1"/></method><method name="addPolygonText" desc="(Lorg/cugos/wkg/Polygon;Ljava/lang/StringBuilder;)V" line="699"><counter type="INSTRUCTION" missed="0" covered="44"/><counter type="BRANCH" missed="0" covered="2"/><counter type="LINE" missed="0" covered="10"/><counter type="COMPLEXITY" missed="0" covered="2"/><counter type="METHOD" missed="0" covered="1"/></method><counter type="INSTRUCTION" missed="243" covered="1532"/><counter type="BRANCH" missed="28" covered="200"/><counter type="LINE" missed="48" covered="377"/><counter type="COMPLEXITY" missed="34" covered="123"/><counter type="METHOD" missed="13" covered="30"/><counter type="CLASS" missed="0" covered="1"/></class><class name="org/cugos/wkg/Writer" sourcefilename="Writer.java"/><class name="org/cugos/wkg/LinearRing" sourcefilename="LinearRing.java"><method name="&lt;init&gt;" desc="(Ljava/util/List;Lorg/cugos/wkg/Dimension;)V" line="18"><counter type="INSTRUCTION" missed="0" covered="6"/><counter type="LINE" missed="0" covered="2"/><counter type="COMPLEXITY" missed="0" covered="1"/><counter type="METHOD" missed="0" covered="1"/></method><method name="&lt;init&gt;" desc="(Ljava/util/List;Lorg/cugos/wkg/Dimension;Ljava/lang/String;)V" line="28"><counter type="INSTRUCTION" missed="0" covered="6"/><counter type="LINE" missed="0" covered="2"/><counter type="COMPLEXITY" missed="0" covered="1"/><counter type="METHOD" missed="0" covered="1"/></method><method name="getNumberOfCoordinates" desc="()I" line="33"><counter type="INSTRUCTION" missed="0" covered="4"/><counter type="LINE" missed="0" covered="1"/><counter type="COMPLEXITY" missed="0" covered="1"/><counter type="METHOD" missed="0" covered="1"/></method><method name="createEmpty" desc="()Lorg/cugos/wkg/LinearRing;" line="41"><counter type="INSTRUCTION" missed="0" covered="9"/><counter type="LINE" missed="0" covered="1"/><counter type="COMPLEXITY" missed="0" covered="1"/><counter type="METHOD" missed="0" covered="1"/></method><counter type="INSTRUCTION" missed="0" covered="25"/><counter type="LINE" missed="0" covered="6"/><counter type="COMPLEXITY" missed="0" covered="4"/><counter type="METHOD" missed="0" covered="4"/><counter type="CLASS" missed="0" covered="1"/></class><class name="org/cugos/wkg/MultiPolygon" sourcefilename="MultiPolygon.java"><method name="&lt;init&gt;" desc="(Ljava/util/List;Lorg/cugos/wkg/Dimension;)V" line="18"><counter type="INSTRUCTION" missed="0" covered="6"/><counter type="LINE" missed="0" covered="2"/><counter type="COMPLEXITY" missed="0" covered="1"/><counter type="METHOD" missed="0" covered="1"/></method><method name="&lt;init&gt;" desc="(Ljava/util/List;Lorg/cugos/wkg/Dimension;Ljava/lang/String;)V" line="28"><counter type="INSTRUCTION" missed="0" covered="6"/><counter type="LINE" missed="0" covered="2"/><counter type="COMPLEXITY" missed="0" covered="1"/><counter type="METHOD" missed="0" covered="1"/></method><method name="getPolygons" desc="()Ljava/util/List;" line="36"><counter type="INSTRUCTION" missed="0" covered="3"/><counter type="LINE" missed="0" covered="1"/><counter type="COMPLEXITY" missed="0" covered="1"/><counter type="METHOD" missed="0" covered="1"/></method><method name="createEmpty" desc="()Lorg/cugos/wkg/MultiPolygon;" line="44"><counter type="INSTRUCTION" missed="0" covered="9"/><counter type="LINE" missed="0" covered="1"/><counter type="COMPLEXITY" missed="0" covered="1"/><counter type="METHOD" missed="0" covered="1"/></method><counter type="INSTRUCTION" missed="0" covered="24"/><counter type="LINE" missed="0" covered="6"/><counter type="COMPLEXITY" missed="0" covered="4"/><counter type="METHOD" missed="0" covered="4"/><counter type="CLASS" missed="0" covered="1"/></class><class name="org/cugos/wkg/GeoPackageReader" sourcefilename="GeoPackageReader.java"><method name="&lt;init&gt;" desc="()V" line="9"><counter type="INSTRUCTION" missed="0" covered="8"/><counter type="LINE" missed="0" covered="2"/><counter type="COMPLEXITY" missed="0" covered="1"/><counter type="METHOD" missed="0" covered="1"/></method><method name="read" desc="([B)Lorg/cugos/wkg/Geometry;" line="23"><counter type="INSTRUCTION" missed="0" covered="9"/><counter type="LINE" missed="0" covered="2"/><counter type="COMPLEXITY" missed="0" covered="1"/><counter type="METHOD" missed="0" covered="1"/></method><method name="getName" desc="()Ljava/lang/String;" line="29"><counter type="INSTRUCTION" missed="0" covered="2"/><counter type="LINE" missed="0" covered="1"/><counter type="COMPLEXITY" missed="0" covered="1"/><counter type="METHOD" missed="0" covered="1"/></method><method name="read" desc="(Ljava/lang/String;)Lorg/cugos/wkg/Geometry;" line="38"><counter type="INSTRUCTION" missed="0" covered="5"/><counter type="LINE" missed="0" covered="1"/><counter type="COMPLEXITY" missed="0" covered="1"/><counter type="METHOD" missed="0" covered="1"/></method><method name="read" desc="(Ljava/nio/ByteBuffer;Z)Lorg/cugos/wkg/GeoPackageReader$GeoPackageGeometry;" line="48"><counter type="INSTRUCTION" missed="0" covered="151"/><counter type="BRANCH" missed="1" covered="11"/><counter type="LINE" missed="0" covered="43"/><counter type="COMPLEXITY" missed="1" covered="6"/><counter type="METHOD" missed="0" covered="1"/></method><method name="toBytes" desc="(Ljava/lang/String;)[B" line="120"><counter type="INSTRUCTION" missed="0" covered="38"/><counter type="BRANCH" missed="0" covered="2"/><counter type="LINE" missed="0" covered="6"/><counter type="COMPLEXITY" missed="0" covered="2"/><counter type="METHOD" missed="0" covered="1"/></method><counter type="INSTRUCTION" missed="0" covered="213"/><counter type="BRANCH" missed="1" covered="13"/><counter type="LINE" missed="0" covered="55"/><counter type="COMPLEXITY" missed="1" covered="12"/><counter type="METHOD" missed="0" covered="6"/><counter type="CLASS" missed="0" covered="1"/></class><class name="org/cugos/wkg/Curve" sourcefilename="Curve.java"><method name="&lt;init&gt;" desc="(Lorg/cugos/wkg/Dimension;Ljava/lang/String;)V" line="15"><counter type="INSTRUCTION" missed="0" covered="5"/><counter type="LINE" missed="0" covered="2"/><counter type="COMPLEXITY" missed="0" covered="1"/><counter type="METHOD" missed="0" covered="1"/></method><counter type="INSTRUCTION" missed="0" covered="5"/><counter type="LINE" missed="0" covered="2"/><counter type="COMPLEXITY" missed="0" covered="1"/><counter type="METHOD" missed="0" covered="1"/><counter type="CLASS" missed="0" covered="1"/></class><class name="org/cugos/wkg/PolyHedralSurface" sourcefilename="PolyHedralSurface.java"><method name="&lt;init&gt;" desc="(Ljava/util/List;Lorg/cugos/wkg/Dimension;Ljava/lang/String;)V" line="25"><counter type="INSTRUCTION" missed="0" covered="9"/><counter type="LINE" missed="0" covered="3"/><counter type="COMPLEXITY" missed="0" covered="1"/><counter type="METHOD" missed="0" covered="1"/></method><method name="getPolygons" desc="()Ljava/util/List;" line="34"><counter type="INSTRUCTION" missed="0" covered="3"/><counter type="LINE" missed="0" covered="1"/><counter type="COMPLEXITY" missed="0" covered="1"/><counter type="METHOD" missed="0" covered="1"/></method><method name="isEmpty" desc="()Z" line="39"><counter type="INSTRUCTION" missed="0" covered="4"/><counter type="LINE" missed="0" covered="1"/><counter type="COMPLEXITY" missed="0" covered="1"/><counter type="METHOD" missed="0" covered="1"/></method><method name="getNumberOfCoordinates" desc="()I" line="44"><counter type="INSTRUCTION" missed="0" covered="21"/><counter type="BRANCH" missed="0" covered="2"/><counter type="LINE" missed="0" covered="5"/><counter type="COMPLEXITY" missed="0" covered="2"/><counter type="METHOD" missed="0" covered="1"/></method><method name="getCoordinates" desc="()Ljava/util/List;" line="53"><counter type="INSTRUCTION" missed="0" covered="24"/><counter type="BRANCH" missed="0" covered="2"/><counter type="LINE" missed="0" covered="5"/><counter type="COMPLEXITY" missed="0" covered="2"/><counter type="METHOD" missed="0" covered="1"/></method><method name="createEmpty" desc="()Lorg/cugos/wkg/PolyHedralSurface;" line="65"><counter type="INSTRUCTION" missed="0" covered="9"/><counter type="LINE" missed="0" covered="1"/><counter type="COMPLEXITY" missed="0" covered="1"/><counter type="METHOD" missed="0" covered="1"/></method><counter type="INSTRUCTION" missed="0" covered="70"/><counter type="BRANCH" missed="0" covered="4"/><counter type="LINE" missed="0" covered="16"/><counter type="COMPLEXITY" missed="0" covered="8"/><counter type="METHOD" missed="0" covered="6"/><counter type="CLASS" missed="0" covered="1"/></class><class name="org/cugos/wkg/WKB$GeometryType" sourcefilename="WKB.java"><method name="&lt;init&gt;" desc="(Ljava/lang/String;II)V" line="67"><counter type="INSTRUCTION" missed="0" covered="8"/><counter type="LINE" missed="0" covered="3"/><counter type="COMPLEXITY" missed="0" covered="1"/><counter type="METHOD" missed="0" covered="1"/></method><method name="getValue" desc="()I" line="72"><counter type="INSTRUCTION" missed="0" covered="3"/><counter type="LINE" missed="0" covered="1"/><counter type="COMPLEXITY" missed="0" covered="1"/><counter type="METHOD" missed="0" covered="1"/></method><method name="get" desc="(I)Lorg/cugos/wkg/WKB$GeometryType;" line="76"><counter type="INSTRUCTION" missed="0" covered="24"/><counter type="BRANCH" missed="0" covered="4"/><counter type="LINE" missed="0" covered="4"/><counter type="COMPLEXITY" missed="0" covered="3"/><counter type="METHOD" missed="0" covered="1"/></method><method name="&lt;clinit&gt;" desc="()V" line="46"><counter type="INSTRUCTION" missed="0" covered="191"/><counter type="LINE" missed="0" covered="18"/><counter type="COMPLEXITY" missed="0" covered="1"/><counter type="METHOD" missed="0" covered="1"/></method><counter type="INSTRUCTION" missed="0" covered="226"/><counter type="BRANCH" missed="0" covered="4"/><counter type="LINE" missed="0" covered="26"/><counter type="COMPLEXITY" missed="0" covered="6"/><counter type="METHOD" missed="0" covered="4"/><counter type="CLASS" missed="0" covered="1"/></class><class name="org/cugos/wkg/LineString" sourcefilename="LineString.java"><method name="&lt;init&gt;" desc="(Ljava/util/List;Lorg/cugos/wkg/Dimension;)V" line="24"><counter type="INSTRUCTION" missed="0" covered="6"/><counter type="LINE" missed="0" covered="2"/><counter type="COMPLEXITY" missed="0" covered="1"/><counter type="METHOD" missed="0" covered="1"/></method><method name="&lt;init&gt;" desc="(Ljava/util/List;Lorg/cugos/wkg/Dimension;Ljava/lang/String;)V" line="34"><counter type="INSTRUCTION" missed="0" covered="9"/><counter type="LINE" missed="0" covered="3"/><counter type="COMPLEXITY" missed="0" covered="1"/><counter type="METHOD" missed="0" covered="1"/></method><method name="getCoordinates" desc="()Ljava/util/List;" line="44"><counter type="INSTRUCTION" missed="0" covered="3"/><counter type="LINE" missed="0" covered="1"/><counter type="COMPLEXITY" missed="0" covered="1"/><counter type="METHOD" missed="0" covered="1"/></method><method name="isEmpty" desc="()Z" line="49"><counter type="INSTRUCTION" missed="0" covered="4"/><counter type="LINE" missed="0" covered="1"/><counter type="COMPLEXITY" missed="0" covered="1"/><counter type="METHOD" missed="0" covered="1"/></method><method name="getNumberOfCoordinates" desc="()I" line="54"><counter type="INSTRUCTION" missed="0" covered="4"/><counter type="LINE" missed="0" covered="1"/><counter type="COMPLEXITY" missed="0" covered="1"/><counter type="METHOD" missed="0" covered="1"/></method><method name="createEmpty" desc="()Lorg/cugos/wkg/LineString;" line="62"><counter type="INSTRUCTION" missed="0" covered="9"/><counter type="LINE" missed="0" covered="1"/><counter type="COMPLEXITY" missed="0" covered="1"/><counter type="METHOD" missed="0" covered="1"/></method><counter type="INSTRUCTION" missed="0" covered="35"/><counter type="LINE" missed="0" covered="9"/><counter type="COMPLEXITY" missed="0" covered="6"/><counter type="METHOD" missed="0" covered="6"/><counter type="CLASS" missed="0" covered="1"/></class><class name="org/cugos/wkg/MultiCurve" sourcefilename="MultiCurve.java"><method name="&lt;init&gt;" desc="(Ljava/util/List;Lorg/cugos/wkg/Dimension;)V" line="17"><counter type="INSTRUCTION" missed="0" covered="6"/><counter type="LINE" missed="0" covered="2"/><counter type="COMPLEXITY" missed="0" covered="1"/><counter type="METHOD" missed="0" covered="1"/></method><method name="&lt;init&gt;" desc="(Ljava/util/List;Lorg/cugos/wkg/Dimension;Ljava/lang/String;)V" line="27"><counter type="INSTRUCTION" missed="0" covered="6"/><counter type="LINE" missed="0" covered="2"/><counter type="COMPLEXITY" missed="0" covered="1"/><counter type="METHOD" missed="0" covered="1"/></method><method name="getCurves" desc="()Ljava/util/List;" line="35"><counter type="INSTRUCTION" missed="0" covered="3"/><counter type="LINE" missed="0" covered="1"/><counter type="COMPLEXITY" missed="0" covered="1"/><counter type="METHOD" missed="0" covered="1"/></method><method name="createEmpty" desc="()Lorg/cugos/wkg/MultiCurve;" line="43"><counter type="INSTRUCTION" missed="0" covered="9"/><counter type="LINE" missed="0" covered="1"/><counter type="COMPLEXITY" missed="0" covered="1"/><counter type="METHOD" missed="0" covered="1"/></method><counter type="INSTRUCTION" missed="0" covered="24"/><counter type="LINE" missed="0" covered="6"/><counter type="COMPLEXITY" missed="0" covered="4"/><counter type="METHOD" missed="0" covered="4"/><counter type="CLASS" missed="0" covered="1"/></class><class name="org/cugos/wkg/WKBWriter" sourcefilename="WKBWriter.java"><method name="&lt;init&gt;" desc="()V" line="32"><counter type="INSTRUCTION" missed="0" covered="5"/><counter type="LINE" missed="0" covered="2"/><counter type="COMPLEXITY" missed="0" covered="1"/><counter type="METHOD" missed="0" covered="1"/></method><method name="&lt;init&gt;" desc="(Lorg/cugos/wkg/WKB$Type;Lorg/cugos/wkg/WKB$Endian;)V" line="40"><counter type="INSTRUCTION" missed="0" covered="9"/><counter type="LINE" missed="0" covered="4"/><counter type="COMPLEXITY" missed="0" covered="1"/><counter type="METHOD" missed="0" covered="1"/></method><method name="writeToHex" desc="(Lorg/cugos/wkg/Geometry;)Ljava/lang/String;" line="51"><counter type="INSTRUCTION" missed="0" covered="5"/><counter type="LINE" missed="0" covered="1"/><counter type="COMPLEXITY" missed="0" covered="1"/><counter type="METHOD" missed="0" covered="1"/></method><method name="write" desc="(Lorg/cugos/wkg/Geometry;)[B" line="61"><counter type="INSTRUCTION" missed="13" covered="123"/><counter type="BRANCH" missed="2" covered="30"/><counter type="LINE" missed="2" covered="31"/><counter type="COMPLEXITY" missed="2" covered="15"/><counter type="METHOD" missed="0" covered="1"/></method><method name="getName" desc="()Ljava/lang/String;" line="100"><counter type="INSTRUCTION" missed="0" covered="2"/><counter type="LINE" missed="0" covered="1"/><counter type="COMPLEXITY" missed="0" covered="1"/><counter type="METHOD" missed="0" covered="1"/></method><method name="calculateNumberOfBytes" desc="(Lorg/cugos/wkg/Geometry;)I" line="109"><counter type="INSTRUCTION" missed="13" covered="123"/><counter type="BRANCH" missed="2" covered="30"/><counter type="LINE" missed="2" covered="31"/><counter type="COMPLEXITY" missed="2" covered="15"/><counter type="METHOD" missed="0" covered="1"/></method><method name="putGeometry" desc="(Ljava/nio/ByteBuffer;Lorg/cugos/wkg/Geometry;)V" line="152"><counter type="INSTRUCTION" missed="14" covered="139"/><counter type="BRANCH" missed="2" covered="30"/><counter type="LINE" missed="2" covered="32"/><counter type="COMPLEXITY" missed="2" covered="15"/><counter type="METHOD" missed="0" covered="1"/></method><method name="calculateNumberOfBytes" desc="(Ljava/lang/String;)I" line="196"><counter type="INSTRUCTION" missed="0" covered="11"/><counter type="BRANCH" missed="0" covered="4"/><counter type="LINE" missed="0" covered="4"/><counter type="COMPLEXITY" missed="0" covered="3"/><counter type="METHOD" missed="0" covered="1"/></method><method name="calculateNumberOfBytes" desc="(ILorg/cugos/wkg/Dimension;)I" line="210"><counter type="INSTRUCTION" missed="0" covered="10"/><counter type="LINE" missed="0" covered="2"/><counter type="COMPLEXITY" missed="0" covered="1"/><counter type="METHOD" missed="0" covered="1"/></method><method name="getMultiplier" desc="(Lorg/cugos/wkg/Dimension;)I" line="220"><counter type="INSTRUCTION" missed="2" covered="18"/><counter type="BRANCH" missed="1" covered="7"/><counter type="LINE" missed="1" covered="6"/><counter type="COMPLEXITY" missed="1" covered="4"/><counter type="METHOD" missed="0" covered="1"/></method><method name="putByteOrder" desc="(Ljava/nio/ByteBuffer;)V" line="236"><counter type="INSTRUCTION" missed="0" covered="21"/><counter type="BRANCH" missed="0" covered="2"/><counter type="LINE" missed="0" covered="5"/><counter type="COMPLEXITY" missed="0" covered="2"/><counter type="METHOD" missed="0" covered="1"/></method><method name="putGeometryType" desc="(Ljava/nio/ByteBuffer;Lorg/cugos/wkg/WKB$GeometryType;Lorg/cugos/wkg/Dimension;Ljava/lang/String;)V" line="252"><counter type="INSTRUCTION" missed="0" covered="41"/><counter type="BRANCH" missed="0" covered="12"/><counter type="LINE" missed="0" covered="10"/><counter type="COMPLEXITY" missed="0" covered="7"/><counter type="METHOD" missed="0" covered="1"/></method><method name="putSrid" desc="(Ljava/nio/ByteBuffer;Ljava/lang/String;)V" line="273"><counter type="INSTRUCTION" missed="0" covered="12"/><counter type="BRANCH" missed="0" covered="4"/><counter type="LINE" missed="0" covered="3"/><counter type="COMPLEXITY" missed="0" covered="3"/><counter type="METHOD" missed="0" covered="1"/></method><method name="putCoordinate" desc="(Ljava/nio/ByteBuffer;Lorg/cugos/wkg/Coordinate;)V" line="284"><counter type="INSTRUCTION" missed="0" covered="36"/><counter type="BRANCH" missed="0" covered="8"/><counter type="LINE" missed="0" covered="8"/><counter type="COMPLEXITY" missed="0" covered="5"/><counter type="METHOD" missed="0" covered="1"/></method><method name="putCoordinates" desc="(Ljava/nio/ByteBuffer;Ljava/util/List;)V" line="301"><counter type="INSTRUCTION" missed="0" covered="21"/><counter type="BRANCH" missed="0" covered="2"/><counter type="LINE" missed="0" covered="5"/><counter type="COMPLEXITY" missed="0" covered="2"/><counter type="METHOD" missed="0" covered="1"/></method><method name="writeToHex" desc="(Lorg/cugos/wkg/Point;)Ljava/lang/String;" line="315"><counter type="INSTRUCTION" missed="5" covered="0"/><counter type="LINE" missed="1" covered="0"/><counter type="COMPLEXITY" missed="1" covered="0"/><counter type="METHOD" missed="1" covered="0"/></method><method name="write" desc="(Lorg/cugos/wkg/Point;)[B" line="324"><counter type="INSTRUCTION" missed="0" covered="12"/><counter type="LINE" missed="0" covered="3"/><counter type="COMPLEXITY" missed="0" covered="1"/><counter type="METHOD" missed="0" covered="1"/></method><method name="calculateNumberOfBytes" desc="(Lorg/cugos/wkg/Point;)I" line="335"><counter type="INSTRUCTION" missed="0" covered="12"/><counter type="LINE" missed="0" covered="2"/><counter type="COMPLEXITY" missed="0" covered="1"/><counter type="METHOD" missed="0" covered="1"/></method><method name="putPoint" desc="(Ljava/nio/ByteBuffer;Lorg/cugos/wkg/Point;)V" line="345"><counter type="INSTRUCTION" missed="0" covered="25"/><counter type="BRANCH" missed="1" covered="1"/><counter type="LINE" missed="0" covered="6"/><counter type="COMPLEXITY" missed="1" covered="1"/><counter type="METHOD" missed="0" covered="1"/></method><method name="writeToHex" desc="(Lorg/cugos/wkg/LinearRing;)Ljava/lang/String;" line="361"><counter type="INSTRUCTION" missed="5" covered="0"/><counter type="LINE" missed="1" covered="0"/><counter type="COMPLEXITY" missed="1" covered="0"/><counter type="METHOD" missed="1" covered="0"/></method><method name="write" desc="(Lorg/cugos/wkg/LinearRing;)[B" line="370"><counter type="INSTRUCTION" missed="12" covered="0"/><counter type="LINE" missed="3" covered="0"/><counter type="COMPLEXITY" missed="1" covered="0"/><counter type="METHOD" missed="1" covered="0"/></method><method name="calculateNumberOfBytes" desc="(Lorg/cugos/wkg/LinearRing;)I" line="381"><counter type="INSTRUCTION" missed="14" covered="0"/><counter type="LINE" missed="2" covered="0"/><counter type="COMPLEXITY" missed="1" covered="0"/><counter type="METHOD" missed="1" covered="0"/></method><method name="putLinearRing" desc="(Ljava/nio/ByteBuffer;Lorg/cugos/wkg/LinearRing;)V" line="391"><counter type="INSTRUCTION" missed="25" covered="0"/><counter type="BRANCH" missed="2" covered="0"/><counter type="LINE" missed="6" covered="0"/><counter type="COMPLEXITY" missed="2" covered="0"/><counter type="METHOD" missed="1" covered="0"/></method><method name="writeToHex" desc="(Lorg/cugos/wkg/LineString;)Ljava/lang/String;" line="407"><counter type="INSTRUCTION" missed="5" covered="0"/><counter type="LINE" missed="1" covered="0"/><counter type="COMPLEXITY" missed="1" covered="0"/><counter type="METHOD" missed="1" covered="0"/></method><method name="write" desc="(Lorg/cugos/wkg/LineString;)[B" line="416"><counter type="INSTRUCTION" missed="0" covered="12"/><counter type="LINE" missed="0" covered="3"/><counter type="COMPLEXITY" missed="0" covered="1"/><counter type="METHOD" missed="0" covered="1"/></method><method name="calculateNumberOfBytes" desc="(Lorg/cugos/wkg/LineString;)I" line="427"><counter type="INSTRUCTION" missed="0" covered="14"/><counter type="LINE" missed="0" covered="2"/><counter type="COMPLEXITY" missed="0" covered="1"/><counter type="METHOD" missed="0" covered="1"/></method><method name="putLineString" desc="(Ljava/nio/ByteBuffer;Lorg/cugos/wkg/LineString;)V" line="437"><counter type="INSTRUCTION" missed="0" covered="25"/><counter type="BRANCH" missed="1" covered="1"/><counter type="LINE" missed="0" covered="6"/><counter type="COMPLEXITY" missed="1" covered="1"/><counter type="METHOD" missed="0" covered="1"/></method><method name="writeToHex" desc="(Lorg/cugos/wkg/Polygon;)Ljava/lang/String;" line="453"><counter type="INSTRUCTION" missed="5" covered="0"/><counter type="LINE" missed="1" covered="0"/><counter type="COMPLEXITY" missed="1" covered="0"/><counter type="METHOD" missed="1" covered="0"/></method><method name="write" desc="(Lorg/cugos/wkg/Polygon;)[B" line="462"><counter type="INSTRUCTION" missed="0" covered="12"/><counter type="LINE" missed="0" covered="3"/><counter type="COMPLEXITY" missed="0" covered="1"/><counter type="METHOD" missed="0" covered="1"/></method><method name="calculateNumberOfBytes" desc="(Lorg/cugos/wkg/Polygon;)I" line="473"><counter type="INSTRUCTION" missed="0" covered="29"/><counter type="BRANCH" missed="1" covered="1"/><counter type="LINE" missed="0" covered="6"/><counter type="COMPLEXITY" missed="1" covered="1"/><counter type="METHOD" missed="0" covered="1"/></method><method name="putPolygon" desc="(Ljava/nio/ByteBuffer;Lorg/cugos/wkg/Polygon;)V" line="489"><counter type="INSTRUCTION" missed="0" covered="58"/><counter type="BRANCH" missed="2" covered="4"/><counter type="LINE" missed="0" covered="13"/><counter type="COMPLEXITY" missed="2" covered="2"/><counter type="METHOD" missed="0" covered="1"/></method><method name="writeToHex" desc="(Lorg/cugos/wkg/MultiPoint;)Ljava/lang/String;" line="515"><counter type="INSTRUCTION" missed="5" covered="0"/><counter type="LINE" missed="1" covered="0"/><counter type="COMPLEXITY" missed="1" covered="0"/><counter type="METHOD" missed="1" covered="0"/></method><method name="write" desc="(Lorg/cugos/wkg/MultiPoint;)[B" line="524"><counter type="INSTRUCTION" missed="0" covered="12"/><counter type="LINE" missed="0" covered="3"/><counter type="COMPLEXITY" missed="0" covered="1"/><counter type="METHOD" missed="0" covered="1"/></method><method name="calculateNumberOfBytes" desc="(Lorg/cugos/wkg/MultiPoint;)I" line="535"><counter type="INSTRUCTION" missed="0" covered="22"/><counter type="LINE" missed="0" covered="3"/><counter type="COMPLEXITY" missed="0" covered="1"/><counter type="METHOD" missed="0" covered="1"/></method><method name="putMultiPoint" desc="(Ljava/nio/ByteBuffer;Lorg/cugos/wkg/MultiPoint;)V" line="548"><counter type="INSTRUCTION" missed="0" covered="41"/><counter type="BRANCH" missed="1" covered="3"/><counter type="LINE" missed="0" covered="9"/><counter type="COMPLEXITY" missed="1" covered="2"/><counter type="METHOD" missed="0" covered="1"/></method><method name="writeToHex" desc="(Lorg/cugos/wkg/MultiLineString;)Ljava/lang/String;" line="567"><counter type="INSTRUCTION" missed="5" covered="0"/><counter type="LINE" missed="1" covered="0"/><counter type="COMPLEXITY" missed="1" covered="0"/><counter type="METHOD" missed="1" covered="0"/></method><method name="write" desc="(Lorg/cugos/wkg/MultiLineString;)[B" line="576"><counter type="INSTRUCTION" missed="0" covered="12"/><counter type="LINE" missed="0" covered="3"/><counter type="COMPLEXITY" missed="0" covered="1"/><counter type="METHOD" missed="0" covered="1"/></method><method name="calculateNumberOfBytes" desc="(Lorg/cugos/wkg/MultiLineString;)I" line="587"><counter type="INSTRUCTION" missed="0" covered="27"/><counter type="BRANCH" missed="0" covered="2"/><counter type="LINE" missed="0" covered="5"/><counter type="COMPLEXITY" missed="0" covered="2"/><counter type="METHOD" missed="0" covered="1"/></method><method name="putMultiLineString" desc="(Ljava/nio/ByteBuffer;Lorg/cugos/wkg/MultiLineString;)V" line="600"><counter type="INSTRUCTION" missed="0" covered="42"/><counter type="BRANCH" missed="1" covered="3"/><counter type="LINE" missed="0" covered="9"/><counter type="COMPLEXITY" missed="1" covered="2"/><counter type="METHOD" missed="0" covered="1"/></method><method name="writeToHex" desc="(Lorg/cugos/wkg/MultiPolygon;)Ljava/lang/String;" line="619"><counter type="INSTRUCTION" missed="5" covered="0"/><counter type="LINE" missed="1" covered="0"/><counter type="COMPLEXITY" missed="1" covered="0"/><counter type="METHOD" missed="1" covered="0"/></method><method name="write" desc="(Lorg/cugos/wkg/MultiPolygon;)[B" line="628"><counter type="INSTRUCTION" missed="0" covered="12"/><counter type="LINE" missed="0" covered="3"/><counter type="COMPLEXITY" missed="0" covered="1"/><counter type="METHOD" missed="0" covered="1"/></method><method name="calculateNumberOfBytes" desc="(Lorg/cugos/wkg/MultiPolygon;)I" line="639"><counter type="INSTRUCTION" missed="0" covered="27"/><counter type="BRANCH" missed="0" covered="2"/><counter type="LINE" missed="0" covered="5"/><counter type="COMPLEXITY" missed="0" covered="2"/><counter type="METHOD" missed="0" covered="1"/></method><method name="putMultiPolygon" desc="(Ljava/nio/ByteBuffer;Lorg/cugos/wkg/MultiPolygon;)V" line="652"><counter type="INSTRUCTION" missed="0" covered="42"/><counter type="BRANCH" missed="1" covered="3"/><counter type="LINE" missed="0" covered="9"/><counter type="COMPLEXITY" missed="1" covered="2"/><counter type="METHOD" missed="0" covered="1"/></method><method name="writeToHex" desc="(Lorg/cugos/wkg/GeometryCollection;)Ljava/lang/String;" line="671"><counter type="INSTRUCTION" missed="5" covered="0"/><counter type="LINE" missed="1" covered="0"/><counter type="COMPLEXITY" missed="1" covered="0"/><counter type="METHOD" missed="1" covered="0"/></method><method name="write" desc="(Lorg/cugos/wkg/GeometryCollection;)[B" line="680"><counter type="INSTRUCTION" missed="0" covered="12"/><counter type="LINE" missed="0" covered="3"/><counter type="COMPLEXITY" missed="0" covered="1"/><counter type="METHOD" missed="0" covered="1"/></method><method name="calculateNumberOfBytes" desc="(Lorg/cugos/wkg/GeometryCollection;)I" line="691"><counter type="INSTRUCTION" missed="0" covered="27"/><counter type="BRANCH" missed="0" covered="2"/><counter type="LINE" missed="0" covered="5"/><counter type="COMPLEXITY" missed="0" covered="2"/><counter type="METHOD" missed="0" covered="1"/></method><method name="putGeometryCollection" desc="(Ljava/nio/ByteBuffer;Lorg/cugos/wkg/GeometryCollection;)V" line="704"><counter type="INSTRUCTION" missed="0" covered="42"/><counter type="BRANCH" missed="1" covered="3"/><counter type="LINE" missed="0" covered="9"/><counter type="COMPLEXITY" missed="1" covered="2"/><counter type="METHOD" missed="0" covered="1"/></method><method name="writeToHex" desc="(Lorg/cugos/wkg/CircularString;)Ljava/lang/String;" line="723"><counter type="INSTRUCTION" missed="5" covered="0"/><counter type="LINE" missed="1" covered="0"/><counter type="COMPLEXITY" missed="1" covered="0"/><counter type="METHOD" missed="1" covered="0"/></method><method name="write" desc="(Lorg/cugos/wkg/CircularString;)[B" line="732"><counter type="INSTRUCTION" missed="0" covered="12"/><counter type="LINE" missed="0" covered="3"/><counter type="COMPLEXITY" missed="0" covered="1"/><counter type="METHOD" missed="0" covered="1"/></method><method name="calculateNumberOfBytes" desc="(Lorg/cugos/wkg/CircularString;)I" line="743"><counter type="INSTRUCTION" missed="0" covered="14"/><counter type="LINE" missed="0" covered="2"/><counter type="COMPLEXITY" missed="0" covered="1"/><counter type="METHOD" missed="0" covered="1"/></method><method name="putCircularString" desc="(Ljava/nio/ByteBuffer;Lorg/cugos/wkg/CircularString;)V" line="753"><counter type="INSTRUCTION" missed="0" covered="25"/><counter type="BRANCH" missed="1" covered="1"/><counter type="LINE" missed="0" covered="6"/><counter type="COMPLEXITY" missed="1" covered="1"/><counter type="METHOD" missed="0" covered="1"/></method><method name="calculateNumberOfBytes" desc="(Lorg/cugos/wkg/Curve;)I" line="769"><counter type="INSTRUCTION" missed="16" covered="16"/><counter type="BRANCH" missed="3" covered="3"/><counter type="LINE" missed="3" covered="4"/><counter type="COMPLEXITY" missed="2" covered="2"/><counter type="METHOD" missed="0" covered="1"/></method><method name="putCurve" desc="(Ljava/nio/ByteBuffer;Lorg/cugos/wkg/Curve;)V" line="786"><counter type="INSTRUCTION" missed="17" covered="19"/><counter type="BRANCH" missed="3" covered="3"/><counter type="LINE" missed="3" covered="5"/><counter type="COMPLEXITY" missed="2" covered="2"/><counter type="METHOD" missed="0" covered="1"/></method><method name="writeToHex" desc="(Lorg/cugos/wkg/CompoundCurve;)Ljava/lang/String;" line="805"><counter type="INSTRUCTION" missed="5" covered="0"/><counter type="LINE" missed="1" covered="0"/><counter type="COMPLEXITY" missed="1" covered="0"/><counter type="METHOD" missed="1" covered="0"/></method><method name="write" desc="(Lorg/cugos/wkg/CompoundCurve;)[B" line="814"><counter type="INSTRUCTION" missed="0" covered="12"/><counter type="LINE" missed="0" covered="3"/><counter type="COMPLEXITY" missed="0" covered="1"/><counter type="METHOD" missed="0" covered="1"/></method><method name="calculateNumberOfBytes" desc="(Lorg/cugos/wkg/CompoundCurve;)I" line="825"><counter type="INSTRUCTION" missed="0" covered="27"/><counter type="BRANCH" missed="0" covered="2"/><counter type="LINE" missed="0" covered="5"/><counter type="COMPLEXITY" missed="0" covered="2"/><counter type="METHOD" missed="0" covered="1"/></method><method name="putCompoundCurve" desc="(Ljava/nio/ByteBuffer;Lorg/cugos/wkg/CompoundCurve;)V" line="838"><counter type="INSTRUCTION" missed="0" covered="42"/><counter type="BRANCH" missed="1" covered="3"/><counter type="LINE" missed="0" covered="9"/><counter type="COMPLEXITY" missed="1" covered="2"/><counter type="METHOD" missed="0" covered="1"/></method><method name="writeToHex" desc="(Lorg/cugos/wkg/CurvePolygon;)Ljava/lang/String;" line="857"><counter type="INSTRUCTION" missed="5" covered="0"/><counter type="LINE" missed="1" covered="0"/><counter type="COMPLEXITY" missed="1" covered="0"/><counter type="METHOD" missed="1" covered="0"/></method><method name="write" desc="(Lorg/cugos/wkg/CurvePolygon;)[B" line="866"><counter type="INSTRUCTION" missed="0" covered="12"/><counter type="LINE" missed="0" covered="3"/><counter type="COMPLEXITY" missed="0" covered="1"/><counter type="METHOD" missed="0" covered="1"/></method><method name="calculateNumberOfBytes" desc="(Lorg/cugos/wkg/CurvePolygon;)I" line="877"><counter type="INSTRUCTION" missed="0" covered="34"/><counter type="BRANCH" missed="0" covered="2"/><counter type="LINE" missed="0" covered="6"/><counter type="COMPLEXITY" missed="0" covered="2"/><counter type="METHOD" missed="0" covered="1"/></method><method name="putCurvePolygon" desc="(Ljava/nio/ByteBuffer;Lorg/cugos/wkg/CurvePolygon;)V" line="891"><counter type="INSTRUCTION" missed="0" covered="58"/><counter type="BRANCH" missed="2" covered="4"/><counter type="LINE" missed="0" covered="13"/><counter type="COMPLEXITY" missed="2" covered="2"/><counter type="METHOD" missed="0" covered="1"/></method><method name="writeToHex" desc="(Lorg/cugos/wkg/MultiCurve;)Ljava/lang/String;" line="915"><counter type="INSTRUCTION" missed="5" covered="0"/><counter type="LINE" missed="1" covered="0"/><counter type="COMPLEXITY" missed="1" covered="0"/><counter type="METHOD" missed="1" covered="0"/></method><method name="write" desc="(Lorg/cugos/wkg/MultiCurve;)[B" line="924"><counter type="INSTRUCTION" missed="0" covered="12"/><counter type="LINE" missed="0" covered="3"/><counter type="COMPLEXITY" missed="0" covered="1"/><counter type="METHOD" missed="0" covered="1"/></method><method name="calculateNumberOfBytes" desc="(Lorg/cugos/wkg/MultiCurve;)I" line="935"><counter type="INSTRUCTION" missed="0" covered="27"/><counter type="BRANCH" missed="0" covered="2"/><counter type="LINE" missed="0" covered="5"/><counter type="COMPLEXITY" missed="0" covered="2"/><counter type="METHOD" missed="0" covered="1"/></method><method name="putMultiCurve" desc="(Ljava/nio/ByteBuffer;Lorg/cugos/wkg/MultiCurve;)V" line="948"><counter type="INSTRUCTION" missed="0" covered="42"/><counter type="BRANCH" missed="1" covered="3"/><counter type="LINE" missed="0" covered="9"/><counter type="COMPLEXITY" missed="1" covered="2"/><counter type="METHOD" missed="0" covered="1"/></method><method name="calculateNumberOfBytes" desc="(Lorg/cugos/wkg/Surface;)I" line="967"><counter type="INSTRUCTION" missed="23" covered="25"/><counter type="BRANCH" missed="4" covered="6"/><counter type="LINE" missed="4" covered="7"/><counter type="COMPLEXITY" missed="4" covered="2"/><counter type="METHOD" missed="0" covered="1"/></method><method name="putSurface" desc="(Ljava/nio/ByteBuffer;Lorg/cugos/wkg/Surface;)V" line="988"><counter type="INSTRUCTION" missed="26" covered="28"/><counter type="BRANCH" missed="4" covered="6"/><counter type="LINE" missed="4" covered="8"/><counter type="COMPLEXITY" missed="4" covered="2"/><counter type="METHOD" missed="0" covered="1"/></method><method name="writeToHex" desc="(Lorg/cugos/wkg/MultiSurface;)Ljava/lang/String;" line="1011"><counter type="INSTRUCTION" missed="5" covered="0"/><counter type="LINE" missed="1" covered="0"/><counter type="COMPLEXITY" missed="1" covered="0"/><counter type="METHOD" missed="1" covered="0"/></method><method name="write" desc="(Lorg/cugos/wkg/MultiSurface;)[B" line="1020"><counter type="INSTRUCTION" missed="0" covered="12"/><counter type="LINE" missed="0" covered="3"/><counter type="COMPLEXITY" missed="0" covered="1"/><counter type="METHOD" missed="0" covered="1"/></method><method name="calculateNumberOfBytes" desc="(Lorg/cugos/wkg/MultiSurface;)I" line="1031"><counter type="INSTRUCTION" missed="0" covered="27"/><counter type="BRANCH" missed="0" covered="2"/><counter type="LINE" missed="0" covered="5"/><counter type="COMPLEXITY" missed="0" covered="2"/><counter type="METHOD" missed="0" covered="1"/></method><method name="putMultiSurface" desc="(Ljava/nio/ByteBuffer;Lorg/cugos/wkg/MultiSurface;)V" line="1044"><counter type="INSTRUCTION" missed="0" covered="42"/><counter type="BRANCH" missed="1" covered="3"/><counter type="LINE" missed="0" covered="9"/><counter type="COMPLEXITY" missed="1" covered="2"/><counter type="METHOD" missed="0" covered="1"/></method><method name="writeToHex" desc="(Lorg/cugos/wkg/Tin;)Ljava/lang/String;" line="1063"><counter type="INSTRUCTION" missed="5" covered="0"/><counter type="LINE" missed="1" covered="0"/><counter type="COMPLEXITY" missed="1" covered="0"/><counter type="METHOD" missed="1" covered="0"/></method><method name="write" desc="(Lorg/cugos/wkg/Tin;)[B" line="1072"><counter type="INSTRUCTION" missed="0" covered="12"/><counter type="LINE" missed="0" covered="3"/><counter type="COMPLEXITY" missed="0" covered="1"/><counter type="METHOD" missed="0" covered="1"/></method><method name="calculateNumberOfBytes" desc="(Lorg/cugos/wkg/Tin;)I" line="1083"><counter type="INSTRUCTION" missed="0" covered="27"/><counter type="BRANCH" missed="0" covered="2"/><counter type="LINE" missed="0" covered="5"/><counter type="COMPLEXITY" missed="0" covered="2"/><counter type="METHOD" missed="0" covered="1"/></method><method name="putTin" desc="(Ljava/nio/ByteBuffer;Lorg/cugos/wkg/Tin;)V" line="1096"><counter type="INSTRUCTION" missed="0" covered="42"/><counter type="BRANCH" missed="1" covered="3"/><counter type="LINE" missed="0" covered="9"/><counter type="COMPLEXITY" missed="1" covered="2"/><counter type="METHOD" missed="0" covered="1"/></method><method name="writeToHex" desc="(Lorg/cugos/wkg/Triangle;)Ljava/lang/String;" line="1115"><counter type="INSTRUCTION" missed="5" covered="0"/><counter type="LINE" missed="1" covered="0"/><counter type="COMPLEXITY" missed="1" covered="0"/><counter type="METHOD" missed="1" covered="0"/></method><method name="write" desc="(Lorg/cugos/wkg/Triangle;)[B" line="1124"><counter type="INSTRUCTION" missed="0" covered="12"/><counter type="LINE" missed="0" covered="3"/><counter type="COMPLEXITY" missed="0" covered="1"/><counter type="METHOD" missed="0" covered="1"/></method><method name="calculateNumberOfBytes" desc="(Lorg/cugos/wkg/Triangle;)I" line="1135"><counter type="INSTRUCTION" missed="0" covered="29"/><counter type="BRANCH" missed="1" covered="1"/><counter type="LINE" missed="0" covered="6"/><counter type="COMPLEXITY" missed="1" covered="1"/><counter type="METHOD" missed="0" covered="1"/></method><method name="putTriangle" desc="(Ljava/nio/ByteBuffer;Lorg/cugos/wkg/Triangle;)V" line="1151"><counter type="INSTRUCTION" missed="10" covered="48"/><counter type="BRANCH" missed="3" covered="3"/><counter type="LINE" missed="2" covered="11"/><counter type="COMPLEXITY" missed="3" covered="1"/><counter type="METHOD" missed="0" covered="1"/></method><method name="writeToHex" desc="(Lorg/cugos/wkg/PolyHedralSurface;)Ljava/lang/String;" line="1177"><counter type="INSTRUCTION" missed="5" covered="0"/><counter type="LINE" missed="1" covered="0"/><counter type="COMPLEXITY" missed="1" covered="0"/><counter type="METHOD" missed="1" covered="0"/></method><method name="write" desc="(Lorg/cugos/wkg/PolyHedralSurface;)[B" line="1186"><counter type="INSTRUCTION" missed="0" covered="12"/><counter type="LINE" missed="0" covered="3"/><counter type="COMPLEXITY" missed="0" covered="1"/><counter type="METHOD" missed="0" covered="1"/></method><method name="calculateNumberOfBytes" desc="(Lorg/cugos/wkg/PolyHedralSurface;)I" line="1197"><counter type="INSTRUCTION" missed="0" covered="27"/><counter type="BRANCH" missed="0" covered="2"/><counter type="LINE" missed="0" covered="5"/><counter type="COMPLEXITY" missed="0" covered="2"/><counter type="METHOD" missed="0" covered="1"/></method><method name="putPolyHedralSurface" desc="(Ljava/nio/ByteBuffer;Lorg/cugos/wkg/PolyHedralSurface;)V" line="1210"><counter type="INSTRUCTION" missed="0" covered="42"/><counter type="BRANCH" missed="1" covered="3"/><counter type="LINE" missed="0" covered="9"/><counter type="COMPLEXITY" missed="1" covered="2"/><counter type="METHOD" missed="0" covered="1"/></method><method name="toHex" desc="([B)Ljava/lang/String;" line="1232"><counter type="INSTRUCTION" missed="0" covered="47"/><counter type="BRANCH" missed="0" covered="2"/><counter type="LINE" missed="0" covered="6"/><counter type="COMPLEXITY" missed="0" covered="2"/><counter type="METHOD" missed="0" covered="1"/></method><method name="&lt;clinit&gt;" desc="()V" line="1224"><counter type="INSTRUCTION" missed="0" covered="4"/><counter type="LINE" missed="0" covered="1"/><counter type="COMPLEXITY" missed="0" covered="1"/><counter type="METHOD" missed="0" covered="1"/></method><counter type="INSTRUCTION" missed="265" covered="1881"/><counter type="BRANCH" missed="44" covered="210"/><counter type="LINE" missed="50" covered="424"/><counter type="COMPLEXITY" missed="60" covered="152"/><counter type="METHOD" missed="19" covered="66"/><counter type="CLASS" missed="0" covered="1"/></class><class name="org/cugos/wkg/WKTReader" sourcefilename="WKTReader.java"><method name="&lt;init&gt;" desc="()V" line="16"><counter type="INSTRUCTION" missed="0" covered="3"/><counter type="LINE" missed="0" covered="1"/><counter type="COMPLEXITY" missed="0" covered="1"/><counter type="METHOD" missed="0" covered="1"/></method><method name="read" desc="(Ljava/lang/String;)Lorg/cugos/wkg/Geometry;" line="25"><counter type="INSTRUCTION" missed="2" covered="54"/><counter type="BRANCH" missed="1" covered="1"/><counter type="LINE" missed="0" covered="10"/><counter type="COMPLEXITY" missed="1" covered="1"/><counter type="METHOD" missed="0" covered="1"/></method><method name="getName" desc="()Ljava/lang/String;" line="299"><counter type="INSTRUCTION" missed="0" covered="2"/><counter type="LINE" missed="0" covered="1"/><counter type="COMPLEXITY" missed="0" covered="1"/><counter type="METHOD" missed="0" covered="1"/></method><method name="coordinate" desc="(Lorg/cugos/wkg/internal/WKTParser$CoordinateContext;Lorg/cugos/wkg/WKTReader$Var;)Lorg/cugos/wkg/Coordinate;" line="303"><counter type="INSTRUCTION" missed="0" covered="85"/><counter type="BRANCH" missed="0" covered="14"/><counter type="LINE" missed="0" covered="13"/><counter type="COMPLEXITY" missed="0" covered="8"/><counter type="METHOD" missed="0" covered="1"/></method><method name="coordinates" desc="(Lorg/cugos/wkg/internal/WKTParser$CoordinatesContext;Lorg/cugos/wkg/WKTReader$Var;)Ljava/util/List;" line="322"><counter type="INSTRUCTION" missed="0" covered="25"/><counter type="BRANCH" missed="0" covered="2"/><counter type="LINE" missed="0" covered="5"/><counter type="COMPLEXITY" missed="0" covered="2"/><counter type="METHOD" missed="0" covered="1"/></method><method name="points" desc="(Lorg/cugos/wkg/internal/WKTParser$CoordinatesContext;Lorg/cugos/wkg/WKTReader$Var;Lorg/cugos/wkg/WKTReader$Var;)Ljava/util/List;" line="330"><counter type="INSTRUCTION" missed="0" covered="33"/><counter type="BRANCH" missed="0" covered="2"/><counter type="LINE" missed="0" covered="5"/><counter type="COMPLEXITY" missed="0" covered="2"/><counter type="METHOD" missed="0" covered="1"/></method><method name="points" desc="(Lorg/cugos/wkg/internal/WKTParser$CoordinatesetsContext;Lorg/cugos/wkg/WKTReader$Var;Lorg/cugos/wkg/WKTReader$Var;)Ljava/util/List;" line="338"><counter type="INSTRUCTION" missed="0" covered="28"/><counter type="BRANCH" missed="0" covered="2"/><counter type="LINE" missed="0" covered="6"/><counter type="COMPLEXITY" missed="0" covered="2"/><counter type="METHOD" missed="0" covered="1"/></method><method name="point" desc="(Lorg/cugos/wkg/internal/WKTParser$PointContext;Lorg/cugos/wkg/WKTReader$Var;Lorg/cugos/wkg/WKTReader$Var;)Lorg/cugos/wkg/Point;" line="347"><counter type="INSTRUCTION" missed="0" covered="15"/><counter type="LINE" missed="0" covered="1"/><counter type="COMPLEXITY" missed="0" covered="1"/><counter type="METHOD" missed="0" covered="1"/></method><method name="lineString" desc="(Lorg/cugos/wkg/internal/WKTParser$LineStringContext;Lorg/cugos/wkg/WKTReader$Var;Lorg/cugos/wkg/WKTReader$Var;)Lorg/cugos/wkg/LineString;" line="351"><counter type="INSTRUCTION" missed="0" covered="15"/><counter type="LINE" missed="0" covered="1"/><counter type="COMPLEXITY" missed="0" covered="1"/><counter type="METHOD" missed="0" covered="1"/></method><method name="lineString" desc="(Lorg/cugos/wkg/internal/WKTParser$CoordinatesContext;Lorg/cugos/wkg/WKTReader$Var;Lorg/cugos/wkg/WKTReader$Var;)Lorg/cugos/wkg/LineString;" line="355"><counter type="INSTRUCTION" missed="0" covered="14"/><counter type="LINE" missed="0" covered="1"/><counter type="COMPLEXITY" missed="0" covered="1"/><counter type="METHOD" missed="0" covered="1"/></method><method name="polygon" desc="(Lorg/cugos/wkg/internal/WKTParser$CoordinatesetsContext;Lorg/cugos/wkg/WKTReader$Var;Lorg/cugos/wkg/WKTReader$Var;)Lorg/cugos/wkg/Polygon;" line="359"><counter type="INSTRUCTION" missed="0" covered="65"/><counter type="BRANCH" missed="0" covered="2"/><counter type="LINE" missed="0" covered="7"/><counter type="COMPLEXITY" missed="0" covered="2"/><counter type="METHOD" missed="0" covered="1"/></method><method name="multiPoint" desc="(Lorg/cugos/wkg/internal/WKTParser$MultiPointContext;Lorg/cugos/wkg/WKTReader$Var;Lorg/cugos/wkg/WKTReader$Var;)Lorg/cugos/wkg/MultiPoint;" line="370"><counter type="INSTRUCTION" missed="0" covered="35"/><counter type="BRANCH" missed="0" covered="2"/><counter type="LINE" missed="0" covered="3"/><counter type="COMPLEXITY" missed="0" covered="2"/><counter type="METHOD" missed="0" covered="1"/></method><method name="triangle" desc="(Ljava/util/List;Lorg/cugos/wkg/WKTReader$Var;Lorg/cugos/wkg/WKTReader$Var;)Lorg/cugos/wkg/Triangle;" line="378"><counter type="INSTRUCTION" missed="23" covered="39"/><counter type="BRANCH" missed="1" covered="1"/><counter type="LINE" missed="2" covered="4"/><counter type="COMPLEXITY" missed="1" covered="1"/><counter type="METHOD" missed="0" covered="1"/></method><counter type="INSTRUCTION" missed="25" covered="413"/><counter type="BRANCH" missed="2" covered="26"/><counter type="LINE" missed="2" covered="58"/><counter type="COMPLEXITY" missed="2" covered="25"/><counter type="METHOD" missed="0" covered="13"/><counter type="CLASS" missed="0" covered="1"/></class><class name="org/cugos/wkg/GeoPackage$Flag" sourcefilename="GeoPackage.java"><method name="&lt;init&gt;" desc="(Ljava/lang/String;IB)V" line="20"><counter type="INSTRUCTION" missed="0" covered="8"/><counter type="LINE" missed="0" covered="3"/><counter type="COMPLEXITY" missed="0" covered="1"/><counter type="METHOD" missed="0" covered="1"/></method><method name="getValue" desc="()B" line="25"><counter type="INSTRUCTION" missed="0" covered="3"/><counter type="LINE" missed="0" covered="1"/><counter type="COMPLEXITY" missed="0" covered="1"/><counter type="METHOD" missed="0" covered="1"/></method><method name="&lt;clinit&gt;" desc="()V" line="12"><counter type="INSTRUCTION" missed="0" covered="48"/><counter type="LINE" missed="0" covered="5"/><counter type="COMPLEXITY" missed="0" covered="1"/><counter type="METHOD" missed="0" covered="1"/></method><counter type="INSTRUCTION" missed="0" covered="59"/><counter type="LINE" missed="0" covered="9"/><counter type="COMPLEXITY" missed="0" covered="3"/><counter type="METHOD" missed="0" covered="3"/><counter type="CLASS" missed="0" covered="1"/></class><class name="org/cugos/wkg/Triangle" sourcefilename="Triangle.java"><method name="&lt;init&gt;" desc="(Lorg/cugos/wkg/LinearRing;Ljava/util/List;Lorg/cugos/wkg/Dimension;)V" line="19"><counter type="INSTRUCTION" missed
[...]
cb="0"/><line nr="3318" mi="0" ci="2" mb="0" cb="0"/><line nr="3320" mi="0" ci="2" mb="0" cb="0"/><line nr="3326" mi="0" ci="4" mb="0" cb="0"/><line nr="3329" mi="6" ci="0" mb="0" cb="0"/><line nr="3331" mi="4" ci="0" mb="0" cb="0"/><line nr="3333" mi="5" ci="0" mb="0" cb="0"/><line nr="3336" mi="0" ci="4" mb="0" cb="0"/><line nr="3337" mi="0" ci="1" mb="0" cb="0"/><line nr="3338" mi="2" ci="0" mb="0" cb="0"/><line nr="3341" mi="0" ci="7" mb="1" cb="1"/><line nr="3342" mi="0" ci="1" mb="0" cb="0"/><line nr="3345" mi="0" ci="7" mb="1" cb="1"/><line nr="3346" mi="0" ci="1" mb="0" cb="0"/><line nr="3349" mi="8" ci="0" mb="2" cb="0"/><line nr="3350" mi="4" ci="0" mb="0" cb="0"/><line nr="3355" mi="0" ci="8" mb="0" cb="0"/><line nr="3356" mi="0" ci="5" mb="0" cb="0"/><line nr="3360" mi="0" ci="4" mb="0" cb="0"/><line nr="3362" mi="0" ci="3" mb="0" cb="0"/><line nr="3363" mi="0" ci="4" mb="0" cb="0"/><line nr="3364" mi="0" ci="3" mb="0" cb="0"/><line nr="3365" mi="0" ci="4" mb="0" cb="0"/><line nr="3366" mi="0" ci="10" mb="0" cb="0"/><line nr="3367" mi="2" ci="3" mb="3" cb="1"/><line nr="3368" mi="3" ci="0" mb="2" cb="0"/><line nr="3371" mi="3" ci="0" mb="0" cb="0"/><line nr="3372" mi="4" ci="0" mb="0" cb="0"/><line nr="3376" mi="3" ci="0" mb="0" cb="0"/><line nr="3377" mi="4" ci="0" mb="0" cb="0"/><line nr="3378" mi="11" ci="0" mb="0" cb="0"/><line nr="3380" mi="0" ci="3" mb="0" cb="0"/><line nr="3381" mi="0" ci="3" mb="0" cb="0"/><line nr="3382" mi="0" ci="3" mb="0" cb="0"/><line nr="3383" mi="0" ci="4" mb="0" cb="0"/><line nr="3384" mi="0" ci="5" mb="0" cb="0"/><line nr="3385" mi="0" ci="3" mb="1" cb="1"/><line nr="3388" mi="3" ci="0" mb="0" cb="0"/><line nr="3389" mi="4" ci="0" mb="0" cb="0"/><line nr="3392" mi="3" ci="0" mb="0" cb="0"/><line nr="3393" mi="4" ci="0" mb="0" cb="0"/><line nr="3394" mi="6" ci="0" mb="0" cb="0"/><line nr="3396" mi="0" ci="3" mb="0" cb="0"/><line nr="3397" mi="0" ci="4" mb="0" cb="0"/><line nr="3398" mi="0" ci="3" mb="0" cb="0"/><line nr="3399" mi="0" ci="4" mb="0" cb="0"/><line nr="3400" mi="0" ci="10" mb="0" cb="0"/><line nr="3401" mi="0" ci="5" mb="1" cb="3"/><line nr="3402" mi="0" ci="3" mb="1" cb="1"/><line nr="3405" mi="0" ci="3" mb="0" cb="0"/><line nr="3406" mi="0" ci="4" mb="0" cb="0"/><line nr="3407" mi="0" ci="5" mb="0" cb="0"/><line nr="3408" mi="0" ci="3" mb="1" cb="1"/><line nr="3411" mi="3" ci="0" mb="0" cb="0"/><line nr="3412" mi="4" ci="0" mb="0" cb="0"/><line nr="3415" mi="3" ci="0" mb="0" cb="0"/><line nr="3416" mi="4" ci="0" mb="0" cb="0"/><line nr="3417" mi="6" ci="0" mb="0" cb="0"/><line nr="3419" mi="0" ci="3" mb="0" cb="0"/><line nr="3420" mi="0" ci="4" mb="0" cb="0"/><line nr="3421" mi="0" ci="3" mb="0" cb="0"/><line nr="3422" mi="0" ci="4" mb="0" cb="0"/><line nr="3423" mi="0" ci="5" mb="0" cb="0"/><line nr="3424" mi="0" ci="3" mb="0" cb="2"/><line nr="3427" mi="0" ci="3" mb="0" cb="0"/><line nr="3428" mi="0" ci="4" mb="0" cb="0"/><line nr="3431" mi="0" ci="3" mb="0" cb="0"/><line nr="3432" mi="0" ci="4" mb="0" cb="0"/><line nr="3433" mi="0" ci="6" mb="0" cb="0"/><line nr="3435" mi="0" ci="3" mb="0" cb="0"/><line nr="3436" mi="0" ci="4" mb="0" cb="0"/><line nr="3437" mi="0" ci="3" mb="0" cb="0"/><line nr="3438" mi="0" ci="4" mb="0" cb="0"/><line nr="3439" mi="0" ci="10" mb="0" cb="0"/><line nr="3440" mi="2" ci="3" mb="3" cb="1"/><line nr="3441" mi="3" ci="0" mb="2" cb="0"/><line nr="3444" mi="3" ci="0" mb="0" cb="0"/><line nr="3445" mi="4" ci="0" mb="0" cb="0"/><line nr="3449" mi="3" ci="0" mb="0" cb="0"/><line nr="3450" mi="4" ci="0" mb="0" cb="0"/><line nr="3451" mi="11" ci="0" mb="0" cb="0"/><line nr="3453" mi="0" ci="3" mb="0" cb="0"/><line nr="3454" mi="0" ci="3" mb="0" cb="0"/><line nr="3455" mi="0" ci="3" mb="0" cb="0"/><line nr="3456" mi="0" ci="4" mb="0" cb="0"/><line nr="3457" mi="0" ci="5" mb="0" cb="0"/><line nr="3458" mi="0" ci="3" mb="1" cb="1"/><line nr="3461" mi="3" ci="0" mb="0" cb="0"/><line nr="3462" mi="4" ci="0" mb="0" cb="0"/><line nr="3465" mi="3" ci="0" mb="0" cb="0"/><line nr="3466" mi="4" ci="0" mb="0" cb="0"/><line nr="3467" mi="6" ci="0" mb="0" cb="0"/><line nr="3469" mi="0" ci="3" mb="0" cb="0"/><line nr="3470" mi="0" ci="4" mb="0" cb="0"/><line nr="3474" mi="0" ci="3" mb="0" cb="0"/><line nr="3475" mi="0" ci="4" mb="0" cb="0"/><line nr="3476" mi="0" ci="11" mb="0" cb="0"/><line nr="3480" mi="1" ci="0" mb="0" cb="0"/><line nr="3481" mi="3" ci="0" mb="0" cb="0"/><line nr="3482" mi="5" ci="0" mb="0" cb="0"/><line nr="3483" mi="5" ci="0" mb="0" cb="0"/><line nr="3486" mi="0" ci="2" mb="0" cb="0"/><line nr="3488" mi="0" ci="2" mb="0" cb="0"/><line nr="3494" mi="0" ci="4" mb="0" cb="0"/><line nr="3497" mi="6" ci="0" mb="0" cb="0"/><line nr="3499" mi="4" ci="0" mb="0" cb="0"/><line nr="3501" mi="5" ci="0" mb="0" cb="0"/><line nr="3504" mi="0" ci="4" mb="0" cb="0"/><line nr="3505" mi="0" ci="1" mb="0" cb="0"/><line nr="3506" mi="2" ci="0" mb="0" cb="0"/><line nr="3509" mi="0" ci="7" mb="1" cb="1"/><line nr="3510" mi="0" ci="1" mb="0" cb="0"/><line nr="3513" mi="0" ci="7" mb="1" cb="1"/><line nr="3514" mi="0" ci="1" mb="0" cb="0"/><line nr="3517" mi="8" ci="0" mb="2" cb="0"/><line nr="3518" mi="4" ci="0" mb="0" cb="0"/><line nr="3523" mi="0" ci="8" mb="0" cb="0"/><line nr="3524" mi="0" ci="5" mb="0" cb="0"/><line nr="3527" mi="0" ci="4" mb="0" cb="0"/><line nr="3529" mi="0" ci="3" mb="0" cb="0"/><line nr="3530" mi="0" ci="4" mb="0" cb="0"/><line nr="3531" mi="0" ci="3" mb="0" cb="0"/><line nr="3532" mi="0" ci="4" mb="0" cb="0"/><line nr="3533" mi="0" ci="5" mb="0" cb="0"/><line nr="3534" mi="0" ci="3" mb="1" cb="1"/><line nr="3537" mi="3" ci="0" mb="0" cb="0"/><line nr="3538" mi="4" ci="0" mb="0" cb="0"/><line nr="3541" mi="3" ci="0" mb="0" cb="0"/><line nr="3542" mi="4" ci="0" mb="0" cb="0"/><line nr="3543" mi="6" ci="0" mb="0" cb="0"/><line nr="3545" mi="0" ci="3" mb="0" cb="0"/><line nr="3546" mi="0" ci="3" mb="0" cb="0"/><line nr="3547" mi="0" ci="3" mb="0" cb="0"/><line nr="3548" mi="0" ci="4" mb="0" cb="0"/><line nr="3549" mi="0" ci="5" mb="0" cb="0"/><line nr="3550" mi="0" ci="3" mb="1" cb="1"/><line nr="3553" mi="3" ci="0" mb="0" cb="0"/><line nr="3554" mi="4" ci="0" mb="0" cb="0"/><line nr="3557" mi="3" ci="0" mb="0" cb="0"/><line nr="3558" mi="4" ci="0" mb="0" cb="0"/><line nr="3559" mi="6" ci="0" mb="0" cb="0"/><line nr="3561" mi="0" ci="3" mb="0" cb="0"/><line nr="3562" mi="0" ci="4" mb="0" cb="0"/><line nr="3563" mi="0" ci="3" mb="0" cb="0"/><line nr="3564" mi="0" ci="4" mb="0" cb="0"/><line nr="3565" mi="0" ci="5" mb="0" cb="0"/><line nr="3566" mi="0" ci="6" mb="1" cb="3"/><line nr="3569" mi="0" ci="3" mb="0" cb="0"/><line nr="3570" mi="0" ci="4" mb="0" cb="0"/><line nr="3571" mi="0" ci="5" mb="0" cb="0"/><line nr="3572" mi="0" ci="3" mb="1" cb="1"/><line nr="3575" mi="3" ci="0" mb="0" cb="0"/><line nr="3576" mi="4" ci="0" mb="0" cb="0"/><line nr="3579" mi="3" ci="0" mb="0" cb="0"/><line nr="3580" mi="4" ci="0" mb="0" cb="0"/><line nr="3581" mi="6" ci="0" mb="0" cb="0"/><line nr="3583" mi="0" ci="3" mb="0" cb="0"/><line nr="3584" mi="0" ci="4" mb="0" cb="0"/><line nr="3585" mi="0" ci="3" mb="0" cb="0"/><line nr="3586" mi="0" ci="4" mb="0" cb="0"/><line nr="3587" mi="0" ci="5" mb="0" cb="0"/><line nr="3588" mi="0" ci="3" mb="0" cb="2"/><line nr="3591" mi="0" ci="3" mb="0" cb="0"/><line nr="3592" mi="0" ci="4" mb="0" cb="0"/><line nr="3595" mi="0" ci="3" mb="0" cb="0"/><line nr="3596" mi="0" ci="4" mb="0" cb="0"/><line nr="3597" mi="0" ci="6" mb="0" cb="0"/><line nr="3599" mi="0" ci="3" mb="0" cb="0"/><line nr="3600" mi="0" ci="4" mb="0" cb="0"/><line nr="3601" mi="0" ci="3" mb="0" cb="0"/><line nr="3602" mi="0" ci="4" mb="0" cb="0"/><line nr="3603" mi="0" ci="5" mb="0" cb="0"/><line nr="3604" mi="0" ci="3" mb="1" cb="1"/><line nr="3607" mi="3" ci="0" mb="0" cb="0"/><line nr="3608" mi="4" ci="0" mb="0" cb="0"/><line nr="3611" mi="3" ci="0" mb="0" cb="0"/><line nr="3612" mi="4" ci="0" mb="0" cb="0"/><line nr="3613" mi="6" ci="0" mb="0" cb="0"/><line nr="3615" mi="0" ci="3" mb="0" cb="0"/><line nr="3616" mi="0" ci="3" mb="0" cb="0"/><line nr="3617" mi="0" ci="3" mb="0" cb="0"/><line nr="3618" mi="0" ci="4" mb="0" cb="0"/><line nr="3619" mi="0" ci="5" mb="0" cb="0"/><line nr="3620" mi="0" ci="3" mb="1" cb="1"/><line nr="3623" mi="3" ci="0" mb="0" cb="0"/><line nr="3624" mi="4" ci="0" mb="0" cb="0"/><line nr="3627" mi="3" ci="0" mb="0" cb="0"/><line nr="3628" mi="4" ci="0" mb="0" cb="0"/><line nr="3629" mi="6" ci="0" mb="0" cb="0"/><line nr="3631" mi="0" ci="3" mb="0" cb="0"/><line nr="3632" mi="0" ci="4" mb="0" cb="0"/><line nr="3635" mi="0" ci="3" mb="0" cb="0"/><line nr="3636" mi="0" ci="4" mb="0" cb="0"/><line nr="3637" mi="0" ci="6" mb="0" cb="0"/><line nr="3641" mi="1" ci="0" mb="0" cb="0"/><line nr="3642" mi="3" ci="0" mb="0" cb="0"/><line nr="3643" mi="5" ci="0" mb="0" cb="0"/><line nr="3644" mi="5" ci="0" mb="0" cb="0"/><line nr="3647" mi="0" ci="2" mb="0" cb="0"/><line nr="3649" mi="0" ci="2" mb="0" cb="0"/><line nr="3655" mi="4" ci="0" mb="0" cb="0"/><line nr="3656" mi="1" ci="0" mb="0" cb="0"/><line nr="3657" mi="2" ci="0" mb="0" cb="0"/><line nr="3660" mi="7" ci="0" mb="2" cb="0"/><line nr="3661" mi="1" ci="0" mb="0" cb="0"/><line nr="3664" mi="7" ci="0" mb="2" cb="0"/><line nr="3665" mi="1" ci="0" mb="0" cb="0"/><line nr="3668" mi="8" ci="0" mb="2" cb="0"/><line nr="3669" mi="4" ci="0" mb="0" cb="0"/><line nr="3674" mi="8" ci="0" mb="0" cb="0"/><line nr="3675" mi="5" ci="0" mb="0" cb="0"/><line nr="3677" mi="4" ci="0" mb="0" cb="0"/><line nr="3679" mi="3" ci="0" mb="0" cb="0"/><line nr="3680" mi="4" ci="0" mb="0" cb="0"/><line nr="3683" mi="1" ci="0" mb="0" cb="0"/><line nr="3684" mi="3" ci="0" mb="0" cb="0"/><line nr="3685" mi="5" ci="0" mb="0" cb="0"/><line nr="3686" mi="5" ci="0" mb="0" cb="0"/><line nr="3689" mi="2" ci="0" mb="0" cb="0"/><line nr="3691" mi="2" ci="0" mb="0" cb="0"/><line nr="3696" mi="0" ci="5" mb="0" cb="0"/><line nr="3698" mi="0" ci="4" mb="0" cb="0"/><line nr="3699" mi="0" ci="1" mb="0" cb="0"/><line nr="3700" mi="2" ci="0" mb="0" cb="0"/><line nr="3703" mi="0" ci="7" mb="1" cb="1"/><line nr="3704" mi="0" ci="1" mb="0" cb="0"/><line nr="3707" mi="0" ci="7" mb="1" cb="1"/><line nr="3708" mi="0" ci="1" mb="0" cb="0"/><line nr="3711" mi="8" ci="0" mb="2" cb="0"/><line nr="3712" mi="4" ci="0" mb="0" cb="0"/><line nr="3717" mi="0" ci="8" mb="0" cb="0"/><line nr="3718" mi="0" ci="5" mb="0" cb="0"/><line nr="3720" mi="0" ci="4" mb="0" cb="0"/><line nr="3722" mi="0" ci="3" mb="0" cb="0"/><line nr="3723" mi="0" ci="4" mb="0" cb="0"/><line nr="3724" mi="0" ci="3" mb="0" cb="0"/><line nr="3725" mi="0" ci="4" mb="0" cb="0"/><line nr="3726" mi="0" ci="3" mb="0" cb="0"/><line nr="3727" mi="0" ci="4" mb="0" cb="0"/><line nr="3730" mi="1" ci="0" mb="0" cb="0"/><line nr="3731" mi="3" ci="0" mb="0" cb="0"/><line nr="3732" mi="5" ci="0" mb="0" cb="0"/><line nr="3733" mi="5" ci="0" mb="0" cb="0"/><line nr="3736" mi="0" ci="2" mb="0" cb="0"/><line nr="3738" mi="0" ci="2" mb="0" cb="0"/><line nr="3743" mi="0" ci="5" mb="0" cb="0"/><line nr="3744" mi="0" ci="5" mb="0" cb="0"/><line nr="3745" mi="0" ci="5" mb="0" cb="0"/><line nr="3746" mi="4" ci="0" mb="0" cb="0"/><line nr="3748" mi="5" ci="0" mb="0" cb="0"/><line nr="3751" mi="0" ci="4" mb="0" cb="0"/><line nr="3752" mi="0" ci="1" mb="0" cb="0"/><line nr="3753" mi="2" ci="0" mb="0" cb="0"/><line nr="3756" mi="0" ci="7" mb="1" cb="1"/><line nr="3757" mi="0" ci="1" mb="0" cb="0"/><line nr="3760" mi="0" ci="7" mb="1" cb="1"/><line nr="3761" mi="0" ci="1" mb="0" cb="0"/><line nr="3764" mi="8" ci="0" mb="2" cb="0"/><line nr="3765" mi="4" ci="0" mb="0" cb="0"/><line nr="3770" mi="0" ci="8" mb="0" cb="0"/><line nr="3771" mi="0" ci="5" mb="0" cb="0"/><line nr="3775" mi="0" ci="4" mb="0" cb="0"/><line nr="3777" mi="0" ci="3" mb="0" cb="0"/><line nr="3778" mi="0" ci="4" mb="0" cb="0"/><line nr="3779" mi="0" ci="5" mb="0" cb="0"/><line nr="3780" mi="0" ci="3" mb="0" cb="2"/><line nr="3783" mi="0" ci="3" mb="0" cb="0"/><line nr="3784" mi="0" ci="4" mb="0" cb="0"/><line nr="3787" mi="0" ci="3" mb="0" cb="0"/><line nr="3788" mi="0" ci="4" mb="0" cb="0"/><line nr="3789" mi="0" ci="6" mb="0" cb="0"/><line nr="3791" mi="0" ci="3" mb="0" cb="0"/><line nr="3792" mi="0" ci="5" mb="0" cb="0"/><line nr="3793" mi="0" ci="12" mb="2" cb="2"/><line nr="3794" mi="6" ci="0" mb="0" cb="0"/><line nr="3797" mi="3" ci="6" mb="1" cb="1"/><line nr="3798" mi="0" ci="4" mb="0" cb="0"/><line nr="3799" mi="0" ci="3" mb="0" cb="0"/><line nr="3801" mi="0" ci="3" mb="0" cb="0"/><line nr="3802" mi="0" ci="4" mb="0" cb="0"/><line nr="3803" mi="0" ci="10" mb="0" cb="0"/><line nr="3804" mi="0" ci="5" mb="1" cb="3"/><line nr="3805" mi="0" ci="3" mb="1" cb="1"/><line nr="3808" mi="0" ci="3" mb="0" cb="0"/><line nr="3809" mi="0" ci="4" mb="0" cb="0"/><line nr="3813" mi="0" ci="3" mb="0" cb="0"/><line nr="3814" mi="0" ci="4" mb="0" cb="0"/><line nr="3815" mi="0" ci="11" mb="0" cb="0"/><line nr="3819" mi="1" ci="0" mb="0" cb="0"/><line nr="3820" mi="3" ci="0" mb="0" cb="0"/><line nr="3821" mi="5" ci="0" mb="0" cb="0"/><line nr="3822" mi="5" ci="0" mb="0" cb="0"/><line nr="3825" mi="0" ci="2" mb="0" cb="0"/><line nr="3827" mi="0" ci="2" mb="0" cb="0"/><line nr="4353" mi="0" ci="4" mb="0" cb="0"/><line nr="4354" mi="0" ci="3" mb="0" cb="0"/><line nr="4356" mi="0" ci="4" mb="0" cb="0"/><line nr="4357" mi="0" ci="8" mb="0" cb="2"/><line nr="4358" mi="0" ci="10" mb="0" cb="0"/><line nr="4360" mi="0" ci="1" mb="0" cb="0"/><counter type="INSTRUCTION" missed="2323" covered="5932"/><counter type="BRANCH" missed="243" covered="313"/><counter type="LINE" missed="535" covered="1459"/><counter type="COMPLEXITY" missed="378" covered="289"/><counter type="METHOD" missed="188" covered="183"/><counter type="CLASS" missed="1" covered="35"/></sourcefile><sourcefile name="WKTVisitor.java"/><sourcefile name="WKTBaseListener.java"><line nr="14" mi="0" ci="3" mb="0" cb="0"/><line nr="20" mi="0" ci="1" mb="0" cb="0"/><line nr="26" mi="0" ci="1" mb="0" cb="0"/><line nr="32" mi="0" ci="1" mb="0" cb="0"/><line nr="38" mi="1" ci="0" mb="0" cb="0"/><line nr="44" mi="0" ci="1" mb="0" cb="0"/><line nr="50" mi="1" ci="0" mb="0" cb="0"/><line nr="56" mi="0" ci="1" mb="0" cb="0"/><line nr="62" mi="1" ci="0" mb="0" cb="0"/><line nr="68" mi="0" ci="1" mb="0" cb="0"/><line nr="74" mi="1" ci="0" mb="0" cb="0"/><line nr="80" mi="0" ci="1" mb="0" cb="0"/><line nr="86" mi="1" ci="0" mb="0" cb="0"/><line nr="92" mi="0" ci="1" mb="0" cb="0"/><line nr="98" mi="1" ci="0" mb="0" cb="0"/><line nr="104" mi="0" ci="1" mb="0" cb="0"/><line nr="110" mi="1" ci="0" mb="0" cb="0"/><line nr="116" mi="0" ci="1" mb="0" cb="0"/><line nr="122" mi="1" ci="0" mb="0" cb="0"/><line nr="128" mi="0" ci="1" mb="0" cb="0"/><line nr="134" mi="1" ci="0" mb="0" cb="0"/><line nr="140" mi="0" ci="1" mb="0" cb="0"/><line nr="146" mi="1" ci="0" mb="0" cb="0"/><line nr="152" mi="0" ci="1" mb="0" cb="0"/><line nr="158" mi="1" ci="0" mb="0" cb="0"/><line nr="164" mi="0" ci="1" mb="0" cb="0"/><line nr="170" mi="0" ci="1" mb="0" cb="0"/><line nr="176" mi="0" ci="1" mb="0" cb="0"/><line nr="182" mi="0" ci="1" mb="0" cb="0"/><line nr="188" mi="0" ci="1" mb="0" cb="0"/><line nr="194" mi="1" ci="0" mb="0" cb="0"/><line nr="200" mi="0" ci="1" mb="0" cb="0"/><line nr="206" mi="0" ci="1" mb="0" cb="0"/><line nr="212" mi="0" ci="1" mb="0" cb="0"/><line nr="218" mi="0" ci="1" mb="0" cb="0"/><line nr="224" mi="0" ci="1" mb="0" cb="0"/><line nr="230" mi="1" ci="0" mb="0" cb="0"/><line nr="236" mi="0" ci="1" mb="0" cb="0"/><line nr="242" mi="0" ci="1" mb="0" cb="0"/><line nr="248" mi="0" ci="1" mb="0" cb="0"/><line nr="254" mi="0" ci="1" mb="0" cb="0"/><line nr="260" mi="0" ci="1" mb="0" cb="0"/><line nr="266" mi="1" ci="0" mb="0" cb="0"/><line nr="272" mi="0" ci="1" mb="0" cb="0"/><line nr="278" mi="0" ci="1" mb="0" cb="0"/><line nr="284" mi="0" ci="1" mb="0" cb="0"/><line nr="290" mi="0" ci="1" mb="0" cb="0"/><line nr="296" mi="0" ci="1" mb="0" cb="0"/><line nr="302" mi="1" ci="0" mb="0" cb="0"/><line nr="308" mi="0" ci="1" mb="0" cb="0"/><line nr="314" mi="0" ci="1" mb="0" cb="0"/><line nr="320" mi="0" ci="1" mb="0" cb="0"/><line nr="326" mi="0" ci="1" mb="0" cb="0"/><line nr="332" mi="0" ci="1" mb="0" cb="0"/><line nr="338" mi="0" ci="1" mb="0" cb="0"/><line nr="344" mi="0" ci="1" mb="0" cb="0"/><line nr="350" mi="0" ci="1" mb="0" cb="0"/><line nr="356" mi="0" ci="1" mb="0" cb="0"/><line nr="362" mi="0" ci="1" mb="0" cb="0"/><line nr="368" mi="0" ci="1" mb="0" cb="0"/><line nr="374" mi="0" ci="1" mb="0" cb="0"/><line nr="380" mi="0" ci="1" mb="0" cb="0"/><line nr="386" mi="0" ci="1" mb="0" cb="0"/><line nr="392" mi="0" ci="1" mb="0" cb="0"/><line nr="398" mi="0" ci="1" mb="0" cb="0"/><line nr="404" mi="1" ci="0" mb="0" cb="0"/><line nr="410" mi="1" ci="0" mb="0" cb="0"/><line nr="416" mi="0" ci="1" mb="0" cb="0"/><line nr="422" mi="1" ci="0" mb="0" cb="0"/><line nr="428" mi="0" ci="1" mb="0" cb="0"/><line nr="434" mi="1" ci="0" mb="0" cb="0"/><line nr="441" mi="0" ci="1" mb="0" cb="0"/><line nr="447" mi="0" ci="1" mb="0" cb="0"/><line nr="453" mi="0" ci="1" mb="0" cb="0"/><line nr="459" mi="1" ci="0" mb="0" cb="0"/><counter type="INSTRUCTION" missed="20" covered="57"/><counter type="LINE" missed="20" covered="55"/><counter type="COMPLEXITY" missed="20" covered="55"/><counter type="METHOD" missed="20" covered="55"/><counter type="CLASS" missed="0" covered="1"/></sourcefile><sourcefile name="JSONListener.java"/><sourcefile name="JSONVisitor.java"/><sourcefile name="JSONLexer.java"><line nr="14" mi="0" ci="3" mb="0" cb="0"/><line nr="17" mi="0" ci="4" mb="0" cb="0"/><line nr="22" mi="0" ci="11" mb="0" cb="0"/><line nr="26" mi="0" ci="7" mb="0" cb="0"/><line nr="31" mi="0" ci="71" mb="0" cb="0"/><line nr="36" mi="0" ci="2" mb="0" cb="0"/><line nr="39" mi="0" ci="43" mb="0" cb="0"/><line nr="44" mi="0" ci="2" mb="0" cb="0"/><line nr="46" mi="0" ci="55" mb="0" cb="0"/><line nr="51" mi="0" ci="2" mb="0" cb="0"/><line nr="52" mi="0" ci="6" mb="0" cb="0"/><line nr="60" mi="0" ci="4" mb="0" cb="0"/><line nr="61" mi="0" ci="8" mb="0" cb="2"/><line nr="62" mi="0" ci="6" mb="0" cb="0"/><line nr="63" mi="0" ci="4" mb="0" cb="2"/><line nr="64" mi="0" ci="6" mb="0" cb="0"/><line nr="67" mi="0" ci="4" mb="0" cb="2"/><line nr="68" mi="0" ci="4" mb="0" cb="0"/><line nr="76" mi="2" ci="0" mb="0" cb="0"/><line nr="82" mi="2" ci="0" mb="0" cb="0"/><line nr="87" mi="0" ci="3" mb="0" cb="0"/><line nr="88" mi="0" ci="9" mb="0" cb="0"/><line nr="89" mi="0" ci="1" mb="0" cb="0"/><line nr="92" mi="2" ci="0" mb="0" cb="0"/><line nr="95" mi="2" ci="0" mb="0" cb="0"/><line nr="98" mi="2" ci="0" mb="0" cb="0"/><line nr="101" mi="2" ci="0" mb="0" cb="0"/><line nr="104" mi="2" ci="0" mb="0" cb="0"/><line nr="107" mi="2" ci="0" mb="0" cb="0"/><line nr="189" mi="0" ci="4" mb="0" cb="0"/><line nr="190" mi="0" ci="3" mb="0" cb="0"/><line nr="192" mi="0" ci="4" mb="0" cb="0"/><line nr="193" mi="0" ci="8" mb="0" cb="2"/><line nr="194" mi="0" ci="10" mb="0" cb="0"/><line nr="196" mi="0" ci="1" mb="0" cb="0"/><counter type="INSTRUCTION" missed="16" covered="285"/><counter type="BRANCH" missed="0" covered="8"/><counter type="LINE" missed="8" covered="27"/><counter type="COMPLEXITY" missed="8" covered="9"/><counter type="METHOD" missed="8" covered="5"/><counter type="CLASS" missed="0" covered="1"/></sourcefile><counter type="INSTRUCTION" missed="2777" covered="7455"/><counter type="BRANCH" missed="270" covered="358"/><counter type="LINE" missed="680" covered="1739"/><counter type="COMPLEXITY" missed="502" covered="415"/><counter type="METHOD" missed="290" covered="291"/><counter type="CLASS" missed="3" covered="45"/></package><counter type="INSTRUCTION" missed="3475" covered="17305"/><counter type="BRANCH" missed="424" covered="1268"/><counter type="LINE" missed="813" covered="3818"/><counter type="COMPLEXITY" missed="688" covered="1194"/><counter type="METHOD" missed="336" covered="678"/><counter type="CLASS" missed="4" covered="95"/></report>